/home/yunhui/anaconda2/lib/python2.7/site-packages/torchvision/transforms/transforms.py:563: UserWarning: The use of the transforms.RandomSizedCrop transform is deprecated, please use transforms.RandomResizedCrop instead.
  "please use transforms.RandomResizedCrop instead.")
/home/yunhui/anaconda2/lib/python2.7/site-packages/torchvision/transforms/transforms.py:188: UserWarning: The use of the transforms.Scale transform is deprecated, please use transforms.Resize instead.
  "please use transforms.Resize instead.")
./filelists/CUB/novel.json
0
train
100.0
teacher
78.6666666667
time
15.3754980564


1
train
100.0
teacher
74.6666666667
time
14.5900118351


2
train
100.0
teacher
73.3333333333
time
14.5660920143


3
train
100.0
teacher
66.6666666667
time
14.591342926


4
train
100.0
teacher
77.3333333333
time
14.6519429684


5
train
100.0
teacher
57.3333333333
time
15.3843541145


6
train
100.0
teacher
72.0
time
14.7236478329


7
train
100.0
teacher
57.3333333333
time
14.639496088


8
train
100.0
teacher
82.6666666667
time
14.566286087


9
train
100.0
teacher
69.3333333333
time
14.6530079842


10
train
100.0
teacher
76.0
time
14.5988738537


11
train
100.0
teacher
73.3333333333
time
14.7253780365


12
train
100.0
teacher
60.0
time
14.822753191


13
train
100.0
teacher
74.6666666667
time
14.5730440617


14
train
100.0
teacher
68.0
time
14.8580031395


15
train
100.0
teacher
78.6666666667
time
15.0792682171


16
train
100.0
teacher
70.6666666667
time
14.8009641171


17
train
100.0
teacher
84.0
time
16.1202690601


18
train
100.0
teacher
68.0
time
14.8247060776


19
train
100.0
teacher
77.3333333333
time
14.5788390636


20
train
100.0
teacher
52.0
time
14.6401147842


21
train
100.0
teacher
60.0
time
14.6888771057


22
train
100.0
teacher
72.0
time
14.6045620441


23
train
100.0
teacher
66.6666666667
time
14.6581039429


24
train
100.0
teacher
61.3333333333
time
14.9086229801


25
train
100.0
teacher
69.3333333333
time
14.6869468689


26
train
100.0
teacher
77.3333333333
time
14.5860950947


27
train
100.0
teacher
73.3333333333
time
17.516741991


28
train
100.0
teacher
66.6666666667
time
14.8245699406


29
train
100.0
teacher
62.6666666667
time
14.5951611996


30
train
100.0
teacher
56.0
time
14.7311649323


31
train
100.0
teacher
72.0
time
14.7522768974


32
train
100.0
teacher
89.3333333333
time
14.6229829788


33
train
100.0
teacher
56.0
time
14.6731798649


34
train
100.0
teacher
66.6666666667
time
14.6779279709


35
train
100.0
teacher
65.3333333333
time
14.6267778873


36
train
100.0
teacher
60.0
time
14.7040338516


37
train
100.0
teacher
66.6666666667
time
14.9893538952


38
train
100.0
teacher
66.6666666667
time
14.4057838917


39
train
100.0
teacher
65.3333333333
time
14.5606980324


40
train
100.0
teacher
57.3333333333
time
14.6156158447


41
train
100.0
teacher
64.0
time
14.4827289581


42
train
100.0
teacher
57.3333333333
time
14.8627920151


43
train
100.0
teacher
64.0
time
14.7055220604


44
train
100.0
teacher
62.6666666667
time
14.6631770134


45
train
100.0
teacher
74.6666666667
time
14.7779381275


46
train
100.0
teacher
61.3333333333
time
14.8878931999


47
train
100.0
teacher
73.3333333333
time
14.518034935


48
train
100.0
teacher
66.6666666667
time
14.7477560043


49
train
100.0
teacher
76.0
time
14.4184219837


50
train
100.0
teacher
65.3333333333
time
14.8704378605


51
train
100.0
teacher
68.0
time
14.7556500435


52
train
100.0
teacher
82.6666666667
time
14.7402069569


53
train
100.0
teacher
72.0
time
14.784735918


54
train
100.0
teacher
44.0
time
14.698982954


55
train
100.0
teacher
73.3333333333
time
14.5077500343


56
train
100.0
teacher
82.6666666667
time
14.5094270706


57
train
100.0
teacher
66.6666666667
time
14.6556818485


58
train
100.0
teacher
58.6666666667
time
15.5676460266


59
train
100.0
teacher
68.0
time
14.9762620926


60
train
100.0
teacher
77.3333333333
time
14.7074658871


61
train
100.0
teacher
62.6666666667
time
15.0869851112


62
train
100.0
teacher
85.3333333333
time
14.857886076


63
train
100.0
teacher
68.0
time
14.6984229088


64
train
100.0
teacher
68.0
time
14.7038340569


65
train
100.0
teacher
58.6666666667
time
14.755685091


66
train
100.0
teacher
58.6666666667
time
14.8696129322


67
train
100.0
teacher
60.0
time
16.5217080116


68
train
100.0
teacher
68.0
time
15.0540509224


69
train
100.0
teacher
81.3333333333
time
14.8012831211


70
train
100.0
teacher
66.6666666667
time
14.7812108994


71
train
100.0
teacher
73.3333333333
time
14.8702509403


72
train
100.0
teacher
64.0
time
14.7512388229


73
train
100.0
teacher
77.3333333333
time
14.8020479679


74
train
100.0
teacher
65.3333333333
time
14.8482048512


75
train
100.0
teacher
73.3333333333
time
14.8363699913


76
train
100.0
teacher
69.3333333333
time
14.8804638386


77
train
100.0
teacher
70.6666666667
time
14.7369289398


78
train
100.0
teacher
77.3333333333
time
15.1705300808


79
train
100.0
teacher
61.3333333333
time
14.5726108551


80
train
100.0
teacher
72.0
time
15.0381641388


81
train
100.0
teacher
80.0
time
14.8225369453


82
train
100.0
teacher
92.0
time
14.9948458672


83
train
100.0
teacher
54.6666666667
time
14.9806599617


84
train
100.0
teacher
74.6666666667
time
14.8952968121


85
train
100.0
teacher
56.0
time
15.1655578613


86
train
100.0
teacher
77.3333333333
time
14.741765976


87
train
100.0
teacher
76.0
time
14.5899808407


88
train
100.0
teacher
70.6666666667
time
15.0301380157


89
train
100.0
teacher
74.6666666667
time
14.8406040668


90
train
100.0
teacher
73.3333333333
time
14.7512350082


91
train
100.0
teacher
64.0
time
15.3009929657


92
train
100.0
teacher
53.3333333333
time
15.0599989891


93
train
100.0
teacher
68.0
time
14.9431710243


94
train
100.0
teacher
72.0
time
14.6889269352


95
train
100.0
teacher
66.6666666667
time
15.0663480759


96
train
100.0
teacher
61.3333333333
time
14.1592509747


97
train
100.0
teacher
69.3333333333
time
14.6836130619


98
train
100.0
teacher
65.3333333333
time
14.7599389553


99
train
100.0
teacher
80.0
time
15.025151968


100
train
100.0
teacher
53.3333333333
time
14.7045052052


101
train
100.0
teacher
70.6666666667
time
14.8202288151


102
train
100.0
teacher
60.0
time
14.6959421635


103
train
100.0
teacher
80.0
time
14.8540949821


104
train
100.0
teacher
65.3333333333
time
14.9186940193


105
train
100.0
teacher
72.0
time
14.9507870674


106
train
100.0
teacher
69.3333333333
time
14.7083251476


107
train
100.0
teacher
62.6666666667
time
14.7424850464


108
train
100.0
teacher
76.0
time
14.6164870262


109
train
100.0
teacher
80.0
time
14.838643074


110
train
100.0
teacher
68.0
time
15.0433061123


111
train
100.0
teacher
72.0
time
14.8390538692


112
train
100.0
teacher
69.3333333333
time
14.9173579216


113
train
100.0
teacher
68.0
time
14.7175009251


114
train
100.0
teacher
84.0
time
15.1178588867


115
train
100.0
teacher
70.6666666667
time
14.7048180103


116
train
100.0
teacher
80.0
time
15.4491970539


117
train
100.0
teacher
65.3333333333
time
15.6906859875


118
train
100.0
teacher
53.3333333333
time
15.2244091034


119
train
100.0
teacher
57.3333333333
time
15.2975769043


120
train
100.0
teacher
72.0
time
14.9453217983


121
train
100.0
teacher
56.0
time
15.2626831532


122
train
100.0
teacher
60.0
time
15.2238647938


123
train
100.0
teacher
65.3333333333
time
14.9034831524


124
train
100.0
teacher
53.3333333333
time
14.6245241165


125
train
100.0
teacher
61.3333333333
time
15.0078110695


126
train
100.0
teacher
58.6666666667
time
14.6565577984


127
train
100.0
teacher
70.6666666667
time
14.6985919476


128
train
100.0
teacher
74.6666666667
time
15.1767840385


129
train
100.0
teacher
72.0
time
14.6559410095


130
train
100.0
teacher
65.3333333333
time
14.6295940876


131
train
100.0
teacher
74.6666666667
time
14.7562971115


132
train
100.0
teacher
64.0
time
14.7175989151


133
train
100.0
teacher
69.3333333333
time
14.898704052


134
train
100.0
teacher
66.6666666667
time
14.6050889492


135
train
100.0
teacher
81.3333333333
time
14.7147448063


136
train
100.0
teacher
70.6666666667
time
14.4479811192


137
train
100.0
teacher
68.0
time
15.2031009197


138
train
100.0
teacher
76.0
time
15.2331008911


139
train
100.0
teacher
74.6666666667
time
15.713973999


140
train
100.0
teacher
62.6666666667
time
14.9033269882


141
train
100.0
teacher
72.0
time
14.862776041


142
train
100.0
teacher
82.6666666667
time
14.7242047787


143
train
100.0
teacher
64.0
time
14.6016759872


144
train
100.0
teacher
60.0
time
14.7323040962


145
train
100.0
teacher
60.0
time
14.6941769123


146
train
100.0
teacher
36.0
time
14.6268091202


147
train
100.0
teacher
56.0
time
14.8458280563


148
train
100.0
teacher
57.3333333333
time
14.9197170734


149
train
100.0
teacher
72.0
time
16.1796429157


150
train
100.0
teacher
76.0
time
17.8629000187


151
train
100.0
teacher
70.6666666667
time
16.3753778934


152
train
100.0
teacher
66.6666666667
time
15.0517380238


153
train
100.0
teacher
66.6666666667
time
14.5774250031


154
train
100.0
teacher
66.6666666667
time
14.9298169613


155
train
100.0
teacher
78.6666666667
time
14.7518360615


156
train
100.0
teacher
56.0
time
14.78926301


157
train
100.0
teacher
69.3333333333
time
14.8759939671


158
train
100.0
teacher
56.0
time
14.7402789593


159
train
100.0
teacher
62.6666666667
time
15.0121510029


160
train
100.0
teacher
56.0
time
14.9878268242


161
train
100.0
teacher
58.6666666667
time
14.8822829723


162
train
100.0
teacher
81.3333333333
time
15.4948279858


163
train
100.0
teacher
70.6666666667
time
14.8791670799


164
train
100.0
teacher
58.6666666667
time
14.8385109901


165
train
100.0
teacher
66.6666666667
time
16.2003810406


166
train
100.0
teacher
68.0
time
14.896271944


167
train
100.0
teacher
72.0
time
14.6318850517


168
train
100.0
teacher
76.0
time
14.7205569744


169
train
100.0
teacher
57.3333333333
time
14.5406959057


170
train
100.0
teacher
74.6666666667
time
14.8444690704


171
train
100.0
teacher
69.3333333333
time
15.0006599426


172
train
100.0
teacher
62.6666666667
time
14.7587780952


173
train
100.0
teacher
76.0
time
16.6308410168


174
train
100.0
teacher
74.6666666667
time
15.138078928


175
train
100.0
teacher
74.6666666667
time
14.897603035


176
train
100.0
teacher
57.3333333333
time
14.5727880001


177
train
100.0
teacher
52.0
time
14.7340550423


178
train
100.0
teacher
69.3333333333
time
15.0501630306


179
train
100.0
teacher
69.3333333333
time
14.9257199764


180
train
100.0
teacher
62.6666666667
time
14.8219738007


181
train
100.0
teacher
82.6666666667
time
14.5836758614


182
train
100.0
teacher
48.0
time
14.9209260941


183
train
100.0
teacher
72.0
time
14.8624761105


184
train
100.0
teacher
76.0
time
14.7232689857


185
train
100.0
teacher
72.0
time
14.9037811756


186
train
100.0
teacher
74.6666666667
time
14.905880928


187
train
100.0
teacher
66.6666666667
time
14.9435329437


188
train
100.0
teacher
74.6666666667
time
14.5954749584


189
train
100.0
teacher
74.6666666667
time
14.637542963


190
train
100.0
teacher
61.3333333333
time
14.7795119286


191
train
100.0
teacher
82.6666666667
time
14.7626562119


192
train
100.0
teacher
65.3333333333
time
14.5626711845


193
train
100.0
teacher
77.3333333333
time
14.6301090717


194
train
100.0
teacher
57.3333333333
time
14.7313158512


195
train
100.0
teacher
88.0
time
14.9146709442


196
train
100.0
teacher
70.6666666667
time
14.8949761391


197
train
100.0
teacher
48.0
time
14.6489059925


198
train
100.0
teacher
78.6666666667
time
14.905164957


199
train
100.0
teacher
69.3333333333
time
14.626709938


200
train
100.0
teacher
66.6666666667
time
14.9022510052


201
train
100.0
teacher
64.0
time
16.9977760315


202
train
100.0
teacher
70.6666666667
time
14.647580862


203
train
100.0
teacher
80.0
time
14.7896161079


204
train
100.0
teacher
84.0
time
14.6861460209


205
train
100.0
teacher
92.0
time
14.5922591686


206
train
100.0
teacher
65.3333333333
time
14.8518629074


207
train
100.0
teacher
77.3333333333
time
14.8360900879


208
train
100.0
teacher
82.6666666667
time
14.7904491425


209
train
100.0
teacher
70.6666666667
time
14.7131159306


210
train
100.0
teacher
66.6666666667
time
14.5115089417


211
train
100.0
teacher
76.0
time
15.0580320358


212
train
100.0
teacher
56.0
time
14.8417131901


213
train
100.0
teacher
60.0
time
14.9657080173


214
train
100.0
teacher
73.3333333333
time
14.9113349915


215
train
100.0
teacher
52.0
time
14.7927839756


216
train
100.0
teacher
81.3333333333
time
15.109899044


217
train
100.0
teacher
70.6666666667
time
15.033716917


218
train
100.0
teacher
66.6666666667
time
14.9577620029


219
train
100.0
teacher
82.6666666667
time
15.1281599998


220
train
100.0
teacher
68.0
time
16.0074570179


221
train
100.0
teacher
54.6666666667
time
16.1250238419


222
train
100.0
teacher
61.3333333333
time
15.5956830978


223
train
100.0
teacher
69.3333333333
time
14.8523349762


224
train
100.0
teacher
62.6666666667
time
15.0732750893


225
train
100.0
teacher
70.6666666667
time
14.8860220909


226
train
100.0
teacher
76.0
time
14.7355110645


227
train
100.0
teacher
73.3333333333
time
16.0484690666


228
train
100.0
teacher
64.0
time
14.7755799294


229
train
100.0
teacher
64.0
time
14.7246441841


230
train
100.0
teacher
70.6666666667
time
14.7083640099


231
train
100.0
teacher
65.3333333333
time
14.7930719852


232
train
100.0
teacher
69.3333333333
time
15.1077530384


233
train
100.0
teacher
70.6666666667
time
14.7873589993


234
train
100.0
teacher
74.6666666667
time
14.8739879131


235
train
100.0
teacher
74.6666666667
time
14.7273831367


236
train
100.0
teacher
86.6666666667
time
15.2536799908


237
train
100.0
teacher
65.3333333333
time
14.9558680058


238
train
100.0
teacher
48.0
time
14.7025160789


239
train
100.0
teacher
52.0
time
14.9991989136


240
train
100.0
teacher
61.3333333333
time
14.8630359173


241
train
100.0
teacher
66.6666666667
time
14.5922238827


242
train
100.0
teacher
62.6666666667
time
15.1729140282


243
train
100.0
teacher
56.0
time
15.0516531467


244
train
100.0
teacher
86.6666666667
time
14.7848770618


245
train
100.0
teacher
68.0
time
14.8615670204


246
train
100.0
teacher
68.0
time
14.8768720627


247
train
100.0
teacher
49.3333333333
time
14.9469969273


248
train
100.0
teacher
81.3333333333
time
14.8987071514


249
train
100.0
teacher
58.6666666667
time
15.1976139545


250
train
100.0
teacher
61.3333333333
time
14.8320589066


251
train
100.0
teacher
77.3333333333
time
14.8323121071


252
train
100.0
teacher
69.3333333333
time
14.7565209866


253
train
100.0
teacher
58.6666666667
time
14.7615520954


254
train
100.0
teacher
60.0
time
14.7396509647


255
train
100.0
teacher
84.0
time
14.8200838566


256
train
100.0
teacher
58.6666666667
time
15.0047631264


257
train
100.0
teacher
72.0
time
15.6181228161


258
train
100.0
teacher
78.6666666667
time
14.8126618862


259
train
100.0
teacher
50.6666666667
time
14.6175260544


260
train
100.0
teacher
60.0
time
15.0050067902


261
train
100.0
teacher
57.3333333333
time
14.4594659805


262
train
100.0
teacher
76.0
time
14.6100158691


263
train
100.0
teacher
65.3333333333
time
14.4768030643


264
train
100.0
teacher
74.6666666667
time
16.6367089748


265
train
100.0
teacher
64.0
time
14.5700309277


266
train
100.0
teacher
58.6666666667
time
14.6226899624


267
train
100.0
teacher
78.6666666667
time
14.6559939384


268
train
100.0
teacher
81.3333333333
time
14.6539831161


269
train
100.0
teacher
68.0
time
14.794465065


270
train
100.0
teacher
81.3333333333
time
15.0572240353


271
train
100.0
teacher
62.6666666667
time
14.8503320217


272
train
100.0
teacher
60.0
time
14.9251618385


273
train
100.0
teacher
85.3333333333
time
14.7527968884


274
train
100.0
teacher
73.3333333333
time
15.2281279564


275
train
100.0
teacher
70.6666666667
time
14.9174349308


276
train
100.0
teacher
74.6666666667
time
14.788807869


277
train
100.0
teacher
61.3333333333
time
14.8217339516


278
train
100.0
teacher
74.6666666667
time
14.7837369442


279
train
100.0
teacher
65.3333333333
time
14.7703819275


280
train
100.0
teacher
78.6666666667
time
14.9929180145


281
train
100.0
teacher
68.0
time
14.884319067


282
train
100.0
teacher
77.3333333333
time
14.9212958813


283
train
100.0
teacher
81.3333333333
time
14.939106226


284
train
100.0
teacher
70.6666666667
time
15.0599281788


285
train
100.0
teacher
78.6666666667
time
14.8762629032


286
train
100.0
teacher
58.6666666667
time
14.7961950302


287
train
100.0
teacher
68.0
time
14.9567101002


288
train
100.0
teacher
74.6666666667
time
14.723290205


289
train
100.0
teacher
69.3333333333
time
15.0697259903


290
train
100.0
teacher
77.3333333333
time
14.8032479286


291
train
100.0
teacher
58.6666666667
time
14.7889759541


292
train
100.0
teacher
73.3333333333
time
14.8134450912


293
train
100.0
teacher
78.6666666667
time
14.6774761677


294
train
100.0
teacher
57.3333333333
time
14.7640459538


295
train
100.0
teacher
68.0
time
14.7347779274


296
train
100.0
teacher
69.3333333333
time
14.8103630543


297
train
100.0
teacher
78.6666666667
time
14.7597029209


298
train
100.0
teacher
60.0
time
14.7160279751


299
train
100.0
teacher
74.6666666667
time
14.8289649487


300
train
100.0
teacher
76.0
time
14.6959071159


301
train
100.0
teacher
76.0
time
14.7861158848


302
train
100.0
teacher
76.0
time
14.7324678898


303
train
100.0
teacher
65.3333333333
time
14.8632099628


304
train
100.0
teacher
77.3333333333
time
14.7027299404


305
train
100.0
teacher
69.3333333333
time
15.4389169216


306
train
100.0
teacher
58.6666666667
time
16.1476991177


307
train
100.0
teacher
56.0
time
14.8498651981


308
train
100.0
teacher
68.0
time
14.8295369148


309
train
100.0
teacher
58.6666666667
time
14.7831439972


310
train
100.0
teacher
72.0
time
14.8420889378


311
train
100.0
teacher
68.0
time
14.6164479256


312
train
100.0
teacher
77.3333333333
time
14.7410540581


313
train
100.0
teacher
56.0
time
14.6730058193


314
train
100.0
teacher
76.0
time
14.8794138432


315
train
100.0
teacher
66.6666666667
time
15.2126300335


316
train
100.0
teacher
68.0
time
16.2048289776


317
train
100.0
teacher
74.6666666667
time
14.8801820278


318
train
100.0
teacher
82.6666666667
time
14.7110700607


319
train
100.0
teacher
60.0
time
15.1119360924


320
train
100.0
teacher
69.3333333333
time
14.8865439892


321
train
100.0
teacher
68.0
time
14.9990420341


322
train
100.0
teacher
42.6666666667
time
15.0362389088


323
train
100.0
teacher
70.6666666667
time
14.7468488216


324
train
100.0
teacher
72.0
time
14.9111549854


325
train
100.0
teacher
73.3333333333
time
14.5091238022


326
train
100.0
teacher
72.0
time
14.8397190571


327
train
100.0
teacher
60.0
time
14.6693649292


328
train
100.0
teacher
70.6666666667
time
14.634581089


329
train
100.0
teacher
53.3333333333
time
14.7285490036


330
train
100.0
teacher
74.6666666667
time
14.8381280899


331
train
100.0
teacher
64.0
time
15.1475739479


332
train
100.0
teacher
77.3333333333
time
14.8087069988


333
train
100.0
teacher
69.3333333333
time
14.6914448738


334
train
100.0
teacher
69.3333333333
time
14.640447855


335
train
100.0
teacher
73.3333333333
time
14.7557430267


336
train
100.0
teacher
64.0
time
14.6771390438


337
train
100.0
teacher
77.3333333333
time
14.6563689709


338
train
100.0
teacher
69.3333333333
time
14.5996849537


339
train
100.0
teacher
74.6666666667
time
14.7482638359


340
train
100.0
teacher
69.3333333333
time
14.8205800056


341
train
100.0
teacher
77.3333333333
time
14.6378560066


342
train
100.0
teacher
76.0
time
14.6806399822


343
train
100.0
teacher
62.6666666667
time
14.610503912


344
train
100.0
teacher
80.0
time
15.2208819389


345
train
100.0
teacher
72.0
time
14.454335928


346
train
100.0
teacher
69.3333333333
time
14.736082077


347
train
100.0
teacher
69.3333333333
time
14.7522258759


348
train
100.0
teacher
69.3333333333
time
14.8127379417


349
train
100.0
teacher
73.3333333333
time
15.6453640461


350
train
100.0
teacher
72.0
time
14.6185679436


351
train
100.0
teacher
70.6666666667
time
14.7660079002


352
train
100.0
teacher
76.0
time
14.632393837


353
train
100.0
teacher
62.6666666667
time
14.7248599529


354
train
100.0
teacher
85.3333333333
time
14.498996973


355
train
100.0
teacher
73.3333333333
time
14.7352020741


356
train
100.0
teacher
62.6666666667
time
15.0155689716


357
train
100.0
teacher
64.0
time
14.7753329277


358
train
100.0
teacher
76.0
time
14.7373840809


359
train
100.0
teacher
69.3333333333
time
14.5450851917


360
train
100.0
teacher
64.0
time
14.9196350574


361
train
100.0
teacher
70.6666666667
time
14.6425249577


362
train
100.0
teacher
74.6666666667
time
14.7132639885


363
train
100.0
teacher
53.3333333333
time
14.413476944


364
train
100.0
teacher
76.0
time
14.6473090649


365
train
100.0
teacher
82.6666666667
time
14.5898191929


366
train
100.0
teacher
85.3333333333
time
14.6283400059


367
train
100.0
teacher
64.0
time
15.3644571304


368
train
100.0
teacher
61.3333333333
time
14.6893889904


369
train
100.0
teacher
77.3333333333
time
15.184262991


370
train
100.0
teacher
64.0
time
15.3678150177


371
train
100.0
teacher
64.0
time
17.8609359264


372
train
100.0
teacher
85.3333333333
time
14.628442049


373
train
100.0
teacher
82.6666666667
time
15.2427699566


374
train
100.0
teacher
61.3333333333
time
14.7717869282


375
train
100.0
teacher
88.0
time
14.724449873


376
train
100.0
teacher
64.0
time
14.6635370255


377
train
100.0
teacher
64.0
time
14.7516100407


378
train
100.0
teacher
80.0
time
14.5436849594


379
train
100.0
teacher
52.0
time
14.9594221115


380
train
100.0
teacher
72.0
time
14.8296730518


381
train
100.0
teacher
76.0
time
14.7742319107


382
train
100.0
teacher
62.6666666667
time
16.3197989464


383
train
100.0
teacher
82.6666666667
time
16.4223270416


384
train
100.0
teacher
85.3333333333
time
15.2693150043


385
train
100.0
teacher
66.6666666667
time
14.7701160908


386
train
100.0
teacher
73.3333333333
time
14.7370028496


387
train
100.0
teacher
68.0
time
14.9014489651


388
train
100.0
teacher
61.3333333333
time
15.0501978397


389
train
100.0
teacher
60.0
time
14.6544730663


390
train
100.0
teacher
62.6666666667
time
14.7796440125


391
train
100.0
teacher
68.0
time
14.7190890312


392
train
100.0
teacher
64.0
time
14.7041358948


393
train
100.0
teacher
72.0
time
14.965996027


394
train
100.0
teacher
80.0
time
14.8354520798


395
train
100.0
teacher
68.0
time
14.7004179955


396
train
100.0
teacher
57.3333333333
time
14.8073649406


397
train
100.0
teacher
65.3333333333
time
14.8071961403


398
train
100.0
teacher
88.0
time
15.1730248928


399
train
100.0
teacher
77.3333333333
time
14.802423954


400
train
100.0
teacher
60.0
time
15.0295820236


401
train
100.0
teacher
66.6666666667
time
14.6914269924


402
train
100.0
teacher
65.3333333333
time
14.6885371208


403
train
100.0
teacher
69.3333333333
time
15.1149718761


404
train
100.0
teacher
84.0
time
15.0091998577


405
train
100.0
teacher
60.0
time
14.9683480263


406
train
100.0
teacher
66.6666666667
time
14.8482320309


407
train
100.0
teacher
76.0
time
14.754076004


408
train
100.0
teacher
66.6666666667
time
14.7675170898


409
train
100.0
teacher
65.3333333333
time
14.693821907


410
train
100.0
teacher
72.0
time
14.7842569351


411
train
100.0
teacher
73.3333333333
time
14.5238809586


412
train
100.0
teacher
82.6666666667
time
14.4387888908


413
train
100.0
teacher
62.6666666667
time
14.7290389538


414
train
100.0
teacher
78.6666666667
time
15.4787209034


415
train
100.0
teacher
76.0
time
14.6084091663


416
train
100.0
teacher
62.6666666667
time
15.462569952


417
train
100.0
teacher
69.3333333333
time
14.6931481361


418
train
100.0
teacher
81.3333333333
time
15.3903081417


419
train
100.0
teacher
86.6666666667
time
14.6894791126


420
train
100.0
teacher
69.3333333333
time
14.6631019115


421
train
100.0
teacher
73.3333333333
time
14.8755238056


422
train
100.0
teacher
80.0
time
14.8368580341


423
train
100.0
teacher
78.6666666667
time
16.4144248962


424
train
100.0
teacher
62.6666666667
time
15.1180779934


425
train
100.0
teacher
80.0
time
15.020168066


426
train
100.0
teacher
69.3333333333
time
14.7747330666


427
train
100.0
teacher
81.3333333333
time
15.127576828


428
train
100.0
teacher
65.3333333333
time
15.0691058636


429
train
100.0
teacher
61.3333333333
time
14.8911759853


430
train
100.0
teacher
66.6666666667
time
14.8639731407


431
train
100.0
teacher
77.3333333333
time
14.79048419


432
train
100.0
teacher
84.0
time
12.9672210217


433
train
100.0
teacher
82.6666666667
time
14.9578840733


434
train
100.0
teacher
58.6666666667
time
15.2514739037


435
train
100.0
teacher
62.6666666667
time
15.0350780487


436
train
100.0
teacher
66.6666666667
time
14.9097340107


437
train
100.0
teacher
64.0
time
14.7797720432


438
train
100.0
teacher
81.3333333333
time
14.8722369671


439
train
100.0
teacher
72.0
time
14.9199428558


440
train
100.0
teacher
69.3333333333
time
15.0891900063


441
train
100.0
teacher
66.6666666667
time
14.5957200527


442
train
100.0
teacher
73.3333333333
time
14.4203779697


443
train
100.0
teacher
69.3333333333
time
14.548470974


444
train
100.0
teacher
69.3333333333
time
14.6388828754


445
train
100.0
teacher
78.6666666667
time
14.6961169243


446
train
100.0
teacher
68.0
time
14.7696270943


447
train
100.0
teacher
74.6666666667
time
14.6560370922


448
train
100.0
teacher
74.6666666667
time
14.5799539089


449
train
100.0
teacher
52.0
time
14.8954341412


450
train
100.0
teacher
69.3333333333
time
15.0368359089


451
train
100.0
teacher
72.0
time
14.7308590412


452
train
100.0
teacher
81.3333333333
time
14.7583079338


453
train
100.0
teacher
77.3333333333
time
14.6094698906


454
train
100.0
teacher
78.6666666667
time
14.6826808453


455
train
100.0
teacher
66.6666666667
time
14.861702919


456
train
100.0
teacher
74.6666666667
time
14.9509210587


457
train
100.0
teacher
64.0
time
14.8671679497


458
train
100.0
teacher
68.0
time
14.9399161339


459
train
100.0
teacher
66.6666666667
time
14.8156268597


460
train
100.0
teacher
60.0
time
14.9236681461


461
train
100.0
teacher
66.6666666667
time
14.6481158733


462
train
100.0
teacher
89.3333333333
time
15.3874680996


463
train
100.0
teacher
68.0
time
15.1330139637


464
train
100.0
teacher
70.6666666667
time
14.7296540737


465
train
100.0
teacher
64.0
time
15.3934459686


466
train
100.0
teacher
68.0
time
14.9407479763


467
train
100.0
teacher
68.0
time
14.7573130131


468
train
100.0
teacher
57.3333333333
time
14.943185091


469
train
100.0
teacher
61.3333333333
time
14.7715201378


470
train
100.0
teacher
74.6666666667
time
14.8121349812


471
train
100.0
teacher
80.0
time
14.8690209389


472
train
100.0
teacher
80.0
time
14.8675229549


473
train
100.0
teacher
68.0
time
14.7125470638


474
train
100.0
teacher
70.6666666667
time
15.4012868404


475
train
100.0
teacher
68.0
time
15.1762998104


476
train
100.0
teacher
65.3333333333
time
14.4579849243


477
train
100.0
teacher
68.0
time
14.5839309692


478
train
100.0
teacher
76.0
time
14.535022974


479
train
100.0
teacher
62.6666666667
time
14.6288361549


480
train
100.0
teacher
44.0
time
14.5379960537


481
train
100.0
teacher
80.0
time
15.0780789852


482
train
100.0
teacher
57.3333333333
time
14.6726210117


483
train
100.0
teacher
69.3333333333
time
14.4882619381


484
train
100.0
teacher
66.6666666667
time
14.8437108994


485
train
100.0
teacher
69.3333333333
time
14.6875882149


486
train
100.0
teacher
53.3333333333
time
14.6571850777


487
train
100.0
teacher
72.0
time
14.6293370724


488
train
100.0
teacher
45.3333333333
time
14.8608648777


489
train
100.0
teacher
74.6666666667
time
14.9239180088


490
train
100.0
teacher
77.3333333333
time
14.9125809669


491
train
100.0
teacher
66.6666666667
time
15.1314799786


492
train
100.0
teacher
65.3333333333
time
14.5497829914


493
train
100.0
teacher
53.3333333333
time
14.921902895


494
train
100.0
teacher
76.0
time
14.7514121532


495
train
100.0
teacher
60.0
time
14.9266078472


496
train
100.0
teacher
69.3333333333
time
14.9294600487


497
train
100.0
teacher
65.3333333333
time
14.7637269497


498
train
100.0
teacher
66.6666666667
time
14.718184948


499
train
100.0
teacher
70.6666666667
time
14.7776927948


500
train
100.0
teacher
81.3333333333
time
14.5903630257


501
train
100.0
teacher
76.0
time
14.8097112179


502
train
100.0
teacher
73.3333333333
time
14.5784490108


503
train
100.0
teacher
62.6666666667
time
14.7902600765


504
train
100.0
teacher
68.0
time
15.2631011009


505
train
100.0
teacher
70.6666666667
time
14.5557279587


506
train
100.0
teacher
78.6666666667
time
14.8192391396


507
train
100.0
teacher
65.3333333333
time
14.4986867905


508
train
100.0
teacher
80.0
time
14.5166831017


509
train
100.0
teacher
60.0
time
14.5926311016


510
train
100.0
teacher
85.3333333333
time
14.6696901321


511
train
100.0
teacher
69.3333333333
time
14.9624421597


512
train
100.0
teacher
56.0
time
15.1573479176


513
train
100.0
teacher
66.6666666667
time
14.6210649014


514
train
100.0
teacher
69.3333333333
time
14.7875869274


515
train
100.0
teacher
53.3333333333
time
14.7055749893


516
train
100.0
teacher
74.6666666667
time
14.6235179901


517
train
100.0
teacher
64.0
time
14.6558179855


518
train
100.0
teacher
72.0
time
14.6472020149


519
train
100.0
teacher
53.3333333333
time
14.5840659142


520
train
100.0
teacher
56.0
time
14.924118042


521
train
100.0
teacher
66.6666666667
time
15.1217529774


522
train
100.0
teacher
70.6666666667
time
15.2211949825


523
train
100.0
teacher
74.6666666667
time
14.7376449108


524
train
100.0
teacher
84.0
time
15.0929079056


525
train
100.0
teacher
66.6666666667
time
14.8695449829


526
train
100.0
teacher
56.0
time
14.6684799194


527
train
100.0
teacher
78.6666666667
time
14.5851609707


528
train
100.0
teacher
78.6666666667
time
14.7297928333


529
train
100.0
teacher
64.0
time
14.6531460285


530
train
100.0
teacher
60.0
time
15.0342109203


531
train
100.0
teacher
81.3333333333
time
14.6020679474


532
train
100.0
teacher
65.3333333333
time
14.6771869659


533
train
100.0
teacher
62.6666666667
time
14.8671598434


534
train
100.0
teacher
62.6666666667
time
14.8428151608


535
train
100.0
teacher
69.3333333333
time
14.6964519024


536
train
100.0
teacher
70.6666666667
time
14.6258859634


537
train
100.0
teacher
77.3333333333
time
14.6312010288


538
train
100.0
teacher
62.6666666667
time
14.8826799393


539
train
100.0
teacher
66.6666666667
time
14.9703710079


540
train
100.0
teacher
65.3333333333
time
14.8759651184


541
train
100.0
teacher
68.0
time
14.8037199974


542
train
100.0
teacher
56.0
time
14.7134928703


543
train
100.0
teacher
53.3333333333
time
14.6703910828


544
train
100.0
teacher
76.0
time
14.5702347755


545
train
100.0
teacher
72.0
time
14.988888979


546
train
100.0
teacher
68.0
time
14.5543580055


547
train
100.0
teacher
69.3333333333
time
14.5830249786


548
train
100.0
teacher
78.6666666667
time
14.6009058952


549
train
100.0
teacher
84.0
time
14.7358880043


550
train
100.0
teacher
78.6666666667
time
15.0892732143


551
train
100.0
teacher
69.3333333333
time
14.7734000683


552
train
100.0
teacher
60.0
time
14.7927339077


553
train
100.0
teacher
68.0
time
15.0659811497


554
train
100.0
teacher
77.3333333333
time
15.0064570904


555
train
100.0
teacher
68.0
time
14.9530088902


556
train
100.0
teacher
57.3333333333
time
14.9881720543


557
train
100.0
teacher
77.3333333333
time
14.6273999214


558
train
100.0
teacher
64.0
time
15.0437910557


559
train
100.0
teacher
77.3333333333
time
14.8734281063


560
train
100.0
teacher
72.0
time
15.1642429829


561
train
100.0
teacher
57.3333333333
time
14.8827288151


562
train
100.0
teacher
60.0
time
14.9224729538


563
train
100.0
teacher
64.0
time
15.138684988


564
train
100.0
teacher
64.0
time
15.1511888504


565
train
100.0
teacher
70.6666666667
time
14.6873369217


566
train
100.0
teacher
73.3333333333
time
14.7984759808


567
train
100.0
teacher
80.0
time
14.6698288918


568
train
100.0
teacher
66.6666666667
time
14.7546620369


569
train
100.0
teacher
77.3333333333
time
14.8323168755


570
train
100.0
teacher
53.3333333333
time
14.6273159981


571
train
100.0
teacher
56.0
time
15.1498229504


572
train
100.0
teacher
73.3333333333
time
14.8186690807


573
train
100.0
teacher
78.6666666667
time
14.6407859325


574
train
100.0
teacher
72.0
time
14.5235419273


575
train
100.0
teacher
60.0
time
14.8317449093


576
train
100.0
teacher
78.6666666667
time
14.910228014


577
train
100.0
teacher
82.6666666667
time
14.8549671173


578
train
100.0
teacher
77.3333333333
time
14.7600381374


579
train
100.0
teacher
68.0
time
14.7954008579


580
train
100.0
teacher
57.3333333333
time
15.1594438553


581
train
100.0
teacher
65.3333333333
time
15.1460199356


582
train
100.0
teacher
82.6666666667
time
14.8151948452


583
train
100.0
teacher
72.0
time
14.7400259972


584
train
100.0
teacher
65.3333333333
time
14.657597065


585
train
100.0
teacher
78.6666666667
time
14.7709710598


586
train
100.0
teacher
80.0
time
14.9262528419


587
train
100.0
teacher
74.6666666667
time
14.8054389954


588
train
100.0
teacher
73.3333333333
time
14.6326990128


589
train
100.0
teacher
74.6666666667
time
14.7656860352


590
train
100.0
teacher
65.3333333333
time
14.9105181694


591
train
100.0
teacher
80.0
time
14.7488911152


592
train
100.0
teacher
68.0
time
14.7450129986


593
train
100.0
teacher
66.6666666667
time
15.1758041382


594
train
100.0
teacher
62.6666666667
time
14.8801190853


595
train
100.0
teacher
77.3333333333
time
14.7160577774


596
train
100.0
teacher
62.6666666667
time
14.8427920341


597
train
100.0
teacher
74.6666666667
time
14.7164618969


598
train
100.0
teacher
57.3333333333
time
14.8390669823


599
train
100.0
teacher
66.6666666667
time
14.6918399334


600 Teacher Test Acc = 69.15% +- 0.69%
