/usr/local/lib/python2.7/dist-packages/torchvision/transforms/transforms.py:188: UserWarning: The use of the transforms.Scale transform is deprecated, please use transforms.Resize instead.
  "please use transforms.Resize instead.")
ISIC
65.3333333333
50.6666666667
56.0
60.0
57.3333333333
49.3333333333
65.3333333333
72.0
42.6666666667
53.3333333333
62.6666666667
68.0
70.6666666667
64.0
61.3333333333
56.0
56.0
65.3333333333
57.3333333333
61.3333333333
45.3333333333
60.0
49.3333333333
62.6666666667
66.6666666667
60.0
49.3333333333
54.6666666667
66.6666666667
64.0
68.0
66.6666666667
57.3333333333
61.3333333333
46.6666666667
50.6666666667
52.0
62.6666666667
77.3333333333
64.0
57.3333333333
68.0
62.6666666667
69.3333333333
60.0
70.6666666667
46.6666666667
46.6666666667
54.6666666667
70.6666666667
68.0
58.6666666667
64.0
72.0
57.3333333333
65.3333333333
61.3333333333
53.3333333333
54.6666666667
62.6666666667
45.3333333333
58.6666666667
61.3333333333
54.6666666667
50.6666666667
58.6666666667
64.0
58.6666666667
61.3333333333
54.6666666667
57.3333333333
58.6666666667
38.6666666667
42.6666666667
56.0
53.3333333333
54.6666666667
50.6666666667
53.3333333333
60.0
56.0
57.3333333333
60.0
53.3333333333
49.3333333333
45.3333333333
56.0
54.6666666667
60.0
57.3333333333
56.0
52.0
68.0
46.6666666667
69.3333333333
65.3333333333
45.3333333333
48.0
48.0
66.6666666667
49.3333333333
54.6666666667
58.6666666667
64.0
61.3333333333
56.0
60.0
72.0
62.6666666667
64.0
52.0
64.0
65.3333333333
44.0
57.3333333333
54.6666666667
62.6666666667
65.3333333333
64.0
64.0
52.0
72.0
62.6666666667
57.3333333333
69.3333333333
69.3333333333
64.0
50.6666666667
54.6666666667
52.0
54.6666666667
44.0
57.3333333333
60.0
56.0
65.3333333333
72.0
57.3333333333
45.3333333333
56.0
68.0
54.6666666667
53.3333333333
61.3333333333
68.0
65.3333333333
56.0
74.6666666667
56.0
61.3333333333
60.0
53.3333333333
65.3333333333
56.0
58.6666666667
54.6666666667
56.0
69.3333333333
58.6666666667
56.0
54.6666666667
54.6666666667
58.6666666667
57.3333333333
69.3333333333
65.3333333333
62.6666666667
53.3333333333
58.6666666667
46.6666666667
62.6666666667
58.6666666667
58.6666666667
53.3333333333
65.3333333333
52.0
49.3333333333
48.0
52.0
66.6666666667
57.3333333333
66.6666666667
64.0
57.3333333333
62.6666666667
74.6666666667
50.6666666667
69.3333333333
50.6666666667
54.6666666667
66.6666666667
54.6666666667
68.0
50.6666666667
61.3333333333
65.3333333333
56.0
52.0
61.3333333333
61.3333333333
54.6666666667
68.0
65.3333333333
64.0
64.0
58.6666666667
49.3333333333
64.0
54.6666666667
73.3333333333
54.6666666667
66.6666666667
61.3333333333
69.3333333333
61.3333333333
54.6666666667
66.6666666667
53.3333333333
66.6666666667
54.6666666667
69.3333333333
62.6666666667
58.6666666667
62.6666666667
66.6666666667
57.3333333333
58.6666666667
72.0
70.6666666667
68.0
52.0
46.6666666667
61.3333333333
64.0
61.3333333333
69.3333333333
54.6666666667
64.0
60.0
53.3333333333
54.6666666667
53.3333333333
70.6666666667
72.0
53.3333333333
54.6666666667
44.0
50.6666666667
65.3333333333
56.0
57.3333333333
73.3333333333
60.0
65.3333333333
56.0
38.6666666667
50.6666666667
46.6666666667
61.3333333333
50.6666666667
56.0
54.6666666667
41.3333333333
64.0
61.3333333333
72.0
76.0
57.3333333333
54.6666666667
72.0
68.0
64.0
64.0
61.3333333333
56.0
57.3333333333
58.6666666667
61.3333333333
44.0
65.3333333333
53.3333333333
57.3333333333
54.6666666667
72.0
64.0
58.6666666667
52.0
50.6666666667
65.3333333333
49.3333333333
66.6666666667
60.0
61.3333333333
54.6666666667
54.6666666667
64.0
41.3333333333
52.0
57.3333333333
78.6666666667
56.0
70.6666666667
58.6666666667
56.0
60.0
60.0
73.3333333333
58.6666666667
57.3333333333
56.0
45.3333333333
58.6666666667
57.3333333333
66.6666666667
56.0
64.0
65.3333333333
58.6666666667
62.6666666667
57.3333333333
64.0
50.6666666667
53.3333333333
57.3333333333
57.3333333333
66.6666666667
52.0
52.0
58.6666666667
50.6666666667
57.3333333333
57.3333333333
60.0
56.0
58.6666666667
62.6666666667
54.6666666667
58.6666666667
54.6666666667
58.6666666667
64.0
58.6666666667
53.3333333333
52.0
60.0
54.6666666667
52.0
61.3333333333
68.0
56.0
62.6666666667
62.6666666667
66.6666666667
49.3333333333
57.3333333333
65.3333333333
61.3333333333
58.6666666667
56.0
66.6666666667
56.0
54.6666666667
66.6666666667
54.6666666667
48.0
56.0
45.3333333333
73.3333333333
46.6666666667
56.0
49.3333333333
61.3333333333
53.3333333333
56.0
53.3333333333
65.3333333333
61.3333333333
37.3333333333
38.6666666667
70.6666666667
53.3333333333
65.3333333333
53.3333333333
57.3333333333
53.3333333333
70.6666666667
65.3333333333
60.0
49.3333333333
50.6666666667
56.0
50.6666666667
64.0
61.3333333333
49.3333333333
49.3333333333
64.0
56.0
64.0
62.6666666667
60.0
69.3333333333
53.3333333333
62.6666666667
69.3333333333
52.0
65.3333333333
48.0
65.3333333333
64.0
62.6666666667
46.6666666667
62.6666666667
58.6666666667
57.3333333333
60.0
57.3333333333
50.6666666667
61.3333333333
57.3333333333
40.0
64.0
58.6666666667
54.6666666667
64.0
54.6666666667
56.0
53.3333333333
53.3333333333
56.0
53.3333333333
60.0
56.0
65.3333333333
52.0
58.6666666667
53.3333333333
64.0
53.3333333333
57.3333333333
66.6666666667
50.6666666667
62.6666666667
64.0
49.3333333333
73.3333333333
50.6666666667
61.3333333333
53.3333333333
48.0
60.0
58.6666666667
64.0
54.6666666667
61.3333333333
38.6666666667
57.3333333333
69.3333333333
66.6666666667
58.6666666667
56.0
57.3333333333
69.3333333333
48.0
70.6666666667
57.3333333333
65.3333333333
72.0
65.3333333333
53.3333333333
60.0
52.0
52.0
53.3333333333
58.6666666667
45.3333333333
61.3333333333
61.3333333333
52.0
56.0
50.6666666667
56.0
49.3333333333
56.0
50.6666666667
64.0
58.6666666667
50.6666666667
70.6666666667
49.3333333333
54.6666666667
61.3333333333
53.3333333333
65.3333333333
74.6666666667
62.6666666667
66.6666666667
58.6666666667
60.0
64.0
57.3333333333
40.0
64.0
58.6666666667
56.0
54.6666666667
72.0
48.0
64.0
68.0
58.6666666667
56.0
60.0
69.3333333333
45.3333333333
44.0
68.0
65.3333333333
62.6666666667
70.6666666667
64.0
56.0
56.0
58.6666666667
49.3333333333
61.3333333333
69.3333333333
49.3333333333
61.3333333333
57.3333333333
46.6666666667
58.6666666667
46.6666666667
57.3333333333
60.0
56.0
46.6666666667
45.3333333333
66.6666666667
70.6666666667
57.3333333333
58.6666666667
64.0
50.6666666667
49.3333333333
46.6666666667
52.0
56.0
57.3333333333
65.3333333333
57.3333333333
62.6666666667
61.3333333333
64.0
50.6666666667
58.6666666667
54.6666666667
46.6666666667
57.3333333333
60.0
57.3333333333
60.0
60.0
65.3333333333
62.6666666667
65.3333333333
60.0
45.3333333333
42.6666666667
65.3333333333
56.0
50.6666666667
65.3333333333
69.3333333333
61.3333333333
52.0
60.0
66.6666666667
66.6666666667
53.3333333333
54.6666666667
54.6666666667
70.6666666667
58.6666666667
66.6666666667
58.6666666667
42.6666666667
49.3333333333
53.3333333333
60.0
53.3333333333
57.3333333333
66.6666666667
65.3333333333
57.3333333333
58.6666666667
62.6666666667
73.3333333333
58.6666666667
61.3333333333
600 Test Acc = 58.57% +- 0.59%
EuroSAT
85.3333333333
93.3333333333
96.0
90.6666666667
92.0
90.6666666667
92.0
90.6666666667
89.3333333333
98.6666666667
94.6666666667
90.6666666667
84.0
94.6666666667
89.3333333333
82.6666666667
88.0
94.6666666667
86.6666666667
94.6666666667
92.0
97.3333333333
90.6666666667
96.0
85.3333333333
82.6666666667
89.3333333333
90.6666666667
92.0
90.6666666667
90.6666666667
88.0
88.0
92.0
93.3333333333
97.3333333333
92.0
86.6666666667
93.3333333333
92.0
96.0
85.3333333333
93.3333333333
89.3333333333
85.3333333333
97.3333333333
90.6666666667
81.3333333333
94.6666666667
85.3333333333
90.6666666667
89.3333333333
92.0
89.3333333333
88.0
88.0
93.3333333333
84.0
89.3333333333
90.6666666667
92.0
98.6666666667
93.3333333333
89.3333333333
85.3333333333
84.0
98.6666666667
94.6666666667
94.6666666667
86.6666666667
88.0
96.0
93.3333333333
88.0
94.6666666667
92.0
88.0
78.6666666667
90.6666666667
92.0
96.0
90.6666666667
84.0
82.6666666667
94.6666666667
74.6666666667
93.3333333333
93.3333333333
94.6666666667
84.0
93.3333333333
88.0
88.0
92.0
94.6666666667
89.3333333333
86.6666666667
88.0
86.6666666667
90.6666666667
89.3333333333
92.0
84.0
86.6666666667
97.3333333333
88.0
92.0
96.0
88.0
98.6666666667
89.3333333333
90.6666666667
89.3333333333
89.3333333333
92.0
90.6666666667
84.0
88.0
93.3333333333
88.0
92.0
94.6666666667
97.3333333333
94.6666666667
92.0
84.0
88.0
90.6666666667
93.3333333333
98.6666666667
88.0
92.0
93.3333333333
90.6666666667
88.0
84.0
93.3333333333
81.3333333333
86.6666666667
89.3333333333
98.6666666667
100.0
92.0
90.6666666667
92.0
84.0
88.0
96.0
85.3333333333
100.0
89.3333333333
93.3333333333
90.6666666667
90.6666666667
88.0
93.3333333333
92.0
93.3333333333
90.6666666667
86.6666666667
93.3333333333
94.6666666667
86.6666666667
94.6666666667
86.6666666667
96.0
88.0
82.6666666667
92.0
86.6666666667
92.0
88.0
96.0
93.3333333333
97.3333333333
89.3333333333
97.3333333333
81.3333333333
77.3333333333
80.0
88.0
88.0
96.0
96.0
96.0
80.0
90.6666666667
78.6666666667
93.3333333333
88.0
86.6666666667
93.3333333333
86.6666666667
93.3333333333
89.3333333333
86.6666666667
94.6666666667
96.0
88.0
97.3333333333
82.6666666667
86.6666666667
89.3333333333
89.3333333333
94.6666666667
93.3333333333
93.3333333333
84.0
88.0
82.6666666667
88.0
82.6666666667
92.0
89.3333333333
100.0
90.6666666667
94.6666666667
94.6666666667
85.3333333333
90.6666666667
96.0
80.0
85.3333333333
85.3333333333
96.0
90.6666666667
96.0
97.3333333333
86.6666666667
88.0
85.3333333333
82.6666666667
97.3333333333
85.3333333333
84.0
81.3333333333
86.6666666667
94.6666666667
97.3333333333
96.0
93.3333333333
94.6666666667
93.3333333333
86.6666666667
90.6666666667
85.3333333333
89.3333333333
90.6666666667
96.0
82.6666666667
92.0
93.3333333333
89.3333333333
89.3333333333
93.3333333333
89.3333333333
85.3333333333
94.6666666667
96.0
82.6666666667
72.0
90.6666666667
94.6666666667
84.0
96.0
88.0
86.6666666667
93.3333333333
92.0
94.6666666667
92.0
86.6666666667
89.3333333333
93.3333333333
90.6666666667
94.6666666667
88.0
94.6666666667
89.3333333333
88.0
72.0
92.0
93.3333333333
89.3333333333
85.3333333333
93.3333333333
90.6666666667
88.0
86.6666666667
86.6666666667
93.3333333333
93.3333333333
92.0
89.3333333333
92.0
90.6666666667
96.0
76.0
85.3333333333
96.0
90.6666666667
96.0
84.0
93.3333333333
90.6666666667
84.0
93.3333333333
93.3333333333
86.6666666667
88.0
96.0
89.3333333333
88.0
84.0
100.0
90.6666666667
89.3333333333
85.3333333333
96.0
90.6666666667
89.3333333333
93.3333333333
89.3333333333
92.0
96.0
86.6666666667
88.0
89.3333333333
88.0
88.0
90.6666666667
90.6666666667
89.3333333333
86.6666666667
94.6666666667
94.6666666667
76.0
84.0
93.3333333333
96.0
90.6666666667
96.0
82.6666666667
89.3333333333
88.0
89.3333333333
85.3333333333
90.6666666667
94.6666666667
92.0
89.3333333333
96.0
84.0
100.0
90.6666666667
92.0
82.6666666667
94.6666666667
90.6666666667
93.3333333333
90.6666666667
86.6666666667
85.3333333333
88.0
96.0
96.0
90.6666666667
89.3333333333
90.6666666667
90.6666666667
97.3333333333
92.0
94.6666666667
89.3333333333
90.6666666667
81.3333333333
97.3333333333
92.0
85.3333333333
88.0
97.3333333333
86.6666666667
85.3333333333
94.6666666667
88.0
78.6666666667
84.0
80.0
94.6666666667
89.3333333333
92.0
82.6666666667
88.0
90.6666666667
90.6666666667
92.0
85.3333333333
85.3333333333
94.6666666667
85.3333333333
81.3333333333
86.6666666667
93.3333333333
88.0
88.0
98.6666666667
90.6666666667
97.3333333333
90.6666666667
84.0
82.6666666667
85.3333333333
85.3333333333
80.0
88.0
74.6666666667
92.0
90.6666666667
97.3333333333
93.3333333333
93.3333333333
92.0
96.0
88.0
84.0
92.0
100.0
89.3333333333
84.0
97.3333333333
81.3333333333
93.3333333333
97.3333333333
93.3333333333
92.0
86.6666666667
94.6666666667
81.3333333333
93.3333333333
81.3333333333
89.3333333333
88.0
93.3333333333
96.0
82.6666666667
92.0
94.6666666667
93.3333333333
93.3333333333
90.6666666667
90.6666666667
93.3333333333
81.3333333333
78.6666666667
90.6666666667
90.6666666667
97.3333333333
90.6666666667
86.6666666667
96.0
92.0
78.6666666667
89.3333333333
88.0
96.0
92.0
90.6666666667
92.0
96.0
97.3333333333
86.6666666667
86.6666666667
97.3333333333
85.3333333333
80.0
86.6666666667
97.3333333333
84.0
84.0
85.3333333333
88.0
90.6666666667
84.0
80.0
89.3333333333
97.3333333333
88.0
82.6666666667
92.0
93.3333333333
97.3333333333
90.6666666667
93.3333333333
94.6666666667
77.3333333333
82.6666666667
86.6666666667
93.3333333333
89.3333333333
92.0
90.6666666667
100.0
88.0
85.3333333333
98.6666666667
86.6666666667
94.6666666667
85.3333333333
94.6666666667
93.3333333333
81.3333333333
90.6666666667
88.0
86.6666666667
86.6666666667
85.3333333333
85.3333333333
92.0
72.0
90.6666666667
90.6666666667
92.0
96.0
90.6666666667
93.3333333333
85.3333333333
93.3333333333
89.3333333333
94.6666666667
90.6666666667
94.6666666667
94.6666666667
92.0
92.0
85.3333333333
73.3333333333
90.6666666667
94.6666666667
92.0
92.0
93.3333333333
90.6666666667
81.3333333333
98.6666666667
94.6666666667
93.3333333333
82.6666666667
85.3333333333
80.0
85.3333333333
82.6666666667
88.0
92.0
96.0
80.0
80.0
89.3333333333
88.0
82.6666666667
94.6666666667
94.6666666667
88.0
82.6666666667
96.0
93.3333333333
82.6666666667
74.6666666667
85.3333333333
90.6666666667
100.0
85.3333333333
88.0
88.0
96.0
85.3333333333
88.0
82.6666666667
90.6666666667
80.0
93.3333333333
92.0
85.3333333333
96.0
90.6666666667
97.3333333333
94.6666666667
97.3333333333
85.3333333333
94.6666666667
88.0
88.0
88.0
89.3333333333
94.6666666667
93.3333333333
92.0
85.3333333333
92.0
89.3333333333
78.6666666667
600 Test Acc = 89.90% +- 0.41%
CropDisease
100.0
100.0
98.6666666667
100.0
100.0
100.0
98.6666666667
98.6666666667
98.6666666667
98.6666666667
100.0
90.6666666667
97.3333333333
94.6666666667
98.6666666667
96.0
89.3333333333
96.0
97.3333333333
92.0
94.6666666667
97.3333333333
97.3333333333
94.6666666667
97.3333333333
98.6666666667
96.0
98.6666666667
98.6666666667
96.0
98.6666666667
96.0
97.3333333333
92.0
96.0
93.3333333333
100.0
98.6666666667
98.6666666667
94.6666666667
100.0
96.0
100.0
97.3333333333
98.6666666667
85.3333333333
94.6666666667
98.6666666667
93.3333333333
93.3333333333
98.6666666667
100.0
100.0
92.0
98.6666666667
100.0
94.6666666667
100.0
88.0
98.6666666667
96.0
97.3333333333
98.6666666667
100.0
98.6666666667
96.0
97.3333333333
100.0
97.3333333333
98.6666666667
96.0
97.3333333333
89.3333333333
100.0
94.6666666667
98.6666666667
94.6666666667
97.3333333333
96.0
97.3333333333
90.6666666667
93.3333333333
98.6666666667
100.0
92.0
97.3333333333
98.6666666667
100.0
97.3333333333
93.3333333333
98.6666666667
98.6666666667
97.3333333333
97.3333333333
96.0
97.3333333333
97.3333333333
97.3333333333
93.3333333333
97.3333333333
94.6666666667
97.3333333333
98.6666666667
97.3333333333
96.0
94.6666666667
88.0
97.3333333333
98.6666666667
90.6666666667
93.3333333333
96.0
98.6666666667
100.0
92.0
96.0
100.0
96.0
100.0
100.0
100.0
98.6666666667
98.6666666667
96.0
100.0
94.6666666667
97.3333333333
98.6666666667
98.6666666667
89.3333333333
100.0
100.0
100.0
100.0
97.3333333333
97.3333333333
100.0
98.6666666667
93.3333333333
96.0
100.0
100.0
100.0
94.6666666667
97.3333333333
97.3333333333
88.0
88.0
98.6666666667
93.3333333333
98.6666666667
98.6666666667
96.0
100.0
94.6666666667
100.0
98.6666666667
100.0
88.0
98.6666666667
96.0
96.0
97.3333333333
97.3333333333
94.6666666667
93.3333333333
93.3333333333
100.0
96.0
98.6666666667
94.6666666667
98.6666666667
98.6666666667
100.0
97.3333333333
100.0
96.0
98.6666666667
98.6666666667
94.6666666667
100.0
96.0
97.3333333333
88.0
89.3333333333
97.3333333333
100.0
97.3333333333
94.6666666667
92.0
98.6666666667
92.0
98.6666666667
97.3333333333
96.0
96.0
97.3333333333
97.3333333333
97.3333333333
100.0
100.0
96.0
94.6666666667
93.3333333333
97.3333333333
90.6666666667
100.0
97.3333333333
98.6666666667
96.0
93.3333333333
97.3333333333
94.6666666667
100.0
98.6666666667
98.6666666667
96.0
98.6666666667
98.6666666667
97.3333333333
97.3333333333
97.3333333333
100.0
92.0
98.6666666667
97.3333333333
96.0
100.0
97.3333333333
100.0
93.3333333333
96.0
97.3333333333
96.0
100.0
98.6666666667
98.6666666667
97.3333333333
92.0
97.3333333333
100.0
100.0
94.6666666667
97.3333333333
100.0
100.0
96.0
100.0
96.0
90.6666666667
94.6666666667
94.6666666667
100.0
98.6666666667
97.3333333333
100.0
100.0
100.0
98.6666666667
90.6666666667
100.0
96.0
93.3333333333
93.3333333333
93.3333333333
96.0
97.3333333333
100.0
92.0
97.3333333333
92.0
98.6666666667
96.0
100.0
97.3333333333
96.0
98.6666666667
98.6666666667
100.0
100.0
94.6666666667
93.3333333333
98.6666666667
98.6666666667
94.6666666667
98.6666666667
98.6666666667
86.6666666667
94.6666666667
98.6666666667
94.6666666667
97.3333333333
92.0
98.6666666667
94.6666666667
98.6666666667
97.3333333333
96.0
97.3333333333
97.3333333333
97.3333333333
97.3333333333
90.6666666667
93.3333333333
100.0
96.0
97.3333333333
97.3333333333
96.0
98.6666666667
93.3333333333
96.0
94.6666666667
96.0
93.3333333333
92.0
97.3333333333
98.6666666667
90.6666666667
97.3333333333
98.6666666667
100.0
97.3333333333
93.3333333333
100.0
96.0
97.3333333333
100.0
98.6666666667
97.3333333333
94.6666666667
93.3333333333
98.6666666667
94.6666666667
96.0
98.6666666667
96.0
97.3333333333
97.3333333333
96.0
96.0
89.3333333333
92.0
90.6666666667
100.0
97.3333333333
94.6666666667
100.0
100.0
94.6666666667
98.6666666667
96.0
96.0
98.6666666667
96.0
93.3333333333
96.0
98.6666666667
100.0
100.0
94.6666666667
94.6666666667
98.6666666667
97.3333333333
97.3333333333
100.0
92.0
96.0
98.6666666667
97.3333333333
98.6666666667
97.3333333333
100.0
96.0
92.0
100.0
94.6666666667
96.0
93.3333333333
100.0
97.3333333333
100.0
92.0
93.3333333333
92.0
98.6666666667
98.6666666667
94.6666666667
98.6666666667
97.3333333333
100.0
100.0
98.6666666667
98.6666666667
100.0
100.0
98.6666666667
97.3333333333
98.6666666667
97.3333333333
88.0
93.3333333333
100.0
94.6666666667
92.0
100.0
94.6666666667
98.6666666667
88.0
96.0
96.0
89.3333333333
96.0
100.0
98.6666666667
100.0
92.0
98.6666666667
100.0
96.0
96.0
100.0
100.0
98.6666666667
97.3333333333
98.6666666667
98.6666666667
96.0
100.0
94.6666666667
100.0
96.0
98.6666666667
97.3333333333
88.0
82.6666666667
96.0
100.0
100.0
89.3333333333
98.6666666667
97.3333333333
94.6666666667
92.0
97.3333333333
100.0
96.0
94.6666666667
98.6666666667
96.0
93.3333333333
90.6666666667
96.0
100.0
100.0
98.6666666667
98.6666666667
94.6666666667
100.0
100.0
94.6666666667
97.3333333333
98.6666666667
97.3333333333
94.6666666667
97.3333333333
96.0
97.3333333333
100.0
100.0
98.6666666667
93.3333333333
94.6666666667
96.0
97.3333333333
97.3333333333
86.6666666667
98.6666666667
100.0
92.0
98.6666666667
98.6666666667
94.6666666667
96.0
98.6666666667
100.0
96.0
98.6666666667
98.6666666667
96.0
93.3333333333
96.0
98.6666666667
96.0
96.0
92.0
100.0
97.3333333333
97.3333333333
98.6666666667
100.0
100.0
82.6666666667
97.3333333333
97.3333333333
97.3333333333
94.6666666667
100.0
97.3333333333
98.6666666667
98.6666666667
98.6666666667
98.6666666667
98.6666666667
96.0
90.6666666667
97.3333333333
94.6666666667
90.6666666667
96.0
97.3333333333
100.0
98.6666666667
98.6666666667
94.6666666667
97.3333333333
90.6666666667
97.3333333333
92.0
97.3333333333
100.0
93.3333333333
93.3333333333
100.0
90.6666666667
97.3333333333
100.0
93.3333333333
98.6666666667
94.6666666667
98.6666666667
97.3333333333
89.3333333333
98.6666666667
94.6666666667
96.0
88.0
94.6666666667
97.3333333333
97.3333333333
100.0
93.3333333333
96.0
98.6666666667
85.3333333333
88.0
96.0
100.0
86.6666666667
98.6666666667
97.3333333333
100.0
100.0
97.3333333333
98.6666666667
96.0
100.0
96.0
93.3333333333
96.0
97.3333333333
97.3333333333
93.3333333333
85.3333333333
98.6666666667
98.6666666667
98.6666666667
100.0
96.0
100.0
97.3333333333
97.3333333333
97.3333333333
97.3333333333
97.3333333333
94.6666666667
98.6666666667
100.0
98.6666666667
94.6666666667
90.6666666667
97.3333333333
98.6666666667
100.0
96.0
92.0
98.6666666667
100.0
98.6666666667
96.0
600 Test Acc = 96.64% +- 0.25%
