/usr/local/lib/python2.7/dist-packages/torchvision/transforms/transforms.py:188: UserWarning: The use of the transforms.Scale transform is deprecated, please use transforms.Resize instead.
  "please use transforms.Resize instead.")
ISIC
[2, 1, 4]
68.0
[2, 4, 0]
60.0
[2, 1, 2, 3, 4]
64.0
[2, 1, 3, 4, 1]
66.6666666667
[2, 2, 3]
50.6666666667
[2, 1, 3, 4, 3]
53.3333333333
[2, 3, 1]
57.3333333333
[2, 1, 1, 3, 3]
64.0
[2, 1, 2]
58.6666666667
[1, 1, 2]
68.0
[2, 1, 1, 2, 3]
66.6666666667
[2, 1, 3, 4, 3]
54.6666666667
[2, 1, 4, 1]
54.6666666667
[2, 1, 2, 1, 3]
70.6666666667
[2, 4, 0, 4, 4]
58.6666666667
[2, 1, 1, 3, 3]
65.3333333333
[2, 4, 2, 1]
49.3333333333
[2, 1, 4, 4]
57.3333333333
[1, 1, 2, 3, 1]
73.3333333333
[2, 4, 1, 2]
62.6666666667
[2, 1, 1, 1, 4]
69.3333333333
[2, 1, 4, 1]
54.6666666667
[2, 1, 3, 1, 2]
62.6666666667
[1, 1, 1, 4]
58.6666666667
[2, 4, 4, 3, 0]
68.0
[1, 3, 1, 4, 1]
61.3333333333
[2, 1, 1, 3]
57.3333333333
[2, 4, 1, 3, 4]
65.3333333333
[2, 1, 2, 0]
66.6666666667
[2, 1, 2, 4]
54.6666666667
[1, 2, 4, 1, 1]
66.6666666667
[2, 4, 1, 4, 3]
64.0
[1, 4, 1, 1]
64.0
[1, 1, 4, 2, 1]
64.0
[2, 1, 2, 3]
61.3333333333
[2, 1, 1, 1]
72.0
[2, 1, 4]
58.6666666667
[2, 1, 1, 1]
61.3333333333
[1, 3, 4, 3, 2]
60.0
[2, 1, 4, 1, 4]
62.6666666667
[2, 1, 1, 3, 1]
66.6666666667
[2, 4, 4, 3]
61.3333333333
[2, 1, 4, 3]
62.6666666667
[1, 0, 1, 4, 3]
61.3333333333
[2, 1, 1, 4]
68.0
[2, 1, 2]
53.3333333333
[2, 3, 1, 4, 1]
74.6666666667
[2, 1, 3, 0, 1]
57.3333333333
[2, 3, 0, 3]
53.3333333333
[1, 2, 4, 1, 4]
66.6666666667
[2, 1, 0, 3, 2]
69.3333333333
[1, 2, 0, 1]
70.6666666667
[2, 1, 1, 4, 4]
58.6666666667
[2, 1, 1, 3, 1]
57.3333333333
[2, 4, 1, 1]
57.3333333333
[1, 1, 3, 3, 0]
72.0
[2, 1, 1, 1, 2]
66.6666666667
[2, 1, 1]
62.6666666667
[2, 1, 1, 3]
66.6666666667
[2, 3, 4, 1, 1]
61.3333333333
[2, 4, 0]
54.6666666667
[2, 4, 4, 4]
54.6666666667
[2, 4, 1, 0, 2]
68.0
[2, 3, 2, 4, 0]
60.0
[2, 1, 0, 4, 2]
66.6666666667
[2, 3, 4, 1, 3]
66.6666666667
[2, 1, 4, 1, 3]
68.0
[2, 1, 4, 3, 1]
72.0
[2, 4, 0, 4]
52.0
[2, 1, 2, 4, 3]
69.3333333333
[2, 1, 2, 1, 2]
64.0
[2, 1, 3, 1, 3]
77.3333333333
[2, 1, 1, 1, 3]
74.6666666667
[2, 1, 2]
48.0
[1, 1, 3, 1, 4]
64.0
[2, 1, 4, 3, 3]
62.6666666667
[2, 1, 1, 0, 3]
80.0
[2, 0, 4, 3]
61.3333333333
[2, 1, 3, 4]
61.3333333333
[1, 4, 0, 1, 4]
62.6666666667
[2, 1, 1, 4, 1]
76.0
[2, 1, 4, 0]
66.6666666667
[2, 2, 3]
50.6666666667
[2, 1, 1, 3]
68.0
[2, 1, 4, 4, 3]
66.6666666667
[1, 2, 3, 3, 1]
68.0
[1, 4, 1, 3, 1]
48.0
[2, 1, 4, 1]
69.3333333333
[2, 4, 1, 4]
57.3333333333
[2, 1, 2, 3, 4]
66.6666666667
[2, 1, 1, 3, 3]
72.0
[2, 1, 1]
50.6666666667
[2, 1, 3, 2, 3]
64.0
[2, 1, 1, 4, 3]
52.0
[2, 0, 0, 4]
61.3333333333
[2, 1, 3, 1, 4]
68.0
[2, 0, 1]
62.6666666667
[2, 3, 4, 2]
57.3333333333
[2, 1, 4]
64.0
[2, 1, 3, 0, 1]
69.3333333333
[2, 2, 4, 3, 1]
66.6666666667
[2, 1, 3, 3]
70.6666666667
[1, 2, 1, 1, 1]
58.6666666667
[2, 1, 3, 1, 4]
58.6666666667
[2, 4, 1, 4, 2]
62.6666666667
[2, 1, 1, 4, 4]
65.3333333333
[2, 1, 1, 4, 4]
56.0
[2, 0, 3, 0, 1]
66.6666666667
[2, 4, 1]
61.3333333333
[2, 1, 0, 3]
65.3333333333
[2, 1, 1, 0, 3]
66.6666666667
[2, 1, 1, 1]
68.0
[2, 1, 4]
65.3333333333
[2, 1, 1, 0, 1]
72.0
[1, 2, 1, 1, 4]
69.3333333333
[2, 1, 3, 3]
65.3333333333
[2, 1, 1]
70.6666666667
[2, 1, 4, 1, 0]
61.3333333333
[2, 4, 1]
54.6666666667
[2, 3, 4, 1]
68.0
[2, 3, 2, 3]
62.6666666667
[2, 1, 4, 3]
56.0
[2, 1, 1]
53.3333333333
[2, 1, 1, 4, 3]
69.3333333333
[1, 1, 1, 3]
53.3333333333
[2, 1, 3, 4]
60.0
[2, 1, 4]
72.0
[2, 1, 3, 3, 0]
65.3333333333
[2, 1, 1, 3]
72.0
[2, 1, 3, 1, 1]
76.0
[2, 1, 1, 3, 3]
66.6666666667
[2, 1, 1, 4]
60.0
[2, 1, 3, 4, 2]
62.6666666667
[1, 1, 4, 2]
65.3333333333
[2, 1, 1, 4, 1]
65.3333333333
[2, 1, 3, 4, 4]
66.6666666667
[2, 0, 4, 0]
57.3333333333
[2, 3, 1, 1, 3]
65.3333333333
[1, 2, 1, 3, 3]
60.0
[1, 4, 3, 1, 3]
57.3333333333
[2, 1, 2, 1, 3]
73.3333333333
[2, 1, 1, 1, 3]
70.6666666667
[2, 1, 1, 3]
64.0
[2, 1, 1, 1]
61.3333333333
[2, 2, 1, 1]
68.0
[2, 2, 3, 1, 0]
56.0
[2, 3, 0, 1]
70.6666666667
[2, 1, 3, 1, 4]
72.0
[2, 1, 4, 0, 1]
58.6666666667
[2, 4, 4, 1, 3]
54.6666666667
[2, 1, 1, 4, 3]
65.3333333333
[2, 0, 1]
74.6666666667
[1, 2, 1, 1]
56.0
[2, 1, 1, 1, 3]
68.0
[2, 1, 3]
49.3333333333
[2, 4, 1, 3, 4]
53.3333333333
[2, 1, 2, 0, 2]
76.0
[1, 2, 4, 1, 4]
76.0
[1, 0, 2, 1, 3]
60.0
[2, 1, 1, 1, 1]
60.0
[1, 2, 1, 4, 1]
77.3333333333
[2, 1, 1, 4, 1]
60.0
[1, 2, 1, 4]
66.6666666667
[2, 1, 3, 1, 1]
62.6666666667
[2, 1, 1]
60.0
[1, 2, 1, 1, 1]
69.3333333333
[2, 1, 4, 3]
62.6666666667
[2, 3, 1, 3]
48.0
[2, 1, 1, 3, 1]
68.0
[2, 0, 4, 3, 3]
61.3333333333
[1, 3, 1, 4, 4]
61.3333333333
[1, 1, 3, 4, 1]
66.6666666667
[2, 4, 1, 0, 1]
60.0
[2, 1, 4, 3]
76.0
[2, 1, 3, 3, 4]
76.0
[2, 1, 3, 1, 4]
54.6666666667
[2, 1, 1, 4, 1]
58.6666666667
[1, 4, 1, 1, 1]
60.0
[2, 4, 1, 4, 3]
52.0
[2, 3, 1, 4]
60.0
[2, 1, 3, 2, 2]
58.6666666667
[2, 1, 3, 4, 1]
65.3333333333
[2, 1, 3, 3]
65.3333333333
[2, 0, 4, 3]
60.0
[2, 1, 2, 1, 3]
64.0
[2, 3, 1, 4, 4]
66.6666666667
[1, 2, 1, 3]
77.3333333333
[2, 1, 0, 4, 0]
65.3333333333
[2, 1, 1, 2]
58.6666666667
[2, 1, 3, 1, 3]
58.6666666667
[1, 2, 3, 4, 4]
66.6666666667
[2, 4, 0, 0]
53.3333333333
[1, 1, 1, 3, 4]
69.3333333333
[2, 1, 4, 1, 4]
54.6666666667
[2, 1, 1, 3, 4]
61.3333333333
[2, 1, 4, 4]
64.0
[2, 1, 1, 1, 3]
76.0
[2, 4, 1, 4, 1]
58.6666666667
[2, 1, 4, 3, 3]
48.0
[2, 1, 4, 1, 1]
68.0
[2, 1, 1, 3, 1]
73.3333333333
[2, 1, 2, 4]
60.0
[2, 1, 1, 4, 1]
70.6666666667
[2, 1, 3, 4, 4]
65.3333333333
[2, 2, 1, 4, 2]
64.0
[2, 1, 4, 3]
60.0
[1, 4, 1, 1]
56.0
[2, 1, 2, 4]
58.6666666667
[2, 0, 2]
50.6666666667
[2, 1, 4, 0]
49.3333333333
[2, 1, 3, 1, 4]
65.3333333333
[1, 2, 1, 1, 2]
72.0
[2, 1, 4, 3, 4]
66.6666666667
[2, 1, 1, 1, 4]
65.3333333333
[2, 1, 4, 1, 3]
76.0
[2, 1, 4, 4]
60.0
[2, 1, 3, 3, 1]
62.6666666667
[2, 0, 1]
56.0
[1, 4, 4]
62.6666666667
[2, 1, 2, 1, 1]
66.6666666667
[2, 1, 3, 4, 3]
61.3333333333
[2, 1, 0]
62.6666666667
[2, 1, 4, 3, 1]
70.6666666667
[2, 1, 0, 1, 1]
62.6666666667
[1, 4, 3, 1, 0]
60.0
[2, 1, 4, 0]
66.6666666667
[2, 3, 3, 2, 3]
64.0
[2, 1, 1, 2]
72.0
[2, 1, 4, 3, 1]
73.3333333333
[2, 1, 2]
73.3333333333
[2, 1, 1, 0, 3]
73.3333333333
[2, 1, 1, 0]
62.6666666667
[1, 1, 3, 1]
56.0
[1, 2, 1, 4, 1]
73.3333333333
[2, 1, 1, 4, 2]
65.3333333333
[2, 4]
54.6666666667
[2, 1, 2, 0, 1]
69.3333333333
[2, 1, 1, 3, 3]
65.3333333333
[2, 1, 4, 1, 0]
58.6666666667
[2, 1, 3, 1, 4]
72.0
[2, 1, 2, 4, 2]
65.3333333333
[2, 3, 4, 1]
49.3333333333
[2, 3, 0]
61.3333333333
[2, 1, 0, 3, 4]
61.3333333333
[2, 1, 1, 4, 4]
69.3333333333
[1, 2, 3, 3, 4]
54.6666666667
[2, 1, 3, 4, 1]
72.0
[2, 1, 3, 0]
70.6666666667
[2, 4, 0, 4]
70.6666666667
[2, 0, 1]
69.3333333333
[2, 1, 4, 4]
58.6666666667
[1, 1, 3, 4, 1]
68.0
[2, 1, 1, 1, 0]
76.0
[2, 1, 3, 3]
60.0
[2, 3, 1, 3]
68.0
[2, 1, 1, 1]
76.0
[2, 4, 1, 1]
57.3333333333
[2, 4, 1, 4]
66.6666666667
[2, 1, 3, 1, 1]
76.0
[2, 1, 1, 1, 4]
66.6666666667
[2, 3, 2, 1, 3]
57.3333333333
[2, 4, 3]
54.6666666667
[1, 2, 1, 3, 1]
73.3333333333
[2, 1, 1, 4, 1]
68.0
[2, 1, 1, 1, 1]
66.6666666667
[2, 4, 3, 4, 4]
58.6666666667
[2, 1]
72.0
[0, 1, 3, 2]
69.3333333333
[1, 1, 1, 2, 0]
73.3333333333
[2, 1, 1, 3]
66.6666666667
[1, 1, 1, 3, 1]
61.3333333333
[2, 1, 0, 1, 3]
70.6666666667
[2, 1, 3, 1]
72.0
[2, 1, 3, 1, 4]
62.6666666667
[2, 1, 3, 4, 0]
60.0
[2, 1, 0, 2, 2]
70.6666666667
[2, 1, 4, 4, 4]
72.0
[2, 1, 1, 2]
74.6666666667
[2, 1, 4, 1, 4]
76.0
[2, 1, 0]
73.3333333333
[2, 1, 2, 1, 3]
77.3333333333
[1, 2, 1, 3, 4]
69.3333333333
[2, 1, 0, 4, 3]
68.0
[2, 1, 3, 2]
64.0
[1, 2, 1, 1, 1]
74.6666666667
[2, 1, 1, 2]
62.6666666667
[2, 4, 4, 0]
56.0
[2, 1, 3, 4, 1]
57.3333333333
[2, 0, 2, 2]
77.3333333333
[2, 1, 2, 2]
64.0
[2, 0, 4, 1]
57.3333333333
[2, 4, 1, 1]
53.3333333333
[2, 3, 4, 3, 0]
62.6666666667
[2, 1, 1, 1]
68.0
[2, 1, 1, 3, 1]
72.0
[2, 1, 4, 4, 2]
57.3333333333
[2, 4, 1, 2, 4]
69.3333333333
[1, 2, 1, 4, 4]
56.0
[1, 1, 0, 1]
62.6666666667
[2, 1, 3, 3, 1]
77.3333333333
[1, 3, 4, 1, 4]
58.6666666667
[2, 0, 1, 0, 1]
61.3333333333
[2, 4, 3, 1, 0]
60.0
[2, 2, 1, 0]
80.0
[2, 4, 0, 4, 3]
50.6666666667
[2, 1, 2, 2]
56.0
[2, 1, 0, 2]
62.6666666667
[2, 1, 1, 4]
73.3333333333
[2, 1, 1, 0, 3]
64.0
[2, 1, 1, 1, 4]
65.3333333333
[2, 1, 1, 4, 1]
54.6666666667
[1, 3, 4, 1]
64.0
[1, 4, 4, 2]
54.6666666667
[2, 4, 1, 4]
73.3333333333
[2, 1, 2]
60.0
[2, 1, 1, 4, 4]
74.6666666667
[2, 1]
64.0
[0, 1, 4, 1]
49.3333333333
[2, 1, 3, 4, 4]
57.3333333333
[1, 4, 4, 1]
56.0
[1, 2, 1, 1, 1]
65.3333333333
[2, 3, 4, 4]
57.3333333333
[1, 2, 1, 1]
58.6666666667
[1, 2]
53.3333333333
[2, 1, 2]
68.0
[2, 4, 1, 3, 4]
48.0
[1, 1, 3, 4, 1]
70.6666666667
[2, 1, 3, 1, 1]
69.3333333333
[2, 4, 1, 2]
80.0
[1, 2, 1, 3, 1]
80.0
[2, 1, 1, 4, 3]
62.6666666667
[2, 1, 1, 1, 0]
54.6666666667
[2, 1, 4]
64.0
[2, 2, 1, 3, 2]
62.6666666667
[2, 1, 1, 2]
66.6666666667
[2, 1, 4]
68.0
[2, 1, 4, 1, 3]
65.3333333333
[2, 4, 4, 1]
49.3333333333
[2, 4, 3, 1, 2]
64.0
[1, 2, 1, 4, 1]
62.6666666667
[2, 4, 2, 4, 1]
65.3333333333
[2, 3, 4, 3, 4]
64.0
[2, 1, 2, 1, 4]
76.0
[2, 1, 4, 4, 1]
69.3333333333
[2, 1, 1, 3]
53.3333333333
[2, 4, 3, 1, 4]
56.0
[2, 1, 3, 1]
65.3333333333
[2, 3, 1, 4, 1]
62.6666666667
[2, 1, 0]
57.3333333333
[2, 1, 1, 3, 4]
65.3333333333
[2, 1, 1, 1]
66.6666666667
[2, 1, 4, 3, 0]
61.3333333333
[2, 3, 1, 4, 3]
50.6666666667
[2, 4, 4]
65.3333333333
[1, 4, 1, 4]
65.3333333333
[2, 1, 3, 0, 3]
60.0
[2, 1, 1, 4, 0]
66.6666666667
[2, 4, 1, 4]
68.0
[2, 3, 4, 1, 4]
52.0
[1, 1, 1]
60.0
[2, 1, 1, 4]
76.0
[2, 4, 3]
56.0
[2, 1, 0, 1, 2]
64.0
[2, 1, 4, 3, 4]
65.3333333333
[2, 1, 3, 2, 4]
80.0
[2, 1, 1, 3, 1]
72.0
[2, 1, 1, 3]
64.0
[1, 3, 0, 4, 4]
65.3333333333
[2, 1, 1, 3, 4]
62.6666666667
[2, 1, 1, 3, 4]
69.3333333333
[2, 1, 0, 4, 2]
72.0
[1, 2, 4, 4]
50.6666666667
[2, 1, 3, 3, 4]
69.3333333333
[1, 2, 3, 1, 1]
65.3333333333
[2, 0, 1, 4, 4]
64.0
[2, 1, 1, 2, 3]
65.3333333333
[1, 1, 4, 1, 3]
69.3333333333
[2, 3, 1, 1, 3]
66.6666666667
[2, 1, 1, 1, 3]
58.6666666667
[2, 1, 0]
68.0
[1, 0, 3]
50.6666666667
[2, 3, 4, 4, 2]
68.0
[2, 1, 1, 3, 3]
64.0
[2, 4, 4, 1]
72.0
[2, 1, 1, 2, 3]
60.0
[2, 4, 1]
57.3333333333
[1, 2, 4, 1, 0]
61.3333333333
[2, 1, 1, 2, 2]
65.3333333333
[2, 1, 3, 1, 2]
69.3333333333
[1, 1, 3, 1, 3]
69.3333333333
[2, 1, 4, 2, 4]
66.6666666667
[2, 1, 1, 2, 4]
73.3333333333
[2, 1, 4, 2, 1]
64.0
[2, 1, 4, 2]
73.3333333333
[2, 1, 3, 2, 2]
62.6666666667
[2, 4, 3, 1]
57.3333333333
[2, 1, 3]
68.0
[2, 1, 1, 2, 4]
61.3333333333
[2, 4, 2]
46.6666666667
[2, 4, 3, 4, 0]
61.3333333333
[2, 1, 0, 1, 4]
78.6666666667
[2, 1, 1]
68.0
[2, 1, 1, 3, 1]
62.6666666667
[2, 1, 4, 4, 1]
74.6666666667
[2, 1, 1, 1, 3]
66.6666666667
[2, 1, 3, 4, 1]
72.0
[2, 4, 3, 1]
68.0
[1, 1, 1, 2, 1]
77.3333333333
[1, 1, 1, 1, 1]
52.0
[2, 4, 3, 3]
50.6666666667
[2, 1, 1, 2]
74.6666666667
[2, 3, 1, 0]
62.6666666667
[2, 3, 4, 4]
64.0
[2, 1, 4, 0]
78.6666666667
[2, 1, 1, 1]
62.6666666667
[2, 1, 1, 0]
66.6666666667
[1, 1, 4, 1, 3]
68.0
[2, 1, 4, 3]
68.0
[2, 1, 4, 3]
69.3333333333
[2, 3, 1]
58.6666666667
[2, 1, 3, 2, 1]
61.3333333333
[2, 3, 1, 1, 3]
74.6666666667
[1, 2, 1, 3, 1]
69.3333333333
[2, 1, 0, 3, 1]
58.6666666667
[2, 1, 1, 1, 1]
62.6666666667
[2, 1, 3, 1, 1]
66.6666666667
[2, 1, 1, 4]
66.6666666667
[2, 1, 4, 4]
62.6666666667
[2, 0, 3, 3]
62.6666666667
[2, 1, 1, 2, 4]
74.6666666667
[2, 1, 3, 4, 3]
58.6666666667
[1, 1, 1, 1, 1]
66.6666666667
[2, 1, 1, 2, 3]
66.6666666667
[2, 1, 1, 3, 1]
69.3333333333
[2, 1, 1, 1, 3]
69.3333333333
[2, 1, 3, 1, 3]
60.0
[2, 1, 1, 1]
76.0
[2, 1, 3, 1, 3]
62.6666666667
[2, 1, 4]
73.3333333333
[2, 4, 1]
64.0
[2, 1, 3, 1, 3]
62.6666666667
[2, 1, 4, 4]
73.3333333333
[2, 4, 3, 1, 3]
77.3333333333
[1, 1, 3, 1, 4]
65.3333333333
[2, 1, 1, 1, 3]
66.6666666667
[2, 1, 1, 1, 3]
65.3333333333
[2, 1, 3, 1, 1]
72.0
[2, 1, 3, 1, 1]
61.3333333333
[1, 2, 1, 1, 3]
64.0
[2, 2, 3, 0, 0]
57.3333333333
[2, 1, 1]
68.0
[2, 1, 4, 3]
58.6666666667
[2, 1, 4, 2, 3]
45.3333333333
[2, 1, 1]
64.0
[2, 1, 3, 3, 1]
70.6666666667
[1, 4, 3, 0]
57.3333333333
[2, 4, 0, 1]
54.6666666667
[2, 1, 3, 1, 1]
74.6666666667
[1, 1, 3, 0, 1]
65.3333333333
[2, 1, 1, 3]
76.0
[1, 1, 1, 4, 3]
58.6666666667
[2, 1, 3, 3, 1]
58.6666666667
[2, 1, 4, 3]
68.0
[2, 1, 1, 1]
68.0
[2, 1, 1, 0, 4]
72.0
[2, 4, 1, 4]
58.6666666667
[2, 3, 4, 3, 4]
64.0
[2, 1, 1, 1, 2]
65.3333333333
[2, 1, 1, 1, 2]
68.0
[2, 1, 1, 1, 4]
62.6666666667
[2, 1, 4, 1, 1]
62.6666666667
[2, 1, 1, 3, 2]
68.0
[2, 1, 1, 0]
74.6666666667
[2, 4, 2, 3]
58.6666666667
[2, 1, 4, 4, 3]
73.3333333333
[2, 1, 1, 1]
61.3333333333
[2, 1, 1, 4]
64.0
[2, 0, 2, 0]
69.3333333333
[2, 1, 4, 1, 4]
58.6666666667
[2, 1, 1, 1, 4]
64.0
[2, 1, 2, 2, 3]
64.0
[2, 1, 4, 1]
58.6666666667
[2, 1, 0, 1, 3]
58.6666666667
[2, 0, 3, 3, 1]
65.3333333333
[2, 1, 4, 3, 4]
50.6666666667
[1, 1, 4, 4]
72.0
[2, 1, 1, 1, 1]
68.0
[2, 1, 3, 4, 3]
72.0
[1, 1, 4, 1, 3]
64.0
[2, 1, 1, 1, 3]
66.6666666667
[2, 4, 1, 4, 3]
72.0
[2, 1, 4, 1, 4]
66.6666666667
[2, 1, 1, 4, 2]
72.0
[2, 3, 1, 4, 4]
62.6666666667
[2, 1, 1, 3, 1]
68.0
[2, 0, 1, 4, 3]
62.6666666667
[2, 3, 2, 4, 3]
65.3333333333
[2, 4, 3, 1, 4]
64.0
[2, 4, 1, 3, 4]
66.6666666667
[1, 2, 1, 1, 4]
64.0
[2, 2, 4, 0]
54.6666666667
[2, 1, 0, 2, 3]
72.0
[1, 1, 2, 1, 3]
69.3333333333
[2, 1, 3, 4]
68.0
[2, 1, 3, 3, 2]
56.0
[2, 1, 0, 1]
53.3333333333
[2, 1, 4, 3, 4]
60.0
[2, 1, 4, 4]
66.6666666667
[1, 2, 1, 4, 1]
66.6666666667
[2, 1, 4, 1]
66.6666666667
[2, 1, 1, 1, 0]
61.3333333333
[1, 4, 4, 4, 1]
60.0
[2, 4, 1, 3, 1]
60.0
[2, 1, 1, 4, 1]
66.6666666667
[2, 3, 1, 3, 4]
74.6666666667
[2, 4, 4, 1]
74.6666666667
[2, 1, 4, 3, 1]
64.0
[2, 1, 1]
72.0
[2, 1, 1, 3]
74.6666666667
[1, 2, 1, 4, 1]
57.3333333333
[2, 1, 2, 0, 2]
54.6666666667
[2, 1, 4, 1, 4]
68.0
[2, 4, 4, 2]
56.0
[2, 1, 1]
56.0
[2, 3, 0, 1, 1]
66.6666666667
[2, 0, 3]
58.6666666667
[2, 1, 3, 3]
61.3333333333
[2, 1, 1, 1]
56.0
[2, 1, 4, 4]
62.6666666667
[2, 1, 1, 3, 1]
69.3333333333
[2, 1, 0, 0]
70.6666666667
[2, 4, 1, 4]
58.6666666667
[2, 1, 4, 0, 2]
66.6666666667
[2, 3, 2, 4, 3]
68.0
[2, 1, 3]
76.0
[2, 1, 1, 3]
60.0
[2, 2]
53.3333333333
[2, 1, 4, 3]
64.0
[1, 1, 3, 1, 1]
56.0
[2, 1, 3, 2, 1]
66.6666666667
[0, 1, 3, 1, 1]
60.0
[2, 1, 4, 0]
66.6666666667
[2, 1, 3, 1, 2]
62.6666666667
[1, 2, 1, 3, 3]
68.0
[2, 1, 3, 1, 4]
74.6666666667
[2, 3, 1, 0]
62.6666666667
[2, 1, 1]
50.6666666667
[2, 4, 0, 4]
58.6666666667
[2, 3, 4, 3, 1]
56.0
[2, 1, 1, 3, 4]
76.0
[1, 2, 0, 1]
62.6666666667
[2, 0, 1, 2]
73.3333333333
[2, 4, 3]
56.0
[2, 1, 1, 4, 1]
61.3333333333
[2, 1, 2, 1, 2]
61.3333333333
[2, 4, 3, 3]
60.0
[1, 1, 4, 1, 1]
60.0
[2, 1, 1, 2, 2]
66.6666666667
[2, 1, 0, 4]
66.6666666667
[2, 1, 1, 2, 1]
74.6666666667
[2, 1, 2, 3, 2]
50.6666666667
[2, 4, 3, 1]
61.3333333333
[2, 3, 1, 4, 3]
72.0
[2, 3, 1, 4]
72.0
[2, 3, 1, 4, 3]
68.0
[2, 1, 3, 0]
61.3333333333
[2, 4]
60.0
[2, 1, 4, 3, 1]
66.6666666667
[2, 2, 1, 3, 0]
74.6666666667
[2, 1, 4, 2]
68.0
[1, 1, 4, 1, 4]
69.3333333333
[2, 4, 3, 1]
69.3333333333
[1, 1, 4, 1]
68.0
[1, 1, 3, 4, 4]
64.0
[2, 1, 4, 3]
64.0
[2, 3, 4, 0]
49.3333333333
[2, 1, 0, 3, 4]
70.6666666667
[2, 1, 3, 2, 4]
62.6666666667
[2, 1, 4, 4, 1]
61.3333333333
[2, 1, 1, 1, 1]
66.6666666667
[2, 1, 3, 1]
70.6666666667
[2, 1, 1, 4]
70.6666666667
[2, 3, 3, 3, 3]
65.3333333333
[2, 1, 4, 1]
56.0
[2, 1, 4, 3, 4]
65.3333333333
[2, 1, 2, 1, 1]
72.0
[2, 1, 4, 4, 1]
60.0
[2, 4, 4, 4, 4]
53.3333333333
[2, 1, 1, 3, 1]
72.0
[1, 2, 4, 4]
56.0
[2, 1, 2, 4]
66.6666666667
[2, 3, 2, 1]
76.0
[2, 1, 4, 1]
57.3333333333
[1, 1, 2, 3]
49.3333333333
[2, 1, 1, 1]
54.6666666667
[2, 1, 0]
53.3333333333
[1, 2, 3, 1]
65.3333333333
[1, 1, 1]
56.0
[2, 1, 3, 2, 4]
65.3333333333
[2, 1, 1, 4, 2]
57.3333333333
600 Test Acc = 64.20% +- 0.55%
EuroSAT
[0, 0, 0, 2, 4]
92.0
[0, 0, 3, 2, 0]
93.3333333333
[0, 1, 1, 0, 2]
92.0
[0, 0, 0, 0, 2]
100.0
[0, 0, 1, 2, 1]
88.0
[0, 0, 1, 0, 0]
94.6666666667
[0, 0, 0, 0, 0]
94.6666666667
[0, 0, 2, 2, 2]
100.0
[0, 2, 0, 1, 2]
88.0
[0, 2, 0, 0, 0]
98.6666666667
[0, 0, 0, 0, 0]
97.3333333333
[0, 3, 0, 0, 2]
94.6666666667
[0, 2, 0, 1, 0]
96.0
[0, 0, 2, 0, 2]
98.6666666667
[0, 0, 1, 0, 0]
90.6666666667
[0, 2, 1, 1, 2]
86.6666666667
[0, 2, 4]
86.6666666667
[0, 1, 0, 4, 1]
88.0
[0, 0, 0, 2, 2]
100.0
[0, 2, 2, 3, 0]
96.0
[0, 2, 0, 0]
94.6666666667
[0, 2, 1, 3, 2]
92.0
[0, 1, 3, 4, 2]
96.0
[0, 2, 1, 3, 2]
89.3333333333
[0, 2, 2, 0, 2]
93.3333333333
[0, 3, 0, 2, 3]
96.0
[0, 2, 0, 1, 2]
98.6666666667
[0, 0, 1, 0, 1]
94.6666666667
[0, 0, 2, 0, 1]
98.6666666667
[0, 0, 0, 0, 0]
92.0
[0, 2, 0, 1, 0]
94.6666666667
[0, 0, 1, 1, 3]
88.0
[0, 0, 3, 1, 1]
96.0
[0, 1, 2, 1, 2]
94.6666666667
[0, 1, 2, 0, 1]
93.3333333333
[0, 1, 2, 2, 0]
94.6666666667
[0, 0, 0, 2, 0]
93.3333333333
[0, 1, 3, 1, 2]
90.6666666667
[0, 2, 2, 0, 1]
94.6666666667
[0, 2, 0, 2, 0]
93.3333333333
[0, 2, 2, 1, 0]
92.0
[0, 2, 2, 2, 0]
94.6666666667
[0, 0, 2, 1, 0]
100.0
[0, 0, 0, 3, 0]
93.3333333333
[0, 2, 1, 2, 1]
93.3333333333
[0, 2, 2, 2, 3]
92.0
[0, 0, 0, 2, 4]
94.6666666667
[0, 2, 2, 0, 2]
89.3333333333
[0, 1, 3, 2, 2]
90.6666666667
[0, 2, 0, 2, 2]
94.6666666667
[0, 0, 3, 0, 0]
92.0
[0, 0, 1, 1, 2]
92.0
[0, 1, 0, 1, 2]
94.6666666667
[0, 1, 2, 0, 3]
97.3333333333
[0, 1, 1, 0, 1]
90.6666666667
[0, 0, 2, 0, 3]
90.6666666667
[0, 0, 2, 3, 3]
94.6666666667
[0, 2, 0, 1, 2]
96.0
[0, 0, 0, 0]
94.6666666667
[0, 0, 2, 3, 0]
96.0
[0, 0, 2, 0, 3]
93.3333333333
[0, 1, 0, 1, 2]
94.6666666667
[0, 3, 2, 0, 2]
93.3333333333
[0, 2, 2, 3, 2]
97.3333333333
[0, 2, 0, 1, 2]
93.3333333333
[0, 0, 4, 1, 1]
93.3333333333
[0, 2, 1, 0, 0]
94.6666666667
[0, 0, 1, 3, 2]
92.0
[0, 1, 0, 3, 1]
84.0
[0, 0, 2, 0, 0]
98.6666666667
[0, 2, 3, 1, 0]
92.0
[0, 0, 3, 2, 0]
89.3333333333
[0, 1, 1, 1, 0]
92.0
[0, 0, 3, 0]
80.0
[0, 0, 0, 2, 0]
98.6666666667
[0, 0, 0, 1, 0]
97.3333333333
[0, 2, 0, 2, 0]
96.0
[0, 2, 2, 0, 0]
96.0
[0, 2, 2, 0, 1]
93.3333333333
[0, 1, 1, 1, 4]
93.3333333333
[0, 2, 0, 2, 2]
90.6666666667
[0, 2, 2, 3, 2]
96.0
[2, 0, 1, 1, 2]
96.0
[0, 2, 2, 3, 1]
96.0
[0, 0, 2, 0, 2]
93.3333333333
[0, 0, 0, 0, 1]
92.0
[0, 2, 1, 2, 1]
90.6666666667
[0, 2, 0, 0, 0]
98.6666666667
[0, 2, 1, 0]
89.3333333333
[0, 2, 2, 1, 2]
90.6666666667
[0, 1, 0, 2, 0]
92.0
[0, 2, 1, 0, 2]
92.0
[0, 2, 1, 2, 1]
86.6666666667
[0, 0, 4, 0, 4]
94.6666666667
[0, 2, 0, 2, 0]
94.6666666667
[0, 1, 2, 1, 1]
92.0
[0, 2, 0, 3, 4]
96.0
[0, 2, 3, 2, 1]
85.3333333333
[0, 0, 4, 2, 2]
90.6666666667
[0, 2, 3, 1, 3]
93.3333333333
[0, 2, 0, 2, 2]
97.3333333333
[0, 2, 1, 2, 1]
93.3333333333
[0, 0, 0, 1]
96.0
[0, 2, 2, 0, 0]
89.3333333333
[0, 2, 0, 1, 4]
88.0
[0, 0, 2, 0, 1]
97.3333333333
[0, 0, 0, 3, 0]
97.3333333333
[0, 2, 3, 0, 4]
97.3333333333
[0, 0, 2, 3, 4]
89.3333333333
[0, 0, 0, 0, 0]
94.6666666667
[0, 0, 2, 1]
93.3333333333
[0, 3, 2, 1, 3]
96.0
[0, 0, 0, 2, 0]
92.0
[0, 0, 0, 2, 3]
89.3333333333
[0, 2, 2, 1, 1]
97.3333333333
[0, 2, 1, 2, 0]
97.3333333333
[0, 2, 1, 2, 1]
94.6666666667
[2, 2, 2, 1, 2]
93.3333333333
[0, 0, 0, 0, 3]
92.0
[0, 1, 1, 1, 2]
92.0
[0, 1, 0, 0, 3]
98.6666666667
[0, 1, 2, 2, 2]
90.6666666667
[0, 2, 1, 2, 0]
89.3333333333
[0, 0, 0, 1, 0]
94.6666666667
[0, 0, 1, 0, 0]
94.6666666667
[0, 3, 2, 0, 0]
96.0
[0, 2, 2, 2, 0]
90.6666666667
[0, 1, 2, 0]
94.6666666667
[0, 2, 2, 0, 0]
97.3333333333
[0, 2, 1, 1, 3]
98.6666666667
[0, 2, 0, 2, 0]
94.6666666667
[0, 2, 1, 2, 0]
93.3333333333
[0, 2, 2, 2, 2]
90.6666666667
[0, 2, 0, 4, 1]
93.3333333333
[0, 0, 2, 0, 0]
94.6666666667
[0, 0, 0, 0, 3]
80.0
[0, 0, 0, 0, 2]
94.6666666667
[0, 0, 3]
72.0
[0, 1, 1, 4]
82.6666666667
[0, 2, 1, 0, 2]
96.0
[0, 1, 1, 0, 1]
93.3333333333
[0, 3, 2, 1, 2]
93.3333333333
[0, 1, 2, 1, 1]
88.0
[0, 2, 1, 2, 2]
89.3333333333
[0, 1, 1, 1, 2]
96.0
[0, 0, 1, 3, 2]
96.0
[0, 0, 0, 2, 0]
94.6666666667
[0, 2, 1, 0, 4]
86.6666666667
[2, 1, 1, 0, 1]
96.0
[0, 2, 0, 1, 2]
97.3333333333
[0, 2, 0, 3, 0]
96.0
[0, 1, 3, 2, 0]
88.0
[0, 0, 2, 3, 2]
94.6666666667
[0, 2, 1, 0, 3]
90.6666666667
[0, 2, 0, 1, 4]
92.0
[2, 1, 1, 1, 1]
86.6666666667
[0, 0, 0, 1, 2]
86.6666666667
[0, 2, 3, 2]
93.3333333333
[0, 1, 0, 1, 2]
85.3333333333
[0, 2, 4, 1, 0]
98.6666666667
[0, 0, 0, 3, 2]
96.0
[0, 2, 1, 2, 2]
93.3333333333
[0, 0, 2, 0, 0]
88.0
[0, 2, 1, 1, 1]
89.3333333333
[0, 2, 2, 0, 4]
98.6666666667
[2, 0, 2, 0, 2]
92.0
[0, 1, 2, 0, 0]
90.6666666667
[0, 0, 2, 2, 1]
98.6666666667
[0, 2, 3, 2, 1]
96.0
[0, 0, 0, 1]
93.3333333333
[0, 0, 0, 2]
93.3333333333
[0, 2, 1, 0, 2]
93.3333333333
[0, 1, 0, 3, 2]
93.3333333333
[0, 2, 0, 0, 1]
94.6666666667
[0, 2, 0, 2, 0]
96.0
[0, 2, 1, 2, 1]
93.3333333333
[0, 2, 1, 1, 0]
85.3333333333
[0, 0, 0]
93.3333333333
[0, 0, 2, 3, 0]
89.3333333333
[0, 2, 0, 2, 2]
96.0
[0, 0, 3, 2]
84.0
[0, 2, 0, 2, 1]
94.6666666667
[0, 1, 2, 1, 2]
96.0
[0, 1, 1, 3, 2]
92.0
[0, 0, 0, 1, 0]
100.0
[0, 0, 2, 0]
92.0
[0, 0, 0, 3, 2]
96.0
[0, 2, 0, 2]
96.0
[0, 2, 3, 2, 2]
98.6666666667
[0, 1, 0, 2, 2]
96.0
[0, 2, 1, 1, 0]
90.6666666667
[0, 1, 3, 1, 0]
93.3333333333
[0, 1, 0, 2, 1]
92.0
[0, 0, 2, 3, 2]
92.0
[0, 2, 2, 4, 2]
93.3333333333
[0, 0, 2, 1, 2]
94.6666666667
[0, 1, 1, 1, 2]
84.0
[0, 0, 2, 1, 2]
88.0
[0, 0, 2, 1, 0]
89.3333333333
[0, 0, 0, 2, 0]
98.6666666667
[0, 0, 0, 0, 1]
97.3333333333
[0, 2, 0, 1, 2]
96.0
[0, 2, 1, 0, 0]
97.3333333333
[0, 2, 1, 1, 1]
90.6666666667
[0, 0, 1, 2, 4]
90.6666666667
[0, 0, 1, 1]
94.6666666667
[0, 2, 1, 2, 0]
82.6666666667
[0, 2, 1, 1, 1]
97.3333333333
[0, 1, 1, 3, 0]
98.6666666667
[0, 2, 0, 3, 0]
94.6666666667
[0, 1, 2, 2, 3]
94.6666666667
[0, 2, 0, 1, 0]
96.0
[0, 0, 1, 1, 1]
93.3333333333
[0, 0, 0, 2, 3]
90.6666666667
[0, 1, 1, 0, 2]
93.3333333333
[0, 2, 2, 2, 2]
89.3333333333
[0, 0, 0, 3, 4]
100.0
[0, 2, 2, 2, 0]
94.6666666667
[0, 2, 2, 3, 2]
86.6666666667
[0, 1, 2, 1, 0]
89.3333333333
[2, 1, 2, 1, 1]
90.6666666667
[0, 2, 0, 0]
94.6666666667
[0, 2, 2, 0, 0]
97.3333333333
[0, 2, 1, 0, 2]
93.3333333333
[0, 1, 1, 0, 1]
89.3333333333
[0, 0, 2, 2, 2]
94.6666666667
[0, 0, 2, 1, 3]
93.3333333333
[0, 3, 0, 1, 1]
88.0
[2, 1, 0, 1]
93.3333333333
[0, 0, 1, 2, 0]
93.3333333333
[0, 2, 2, 0, 1]
94.6666666667
[0, 2, 0, 2, 1]
97.3333333333
[0, 0, 1, 1, 0]
96.0
[0, 0, 0, 1, 2]
96.0
[0, 0, 0, 0, 2]
97.3333333333
[0, 1, 2, 0, 3]
86.6666666667
[0, 2, 0, 2, 0]
94.6666666667
[2, 0, 2, 2, 2]
97.3333333333
[0, 2, 1, 0, 0]
97.3333333333
[0, 2, 1, 3, 1]
92.0
[0, 2, 2, 3, 2]
84.0
[0, 2, 0, 0, 1]
97.3333333333
[0, 2, 1, 0, 4]
86.6666666667
[0, 2, 1, 3, 4]
88.0
[0, 0, 2, 3, 2]
97.3333333333
[0, 1, 1, 1, 2]
88.0
[0, 2, 1, 0, 2]
97.3333333333
[0, 0, 0, 2, 2]
97.3333333333
[0, 1, 0, 0, 2]
90.6666666667
[2, 1, 2, 0, 2]
96.0
[0, 0, 1, 1, 1]
82.6666666667
[0, 2, 0, 0, 2]
93.3333333333
[0, 1, 2, 0, 2]
84.0
[0, 2, 0, 0, 2]
97.3333333333
[0, 0, 1, 2, 2]
97.3333333333
[0, 2, 0, 1, 2]
97.3333333333
[0, 0, 2, 0, 0]
97.3333333333
[0, 2, 2, 0, 1]
86.6666666667
[0, 1, 2, 0, 1]
96.0
[0, 2, 1, 1, 2]
94.6666666667
[0, 1, 2, 2, 0]
90.6666666667
[0, 0, 3, 0, 3]
98.6666666667
[0, 1, 2, 3, 2]
94.6666666667
[0, 0, 1, 0, 0]
93.3333333333
[2, 0, 1, 2, 3]
85.3333333333
[0, 2, 2, 2, 0]
97.3333333333
[0, 0, 0, 1, 1]
93.3333333333
[0, 1, 2, 2, 1]
89.3333333333
[0, 2, 3, 1, 1]
97.3333333333
[0, 0, 1, 2]
96.0
[0, 2, 0, 0, 0]
94.6666666667
[0, 1, 2, 3, 2]
93.3333333333
[0, 3, 0, 3, 2]
96.0
[0, 2, 1, 1, 2]
90.6666666667
[0, 2, 2, 0]
89.3333333333
[0, 0, 0, 2, 1]
94.6666666667
[0, 0, 1, 3, 2]
97.3333333333
[0, 2, 3, 3, 1]
90.6666666667
[0, 0, 2, 4, 1]
94.6666666667
[0, 1, 0, 1, 0]
93.3333333333
[0, 0, 0, 2, 2]
93.3333333333
[0, 2, 1, 0, 4]
85.3333333333
[0, 1, 2, 2, 2]
98.6666666667
[0, 0, 2, 1, 1]
90.6666666667
[0, 2, 0, 0, 2]
98.6666666667
[0, 2, 2, 0, 2]
94.6666666667
[0, 0, 2, 2, 1]
85.3333333333
[0, 0, 1, 1, 0]
98.6666666667
[0, 2, 2, 2, 3]
90.6666666667
[0, 1, 3, 1, 0]
96.0
[0, 0, 2, 1, 0]
93.3333333333
[0, 2, 2, 2, 0]
93.3333333333
[0, 2, 0, 3, 2]
93.3333333333
[0, 0, 1, 0, 3]
89.3333333333
[0, 0, 0, 0, 2]
93.3333333333
[0, 2, 0, 2]
85.3333333333
[0, 2, 1, 1, 2]
89.3333333333
[0, 1, 1, 3, 3]
86.6666666667
[0, 0, 2, 0, 0]
94.6666666667
[0, 1, 0, 2, 3]
93.3333333333
[0, 3, 2, 0, 1]
93.3333333333
[0, 1, 4, 4, 4]
89.3333333333
[0, 2, 1, 2, 2]
86.6666666667
[0, 2, 3, 2, 1]
97.3333333333
[0, 1, 2, 0, 2]
90.6666666667
[0, 0, 0, 2, 2]
90.6666666667
[0, 2, 1, 0, 0]
88.0
[0, 2, 3, 2, 0]
96.0
[0, 2, 0, 1, 2]
89.3333333333
[0, 0, 0, 1, 0]
89.3333333333
[0, 0, 3, 1, 2]
94.6666666667
[0, 1, 0, 1, 2]
93.3333333333
[0, 0, 0, 2, 2]
98.6666666667
[0, 3, 0, 2]
98.6666666667
[0, 0, 0, 3, 3]
94.6666666667
[0, 2, 1, 2, 2]
92.0
[0, 0, 3, 0, 4]
96.0
[0, 1, 3, 0, 2]
92.0
[0, 0, 2, 1, 0]
92.0
[0, 0, 0, 1, 2]
94.6666666667
[0, 0, 1, 0, 0]
89.3333333333
[0, 3, 2, 0, 2]
98.6666666667
[0, 2, 1, 1, 2]
97.3333333333
[0, 1, 0, 2, 1]
97.3333333333
[0, 0, 1, 3, 0]
93.3333333333
[0, 0, 0, 0, 0]
97.3333333333
[0, 2, 2, 0, 0]
89.3333333333
[0, 2, 1, 1, 0]
100.0
[0, 2, 2, 4, 3]
86.6666666667
[0, 2, 2, 0, 2]
90.6666666667
[0, 0, 0, 3, 4]
96.0
[0, 2, 0, 3, 0]
94.6666666667
[0, 2, 4, 0]
82.6666666667
[0, 0, 0, 0, 2]
96.0
[0, 0, 1, 0, 2]
90.6666666667
[0, 0, 2, 3, 0]
89.3333333333
[0, 0, 2, 2, 0]
94.6666666667
[0, 0, 0, 2, 4]
94.6666666667
[0, 2, 1, 2]
86.6666666667
[0, 0, 1, 1, 2]
88.0
[0, 2, 2, 0, 2]
90.6666666667
[0, 2, 2, 1, 2]
96.0
[0, 0, 2, 2, 0]
96.0
[0, 2, 3, 1, 0]
88.0
[0, 1, 3, 2, 2]
92.0
[0, 1, 0, 1, 0]
93.3333333333
[0, 1, 2, 1, 0]
82.6666666667
[0, 2, 3, 2, 2]
82.6666666667
[0, 2, 0, 2, 2]
90.6666666667
[0, 2, 1, 0, 0]
93.3333333333
[0, 2, 3, 2, 0]
85.3333333333
[0, 0, 3, 0, 0]
96.0
[0, 2, 2, 0]
92.0
[0, 0, 0, 2, 4]
93.3333333333
[0, 0, 0, 4, 0]
85.3333333333
[0, 1, 0, 1, 3]
97.3333333333
[0, 1, 0, 4, 1]
92.0
[0, 2, 0, 2, 3]
93.3333333333
[0, 3, 0, 1, 2]
97.3333333333
[0, 2, 2, 2, 3]
100.0
[0, 1, 1, 2, 3]
98.6666666667
[0, 0, 1, 1, 3]
94.6666666667
[0, 2, 2]
84.0
[0, 2, 0, 0, 4]
98.6666666667
[0, 2, 1, 2, 4]
85.3333333333
[0, 2, 1, 1, 2]
88.0
[0, 2, 2, 0, 1]
94.6666666667
[2, 1, 2, 0, 1]
84.0
[0, 0, 0, 0, 3]
94.6666666667
[0, 3, 2, 3, 3]
96.0
[0, 2, 2, 1]
94.6666666667
[0, 0, 1, 1, 3]
93.3333333333
[0, 2, 2, 1, 2]
80.0
[0, 0, 2, 3, 0]
93.3333333333
[0, 2, 3, 1, 1]
93.3333333333
[0, 0, 1, 1, 2]
98.6666666667
[0, 3, 4, 0, 4]
96.0
[0, 0, 2, 0, 0]
98.6666666667
[0, 2, 0, 0, 2]
96.0
[0, 1, 1, 0, 3]
94.6666666667
[0, 0, 3, 0, 0]
96.0
[0, 2, 3, 2, 1]
92.0
[0, 2, 0, 2, 1]
92.0
[0, 0, 0, 4, 4]
96.0
[0, 0, 1, 0, 2]
88.0
[0, 2, 2, 1, 0]
86.6666666667
[0, 2, 2, 2, 1]
96.0
[0, 2, 1, 2, 0]
98.6666666667
[0, 1, 0, 1, 0]
90.6666666667
[0, 0, 0, 0, 3]
93.3333333333
[0, 2, 1, 2, 4]
98.6666666667
[0, 0, 3, 2, 1]
93.3333333333
[0, 2, 1, 0, 2]
78.6666666667
[0, 0, 3, 0, 0]
96.0
[0, 0, 0, 2, 3]
96.0
[0, 2, 2, 3, 0]
90.6666666667
[0, 0, 2, 2, 4]
96.0
[0, 0, 2, 2, 0]
97.3333333333
[0, 1, 2, 1, 4]
96.0
[0, 0, 3, 0, 0]
100.0
[0, 1, 2, 2, 0]
88.0
[0, 2, 0, 1, 0]
96.0
[0, 2, 3, 2, 1]
97.3333333333
[0, 2, 1, 1, 0]
85.3333333333
[0, 2, 3, 3]
90.6666666667
[0, 0, 0, 2]
92.0
[0, 2, 0, 2, 1]
97.3333333333
[0, 0, 1, 0, 0]
85.3333333333
[0, 0, 3, 0, 1]
93.3333333333
[0, 0, 2, 2]
92.0
[0, 1, 3, 2, 0]
80.0
[0, 0, 2, 2, 0]
96.0
[0, 0, 3, 3, 0]
96.0
[0, 0, 0, 1, 2]
97.3333333333
[0, 1, 1, 2, 1]
90.6666666667
[0, 0, 2, 0, 2]
90.6666666667
[0, 0, 2, 3, 0]
97.3333333333
[0, 2, 0, 3, 0]
94.6666666667
[0, 0, 2, 0, 1]
97.3333333333
[0, 0, 0, 2, 3]
98.6666666667
[0, 1, 2, 1, 1]
92.0
[0, 0, 0, 1, 0]
98.6666666667
[0, 0, 1, 1, 0]
92.0
[0, 0, 0, 0, 2]
94.6666666667
[0, 1, 2, 0, 2]
93.3333333333
[0, 2, 1, 3, 2]
97.3333333333
[0, 0, 2, 0, 4]
100.0
[0, 0, 0, 1, 0]
96.0
[0, 1, 3, 1, 0]
86.6666666667
[0, 2, 3, 2, 2]
93.3333333333
[0, 2, 4, 4, 0]
93.3333333333
[0, 2, 0, 2, 2]
92.0
[0, 2, 2, 0, 2]
96.0
[0, 1, 1, 2, 1]
89.3333333333
[0, 0, 0, 1, 0]
92.0
[0, 1, 1, 1, 3]
93.3333333333
[0, 2, 0, 4]
98.6666666667
[0, 2, 2, 1, 2]
93.3333333333
[0, 2, 1, 0, 2]
82.6666666667
[0, 2, 0, 2, 3]
90.6666666667
[0, 1, 1, 1, 1]
94.6666666667
[0, 0, 3, 0, 2]
88.0
[0, 2, 0, 2, 2]
93.3333333333
[0, 1, 0, 3, 0]
97.3333333333
[0, 3, 1, 0, 1]
92.0
[0, 2, 0, 0, 0]
89.3333333333
[0, 1, 3, 1, 4]
90.6666666667
[0, 0, 2, 3, 0]
97.3333333333
[0, 2, 2, 2, 0]
90.6666666667
[0, 0, 3, 0, 0]
94.6666666667
[0, 0, 0, 1, 0]
90.6666666667
[0, 3, 2, 1, 3]
93.3333333333
[0, 1, 0, 2, 0]
94.6666666667
[0, 2, 0, 1, 2]
98.6666666667
[0, 1, 2, 1, 3]
86.6666666667
[0, 2, 1, 0, 4]
90.6666666667
[0, 2, 2, 2, 1]
96.0
[0, 3, 1, 3, 3]
96.0
[0, 0, 2, 3, 4]
93.3333333333
[0, 2, 0, 4]
84.0
[0, 0, 1, 3, 2]
97.3333333333
[0, 2, 0, 2, 1]
96.0
[0, 2, 0, 4, 1]
93.3333333333
[0, 2, 1, 2, 0]
93.3333333333
[0, 0, 2, 1, 0]
94.6666666667
[0, 2, 0, 1, 2]
96.0
[0, 2, 1, 0, 3]
93.3333333333
[0, 3, 0, 1, 3]
92.0
[0, 2, 2, 0, 2]
92.0
[0, 0, 0, 1, 2]
92.0
[0, 0, 3, 1, 4]
97.3333333333
[0, 0, 2, 0, 2]
94.6666666667
[0, 2, 1, 1, 0]
86.6666666667
[0, 4, 0, 2, 0]
97.3333333333
[0, 1, 2, 1, 1]
92.0
[0, 0, 0, 0, 3]
93.3333333333
[0, 1, 2, 0, 2]
86.6666666667
[0, 2, 2, 3, 2]
94.6666666667
[0, 2, 2, 4, 2]
92.0
[0, 2, 1, 0, 2]
97.3333333333
[0, 0, 2, 0, 0]
92.0
[0, 3, 2, 3, 1]
90.6666666667
[0, 2, 1, 4, 1]
98.6666666667
[0, 1, 2, 0, 1]
86.6666666667
[0, 1, 2, 0, 0]
96.0
[0, 0, 2, 2, 2]
92.0
[0, 2, 0, 1, 1]
84.0
[0, 1, 4, 1, 2]
96.0
[0, 2, 2, 0, 3]
93.3333333333
[0, 3, 2, 2, 0]
98.6666666667
[0, 0, 2, 1, 0]
96.0
[0, 0, 0, 3, 3]
98.6666666667
[0, 1, 2, 1, 3]
88.0
[0, 3, 2, 0, 0]
92.0
[0, 0, 2, 3, 0]
93.3333333333
[0, 0, 2, 0, 1]
92.0
[0, 1, 2, 1, 1]
88.0
[0, 0, 2, 2, 0]
82.6666666667
[0, 1, 2, 3, 3]
92.0
[0, 2, 1, 1, 4]
88.0
[0, 1, 2, 1, 3]
90.6666666667
[0, 2, 0, 0, 1]
92.0
[0, 2, 0, 1, 0]
93.3333333333
[0, 2, 2, 0]
85.3333333333
[0, 0, 2, 0, 4]
89.3333333333
[0, 0, 3, 2, 1]
92.0
[0, 2, 0, 3, 0]
98.6666666667
[0, 0, 0, 0, 2]
96.0
[0, 0, 2, 0, 2]
93.3333333333
[0, 0, 2, 0, 2]
92.0
[0, 1, 2, 1, 2]
94.6666666667
[0, 2, 2, 2, 1]
92.0
[0, 2, 2, 3]
86.6666666667
[0, 1, 2, 1, 2]
92.0
[0, 2, 0, 2, 0]
89.3333333333
[0, 2, 1, 0, 1]
92.0
[0, 0, 2, 3, 4]
89.3333333333
[0, 1, 1, 3, 2]
96.0
[0, 1, 1, 0]
93.3333333333
[0, 0, 2, 3, 2]
90.6666666667
[0, 0, 1, 2, 0]
97.3333333333
[0, 2, 2, 2, 0]
98.6666666667
[0, 2, 2, 1, 2]
90.6666666667
[0, 0, 0, 0, 1]
90.6666666667
[0, 2, 2, 1, 1]
94.6666666667
[0, 3, 4, 0, 3]
88.0
[0, 2, 2, 0, 0]
93.3333333333
[0, 0, 3, 2, 3]
90.6666666667
[0, 2, 0, 0, 1]
90.6666666667
[0, 2, 0, 2, 2]
98.6666666667
[0, 2, 0, 0, 1]
90.6666666667
[0, 1, 3, 0, 2]
97.3333333333
[0, 2, 0, 0, 1]
92.0
[0, 2, 0, 0, 0]
97.3333333333
[0, 1, 2, 1, 1]
93.3333333333
[2, 1, 1, 2, 2]
93.3333333333
[0, 0, 1, 0, 2]
94.6666666667
[0, 0, 2, 3, 4]
86.6666666667
[0, 0, 0, 0, 4]
93.3333333333
[0, 1, 3, 2, 3]
84.0
[0, 2, 0, 0]
94.6666666667
[0, 2, 0, 1, 3]
94.6666666667
[0, 0, 2, 4, 0]
94.6666666667
[0, 0, 0, 0, 2]
93.3333333333
[0, 2, 1, 2, 2]
92.0
[0, 2, 1, 0, 1]
89.3333333333
[0, 0, 3, 0, 2]
89.3333333333
[0, 0, 1, 2, 2]
96.0
[0, 0, 0, 3, 1]
90.6666666667
[0, 0, 0, 2, 0]
97.3333333333
[0, 2, 4]
92.0
[0, 2, 3, 2, 2]
93.3333333333
[0, 1, 2, 2, 2]
93.3333333333
[0, 2, 1, 1, 2]
94.6666666667
[0, 2, 0, 0, 0]
96.0
[0, 1, 1, 0, 3]
93.3333333333
[0, 2, 2, 0, 3]
96.0
[0, 1, 0, 2, 0]
94.6666666667
[0, 0, 2, 1, 2]
93.3333333333
[0, 2, 2, 1, 0]
97.3333333333
[0, 1, 2, 4, 1]
98.6666666667
[0, 2, 2, 0, 1]
94.6666666667
[0, 2, 1, 3, 4]
96.0
[0, 0, 0, 0, 2]
90.6666666667
[0, 2, 0, 0, 2]
94.6666666667
[0, 0, 0, 1, 1]
90.6666666667
[0, 2, 0, 0]
96.0
[0, 2, 2, 0, 1]
90.6666666667
[0, 2, 2, 2, 2]
94.6666666667
[0, 0, 1, 1, 0]
94.6666666667
[0, 0, 1, 2, 0]
93.3333333333
[0, 2, 0, 2]
94.6666666667
[0, 1, 1, 0, 2]
94.6666666667
[0, 0, 2, 1, 2]
97.3333333333
[0, 0, 0, 0, 2]
96.0
[0, 0, 2, 0, 0]
96.0
[0, 1, 0, 1, 4]
94.6666666667
[0, 2, 0, 0, 3]
94.6666666667
[0, 0, 0, 3, 0]
94.6666666667
[0, 1, 0, 3, 2]
97.3333333333
[0, 2, 1, 2, 1]
89.3333333333
[0, 0, 0, 0, 1]
93.3333333333
[0, 1, 0, 2, 3]
82.6666666667
[0, 2, 2, 0, 2]
97.3333333333
[0, 0, 2, 1, 0]
93.3333333333
[0, 2, 1, 0, 2]
93.3333333333
[0, 0, 2, 1, 4]
92.0
[0, 0, 1, 2]
90.6666666667
[0, 1, 0, 2, 3]
94.6666666667
[0, 0, 2, 3, 3]
96.0
[0, 0, 0, 0, 3]
93.3333333333
[0, 2, 1, 0, 2]
92.0
[0, 2, 0, 3]
93.3333333333
[0, 2, 4, 2, 2]
94.6666666667
[0, 0, 0, 2, 3]
97.3333333333
[0, 0, 0, 2, 4]
94.6666666667
[0, 2, 0, 2, 1]
98.6666666667
[0, 2, 0, 0, 1]
88.0
[0, 0, 2, 3, 1]
85.3333333333
[0, 2, 1, 2, 0]
90.6666666667
600 Test Acc = 93.02% +- 0.33%
CropDisease
[0, 3, 3, 0, 0]
100.0
[0, 3, 0, 3, 3]
100.0
[3, 0, 2, 1, 0]
98.6666666667
[3, 2, 0, 0, 2]
100.0
[0, 2, 0, 0, 0]
100.0
[0, 3, 0, 0, 3]
100.0
[0, 3, 2, 3, 3]
100.0
[0, 3, 0, 1, 0]
100.0
[3, 0, 3, 3, 0]
100.0
[0, 3, 0, 2, 0]
98.6666666667
[0, 3, 0, 2, 0]
98.6666666667
[0, 3, 2, 3, 0]
100.0
[0, 3, 0, 0, 3]
98.6666666667
[3, 0, 3, 0, 3]
100.0
[3, 0, 2, 3, 3]
96.0
[2, 0, 3, 1, 0]
100.0
[0, 3, 2, 0, 1]
100.0
[3, 2, 3, 3, 2]
97.3333333333
[2, 3, 0, 2, 3]
100.0
[0, 3, 0, 3, 1]
98.6666666667
[3, 0, 2, 0, 0]
96.0
[0, 3, 0, 0, 4]
93.3333333333
[2, 3, 0, 2, 0]
100.0
[3, 0, 2, 3, 0]
98.6666666667
[0, 3, 2, 0, 3]
100.0
[0, 3, 0, 0, 3]
98.6666666667
[0, 0, 0, 2, 0]
100.0
[0, 3, 0, 0, 3]
98.6666666667
[0, 3, 0, 3, 0]
100.0
[0, 3, 0, 3, 0]
98.6666666667
[0, 3, 2, 2, 0]
96.0
[0, 0, 0, 2, 3]
97.3333333333
[0, 0, 3, 0, 0]
92.0
[3, 0, 0, 0, 3]
100.0
[3, 0, 0, 0, 0]
100.0
[0, 0, 0, 3, 0]
100.0
[0, 0, 3, 1, 0]
100.0
[0, 3, 0, 0, 2]
96.0
[0, 0, 3, 2, 0]
98.6666666667
[3, 0, 3, 0, 0]
98.6666666667
[0, 2, 0, 3, 0]
98.6666666667
[0, 3, 2, 0, 0]
96.0
[2, 3, 0, 1, 1]
98.6666666667
[0, 2, 0, 0, 3]
98.6666666667
[0, 3, 0, 0, 3]
100.0
[0, 3, 0, 2, 0]
100.0
[0, 0, 0, 2, 3]
100.0
[0, 3, 2, 0, 3]
97.3333333333
[0, 0, 3, 0, 0]
100.0
[0, 3, 0, 0, 0]
97.3333333333
[0, 3, 2, 3, 0]
100.0
[0, 3, 1, 0, 3]
97.3333333333
[0, 2, 0, 0, 2]
100.0
[3, 0, 3, 2, 3]
98.6666666667
[2, 3, 0, 1, 2]
100.0
[0, 2, 0, 1, 0]
100.0
[0, 3, 0, 2, 2]
98.6666666667
[0, 3, 2, 0, 1]
94.6666666667
[0, 3, 2, 0, 0]
100.0
[0, 3, 0, 3, 2]
100.0
[0, 3, 3, 0, 2]
97.3333333333
[3, 0, 0, 3, 0]
97.3333333333
[0, 3, 2, 1, 1]
98.6666666667
[3, 0, 2, 3, 2]
92.0
[3, 0, 3, 2, 0]
100.0
[0, 3, 0, 0, 3]
97.3333333333
[0, 3, 0, 1, 2]
100.0
[0, 3, 0, 0, 2]
100.0
[0, 2, 0, 3, 0]
100.0
[0, 3, 0, 3, 0]
97.3333333333
[3, 0, 3, 0, 1]
100.0
[0, 2, 3, 0, 0]
100.0
[3, 0, 0, 0, 3]
96.0
[3, 0, 0, 0, 2]
100.0
[0, 3, 0, 3, 3]
97.3333333333
[3, 0, 1, 0, 2]
98.6666666667
[0, 2, 3, 0, 0]
100.0
[0, 3, 2, 2, 3]
100.0
[0, 2, 0, 0, 3]
100.0
[0, 3, 2, 0, 2]
100.0
[0, 3, 2, 3, 0]
100.0
[0, 0, 2, 3, 2]
97.3333333333
[0, 3, 0, 0, 0]
97.3333333333
[0, 0, 3, 0, 0]
97.3333333333
[0, 0, 0, 3, 0]
100.0
[0, 0, 2, 2, 3]
98.6666666667
[0, 0, 0, 1, 1]
98.6666666667
[0, 3, 0, 0, 0]
100.0
[3, 0, 0, 1, 0]
97.3333333333
[2, 0, 0, 3, 2]
100.0
[0, 0, 3, 2, 0]
100.0
[0, 3, 0, 0, 2]
98.6666666667
[0, 3, 0, 2, 1]
100.0
[0, 3, 2, 0, 1]
100.0
[0, 2, 0, 2, 0]
90.6666666667
[0, 3, 0, 0, 1]
100.0
[0, 3, 2, 0, 0]
100.0
[0, 0, 3, 2, 0]
98.6666666667
[0, 3, 0, 3, 0]
96.0
[0, 2, 0, 3, 3]
100.0
[0, 0, 0, 2, 0]
97.3333333333
[3, 0, 2, 3, 2]
100.0
[0, 0, 2, 0, 3]
97.3333333333
[0, 0, 0, 3, 0]
98.6666666667
[3, 0, 0, 3, 4]
94.6666666667
[0, 3, 0, 2, 0]
98.6666666667
[0, 2, 3, 2, 0]
98.6666666667
[0, 3, 0, 3, 0]
100.0
[0, 0, 3, 0, 2]
100.0
[0, 2, 3, 0, 0]
96.0
[0, 3, 0, 0, 0]
98.6666666667
[0, 3, 0, 0, 3]
97.3333333333
[0, 2, 0, 0, 0]
93.3333333333
[2, 0, 3, 0, 2]
100.0
[0, 3, 0, 3, 3]
94.6666666667
[0, 3, 2, 0, 0]
100.0
[0, 3, 0, 0, 0]
96.0
[0, 2, 3, 0, 0]
98.6666666667
[0, 3, 0, 1, 1]
100.0
[0, 3, 0, 1, 0]
98.6666666667
[0, 0, 0, 0, 0]
96.0
[0, 3, 0, 3, 3]
97.3333333333
[3, 0, 3, 2, 3]
93.3333333333
[0, 2, 3, 0, 0]
100.0
[0, 2, 3, 0, 1]
98.6666666667
[0, 3, 0, 0, 3]
100.0
[3, 0, 2, 0, 3]
98.6666666667
[0, 3, 0, 2, 0]
98.6666666667
[0, 2, 0, 3, 0]
100.0
[0, 2, 0, 3, 3]
100.0
[0, 3, 4, 1, 0]
96.0
[0, 3, 0, 1, 2]
100.0
[0, 0, 0, 1, 1]
98.6666666667
[0, 3, 3, 2, 3]
100.0
[0, 3, 0, 0, 0]
98.6666666667
[0, 2, 3, 0, 0]
97.3333333333
[3, 2, 0, 3, 0]
100.0
[0, 3, 0, 2, 1]
100.0
[0, 3, 3, 2, 2]
97.3333333333
[3, 0, 3, 0, 3]
98.6666666667
[3, 0, 0, 3, 2]
100.0
[0, 3, 0, 3, 2]
96.0
[0, 0, 0, 3, 3]
100.0
[0, 3, 0, 2, 0]
100.0
[0, 3, 0, 4, 1]
100.0
[0, 3, 0, 0, 0]
98.6666666667
[3, 2, 0, 0, 2]
96.0
[0, 3, 0, 4, 2]
92.0
[2, 3, 0, 3, 2]
100.0
[0, 3, 0, 3, 3]
98.6666666667
[0, 3, 2, 3, 3]
100.0
[0, 3, 0, 0, 3]
100.0
[0, 3, 0, 2, 0]
100.0
[0, 2, 0, 1, 4]
97.3333333333
[0, 3, 2, 0, 3]
100.0
[3, 0, 3, 2, 0]
100.0
[3, 2, 3, 0, 3]
100.0
[0, 2, 3, 0, 0]
97.3333333333
[3, 0, 0, 0, 2]
97.3333333333
[0, 2, 2, 3, 0]
98.6666666667
[0, 3, 0, 3, 3]
93.3333333333
[0, 3, 2, 0, 1]
96.0
[2, 3, 0, 2, 1]
98.6666666667
[3, 0, 2, 0, 3]
98.6666666667
[0, 3, 0, 0, 0]
100.0
[0, 3, 2, 3, 0]
100.0
[0, 3, 3, 2, 0]
94.6666666667
[0, 0, 3, 1, 3]
97.3333333333
[2, 0, 2, 0, 3]
98.6666666667
[0, 2, 0, 2, 0]
100.0
[0, 3, 3, 0, 1]
98.6666666667
[2, 0, 0, 0, 2]
98.6666666667
[0, 3, 0, 1, 0]
97.3333333333
[0, 3, 0, 2, 2]
98.6666666667
[0, 3, 2, 3, 3]
100.0
[0, 3, 3, 0, 3]
100.0
[0, 2, 3, 0, 1]
98.6666666667
[0, 2, 0, 3, 0]
100.0
[0, 0, 3, 0, 0]
94.6666666667
[0, 3, 2, 3, 2]
96.0
[0, 3, 2, 1, 3]
100.0
[3, 0, 3, 3, 0]
97.3333333333
[0, 2, 3, 0, 0]
100.0
[0, 3, 0, 2, 3]
94.6666666667
[2, 0, 3, 2, 2]
100.0
[0, 3, 0, 0, 3]
100.0
[0, 3, 0, 3, 0]
100.0
[2, 3, 0, 2, 1]
100.0
[0, 3, 2, 2, 3]
94.6666666667
[0, 3, 2, 0, 0]
94.6666666667
[0, 3, 0, 3, 0]
100.0
[3, 0, 0, 2, 0]
98.6666666667
[0, 3, 2, 0, 3]
100.0
[0, 0, 1, 2, 0]
98.6666666667
[0, 3, 0, 2, 3]
100.0
[0, 3, 2, 4, 0]
97.3333333333
[0, 3, 2, 0, 0]
97.3333333333
[0, 0, 1, 3, 0]
97.3333333333
[0, 3, 0, 0, 0]
97.3333333333
[0, 3, 0, 2, 4]
98.6666666667
[0, 2, 0, 1, 0]
97.3333333333
[0, 2, 0, 3, 2]
100.0
[0, 3, 0, 0, 2]
96.0
[0, 2, 0, 0, 0]
100.0
[0, 0, 0, 2, 0]
100.0
[0, 3, 3, 0, 3]
100.0
[0, 3, 0, 0, 3]
100.0
[0, 0, 2, 3, 0]
98.6666666667
[3, 0, 2, 0, 0]
100.0
[0, 2, 0, 3, 0]
98.6666666667
[0, 3, 0, 3, 2]
98.6666666667
[0, 3, 0, 3, 0]
100.0
[0, 0, 2, 3, 0]
100.0
[0, 3, 3, 0, 0]
100.0
[3, 0, 3, 2, 3]
100.0
[0, 3, 0, 0, 3]
100.0
[0, 3, 0, 1, 1]
98.6666666667
[0, 3, 2, 0, 1]
100.0
[0, 3, 2, 0, 2]
96.0
[0, 3, 1, 0, 3]
97.3333333333
[2, 3, 3, 0, 3]
94.6666666667
[0, 3, 2, 3, 2]
100.0
[0, 3, 2, 0, 3]
100.0
[0, 3, 0, 2, 0]
98.6666666667
[0, 0, 3, 0, 3]
98.6666666667
[3, 0, 3, 0, 0]
100.0
[0, 2, 0, 2, 3]
100.0
[0, 3, 2, 0, 3]
98.6666666667
[3, 2, 0, 3, 1]
98.6666666667
[0, 3, 0, 0, 2]
98.6666666667
[0, 3, 0, 0, 1]
98.6666666667
[0, 0, 3, 2, 0]
100.0
[0, 3, 0, 3, 0]
97.3333333333
[0, 2, 3, 1, 2]
97.3333333333
[0, 3, 0, 2, 3]
100.0
[3, 2, 0, 0, 2]
96.0
[0, 3, 2, 0, 0]
98.6666666667
[0, 0, 0, 0, 3]
97.3333333333
[3, 0, 3, 0, 3]
100.0
[3, 0, 2, 0, 1]
100.0
[0, 3, 0, 4, 3]
100.0
[0, 2, 1, 3, 2]
94.6666666667
[0, 0, 2, 0, 1]
100.0
[0, 2, 0, 0, 2]
97.3333333333
[0, 3, 0, 0, 3]
98.6666666667
[0, 3, 3, 2, 3]
98.6666666667
[0, 3, 2, 0, 3]
100.0
[0, 2, 3, 0, 1]
100.0
[0, 3, 2, 0, 0]
100.0
[0, 3, 0, 2, 0]
100.0
[0, 3, 2, 3, 2]
100.0
[3, 2, 0, 3, 2]
96.0
[0, 2, 2, 0, 1]
98.6666666667
[0, 2, 0, 2, 0]
97.3333333333
[3, 0, 3, 1, 0]
100.0
[0, 3, 2, 3, 2]
94.6666666667
[0, 3, 2, 2, 3]
98.6666666667
[0, 0, 3, 2, 0]
98.6666666667
[0, 2, 3, 2, 0]
98.6666666667
[0, 3, 2, 0, 0]
100.0
[0, 3, 2, 2, 0]
100.0
[0, 3, 0, 2, 0]
100.0
[0, 3, 1, 0, 4]
97.3333333333
[0, 2, 3, 2, 0]
96.0
[2, 3, 0, 2, 0]
100.0
[3, 0, 2, 0, 0]
100.0
[0, 3, 2, 0, 3]
100.0
[0, 2, 3, 0, 0]
100.0
[0, 2, 3, 0, 0]
100.0
[0, 2, 2, 3, 4]
98.6666666667
[0, 3, 1, 2, 1]
97.3333333333
[0, 3, 0, 3, 0]
100.0
[0, 3, 2, 0, 3]
97.3333333333
[0, 3, 2, 0, 3]
98.6666666667
[2, 3, 0, 0, 3]
98.6666666667
[0, 3, 2, 0, 1]
100.0
[0, 3, 0, 0, 2]
97.3333333333
[0, 0, 2, 0, 2]
100.0
[0, 3, 2, 3, 3]
100.0
[0, 3, 2, 0, 2]
98.6666666667
[2, 0, 3, 2, 0]
97.3333333333
[0, 0, 3, 2, 0]
98.6666666667
[0, 3, 2, 3, 1]
100.0
[0, 2, 0, 0, 3]
97.3333333333
[3, 0, 0, 1, 0]
100.0
[0, 3, 2, 3, 2]
94.6666666667
[0, 3, 2, 0, 3]
100.0
[3, 2, 0, 0, 0]
98.6666666667
[0, 3, 1, 0, 1]
98.6666666667
[0, 3, 0, 3, 3]
98.6666666667
[0, 3, 0, 0, 0]
98.6666666667
[3, 0, 0, 3, 0]
100.0
[3, 0, 2, 0, 3]
98.6666666667
[0, 3, 0, 2, 0]
98.6666666667
[0, 0, 2, 2, 3]
100.0
[3, 0, 2, 3, 3]
96.0
[0, 3, 2, 3, 0]
94.6666666667
[0, 3, 3, 2, 4]
97.3333333333
[0, 2, 3, 0, 0]
98.6666666667
[0, 3, 2, 3, 1]
100.0
[0, 2, 0, 0, 2]
98.6666666667
[0, 3, 2, 0, 2]
97.3333333333
[0, 0, 2, 3, 0]
100.0
[0, 3, 0, 0, 2]
98.6666666667
[0, 3, 2, 0, 1]
94.6666666667
[0, 0, 3, 2, 0]
98.6666666667
[3, 0, 3, 0, 3]
100.0
[0, 3, 1, 0, 0]
98.6666666667
[0, 2, 0, 3, 1]
98.6666666667
[3, 0, 2, 1, 3]
97.3333333333
[0, 0, 2, 3, 0]
97.3333333333
[0, 3, 2, 0, 0]
92.0
[3, 0, 0, 0, 3]
100.0
[0, 3, 1, 0, 0]
98.6666666667
[3, 1, 2, 3, 1]
92.0
[0, 3, 0, 0, 3]
100.0
[0, 0, 0, 2, 0]
100.0
[3, 0, 0, 3, 0]
100.0
[0, 3, 0, 0, 0]
97.3333333333
[0, 3, 0, 1, 3]
100.0
[0, 0, 3, 0, 0]
97.3333333333
[0, 3, 1, 3, 3]
97.3333333333
[3, 0, 3, 0, 1]
93.3333333333
[0, 3, 2, 3, 0]
94.6666666667
[3, 0, 3, 0, 2]
94.6666666667
[0, 2, 0, 0, 2]
97.3333333333
[2, 0, 0, 3, 0]
97.3333333333
[3, 0, 2, 3, 0]
100.0
[3, 2, 3, 2, 3]
100.0
[0, 0, 2, 3]
100.0
[0, 0, 3, 2, 0]
100.0
[0, 0, 2, 0, 0]
100.0
[3, 0, 3, 2, 3]
100.0
[3, 2, 0, 4, 3]
96.0
[0, 3, 0, 1, 3]
96.0
[0, 3, 0, 3, 2]
100.0
[0, 3, 0, 2, 0]
100.0
[3, 0, 3, 0, 0]
98.6666666667
[0, 0, 2, 0, 2]
98.6666666667
[0, 3, 2, 0, 3]
100.0
[2, 3, 2, 1, 1]
97.3333333333
[0, 3, 0, 0, 3]
100.0
[0, 3, 2, 0, 1]
93.3333333333
[0, 2, 0, 4, 0]
97.3333333333
[3, 0, 3, 2, 0]
98.6666666667
[0, 3, 2, 3, 0]
90.6666666667
[0, 3, 0, 2, 0]
100.0
[0, 3, 0, 2, 0]
100.0
[0, 3, 2, 0, 2]
100.0
[0, 3, 0, 0, 3]
100.0
[0, 3, 2, 0, 2]
94.6666666667
[3, 0, 3, 3, 3]
96.0
[0, 0, 1, 0, 4]
97.3333333333
[0, 3, 0, 0, 0]
98.6666666667
[0, 3, 0, 0, 1]
100.0
[3, 0, 3, 3, 0]
96.0
[0, 3, 0, 3, 4]
98.6666666667
[0, 0, 3, 3, 2]
100.0
[0, 0, 3, 0, 2]
100.0
[0, 3, 2, 0, 0]
98.6666666667
[0, 0, 0, 0, 3]
98.6666666667
[2, 0, 3, 2, 3]
98.6666666667
[3, 2, 0, 2, 0]
100.0
[0, 0, 2, 0, 2]
98.6666666667
[0, 2, 0, 2, 3]
100.0
[3, 0, 3, 1, 0]
100.0
[0, 0, 2, 3, 3]
100.0
[0, 2, 1, 0, 0]
100.0
[0, 3, 0, 0, 3]
96.0
[0, 3, 2, 0, 4]
97.3333333333
[0, 3, 0, 1, 0]
100.0
[3, 2, 0, 3, 0]
98.6666666667
[0, 3, 3, 1, 4]
100.0
[0, 3, 0, 3, 0]
97.3333333333
[0, 3, 1, 0, 4]
100.0
[0, 3, 2, 0, 3]
98.6666666667
[0, 1, 0, 1, 3]
98.6666666667
[0, 2, 3, 3, 2]
98.6666666667
[0, 2, 0, 0, 3]
97.3333333333
[0, 3, 2, 3, 0]
98.6666666667
[3, 0, 2, 0, 3]
100.0
[3, 0, 2, 3, 3]
97.3333333333
[3, 0, 0, 2, 3]
89.3333333333
[0, 3, 0, 0, 0]
100.0
[0, 3, 3, 2, 3]
97.3333333333
[0, 2, 3, 0, 3]
97.3333333333
[0, 3, 0, 2, 3]
98.6666666667
[0, 3, 0, 0, 0]
98.6666666667
[0, 0, 3, 1, 1]
94.6666666667
[0, 3, 2, 0, 0]
98.6666666667
[0, 3, 1, 2, 1]
100.0
[0, 3, 2, 0, 0]
97.3333333333
[0, 0, 3, 0, 0]
98.6666666667
[3, 0, 2, 3, 0]
100.0
[0, 3, 2, 2, 0]
97.3333333333
[0, 2, 0, 0, 0]
100.0
[0, 3, 0, 2, 0]
97.3333333333
[0, 3, 0, 3, 1]
98.6666666667
[3, 0, 0, 0, 3]
97.3333333333
[0, 3, 2, 0, 0]
97.3333333333
[0, 3, 2, 0, 0]
100.0
[0, 3, 0, 0, 0]
98.6666666667
[2, 0, 3, 1, 1]
96.0
[0, 3, 0, 2, 0]
98.6666666667
[0, 3, 2, 0, 0]
98.6666666667
[0, 3, 0, 2, 3]
100.0
[0, 3, 0, 1, 2]
97.3333333333
[0, 3, 0, 2, 3]
98.6666666667
[0, 2, 0, 0, 0]
100.0
[0, 2, 3, 0, 0]
100.0
[0, 3, 2, 0, 0]
98.6666666667
[0, 0, 3, 2, 0]
96.0
[0, 0, 2, 1, 0]
100.0
[2, 0, 0, 3, 0]
98.6666666667
[0, 3, 0, 2, 3]
89.3333333333
[3, 3, 2, 3, 3]
96.0
[0, 3, 2, 0, 0]
97.3333333333
[0, 2, 3, 3, 0]
100.0
[0, 3, 2, 0, 3]
97.3333333333
[0, 3, 2, 0, 3]
98.6666666667
[0, 0, 3, 2, 0]
100.0
[0, 3, 0, 3, 3]
97.3333333333
[0, 0, 3, 2, 0]
98.6666666667
[0, 3, 0, 0, 2]
98.6666666667
[0, 3, 2, 0, 3]
100.0
[3, 0, 0, 0, 0]
97.3333333333
[3, 0, 1, 3, 3]
92.0
[0, 3, 2, 0, 4]
94.6666666667
[0, 3, 2, 2, 0]
96.0
[0, 3, 0, 2, 3]
100.0
[0, 3, 2, 0, 4]
100.0
[3, 0, 0, 3, 4]
98.6666666667
[0, 3, 0, 2, 3]
100.0
[0, 3, 0, 0, 3]
100.0
[3, 0, 3, 0, 2]
100.0
[0, 3, 0, 1, 0]
97.3333333333
[3, 0, 0, 3, 3]
97.3333333333
[0, 3, 0, 0, 0]
98.6666666667
[0, 3, 2, 2, 3]
98.6666666667
[0, 3, 0, 0, 0]
100.0
[0, 3, 0, 2, 3]
94.6666666667
[3, 2, 0, 3, 1]
98.6666666667
[2, 0, 2, 3, 3]
100.0
[0, 0, 2, 3, 0]
97.3333333333
[3, 0, 2, 0, 0]
97.3333333333
[0, 3, 2, 0, 2]
98.6666666667
[0, 3, 2, 0, 0]
100.0
[0, 2, 3, 2, 0]
100.0
[0, 3, 2, 2, 3]
100.0
[2, 3, 0, 0, 2]
98.6666666667
[0, 2, 3, 2, 0]
100.0
[0, 2, 3, 0, 3]
97.3333333333
[3, 2, 0, 0, 1]
100.0
[0, 3, 0, 2, 3]
100.0
[0, 2, 0, 3, 4]
97.3333333333
[0, 3, 2, 2, 0]
100.0
[0, 3, 0, 0, 2]
100.0
[0, 3, 2, 0, 1]
100.0
[3, 0, 3, 1, 0]
92.0
[3, 2, 1, 0, 1]
100.0
[0, 0, 0, 3, 0]
100.0
[3, 0, 0, 0, 1]
96.0
[0, 3, 3, 0, 0]
94.6666666667
[0, 3, 4, 2, 3]
96.0
[3, 0, 0, 3, 0]
98.6666666667
[0, 3, 2, 3, 3]
98.6666666667
[2, 0, 2, 3, 2]
98.6666666667
[3, 0, 0, 3, 0]
98.6666666667
[3, 0, 0, 2, 3]
100.0
[0, 3, 0, 0, 3]
98.6666666667
[3, 0, 0, 0, 1]
98.6666666667
[0, 3, 2, 3, 2]
97.3333333333
[3, 2, 0, 0, 3]
97.3333333333
[3, 0, 0, 3, 4]
100.0
[0, 2, 3, 0, 0]
97.3333333333
[2, 0, 0, 0, 1]
100.0
[2, 0, 3, 4, 0]
97.3333333333
[0, 3, 2, 3, 0]
98.6666666667
[0, 3, 0, 0, 2]
100.0
[0, 2, 3, 0, 0]
96.0
[3, 0, 3, 0, 3]
90.6666666667
[0, 0, 0, 0, 0]
98.6666666667
[3, 0, 2, 0, 2]
100.0
[0, 3, 3, 0, 0]
94.6666666667
[3, 2, 3, 0, 3]
98.6666666667
[3, 2, 0, 3, 1]
92.0
[0, 1, 0, 3, 2]
100.0
[0, 3, 3, 0, 0]
100.0
[3, 0, 1, 2, 0]
97.3333333333
[3, 2, 0, 3, 3]
100.0
[0, 3, 2, 3, 0]
98.6666666667
[0, 2, 0, 3, 0]
100.0
[3, 0, 2, 0, 0]
97.3333333333
[0, 3, 2, 3, 2]
100.0
[3, 0, 3, 2, 0]
98.6666666667
[0, 3, 2, 3, 0]
97.3333333333
[0, 3, 0, 2, 0]
100.0
[0, 3, 1, 2, 3]
96.0
[0, 0, 0, 0, 3]
96.0
[0, 3, 2, 3, 0]
97.3333333333
[0, 3, 2, 0, 1]
100.0
[0, 3, 2, 0, 0]
100.0
[0, 0, 3, 0, 0]
98.6666666667
[0, 0, 0, 3, 3]
98.6666666667
[0, 3, 2, 0, 0]
97.3333333333
[0, 3, 0, 0, 3]
97.3333333333
[0, 3, 2, 0, 0]
98.6666666667
[0, 3, 2, 1, 2]
97.3333333333
[3, 2, 0, 0, 1]
97.3333333333
[0, 3, 0, 0, 0]
98.6666666667
[0, 2, 3, 0, 2]
97.3333333333
[0, 3, 2, 3, 2]
100.0
[3, 0, 3, 0, 3]
92.0
[3, 0, 0, 0, 1]
100.0
[3, 0, 3, 0, 3]
97.3333333333
[0, 2, 3, 0, 0]
100.0
[0, 3, 2, 0, 0]
100.0
[0, 3, 0, 3, 2]
96.0
[0, 2, 3, 3, 0]
98.6666666667
[0, 0, 0, 3, 0]
100.0
[0, 2, 0, 3, 0]
98.6666666667
[0, 2, 3, 2, 2]
98.6666666667
[2, 0, 0, 2, 0]
97.3333333333
[0, 0, 3, 2, 2]
100.0
[0, 3, 2, 0, 1]
100.0
[3, 0, 3, 3, 2]
98.6666666667
[0, 2, 3, 0, 0]
100.0
[2, 3, 0, 2, 0]
98.6666666667
[3, 2, 0, 0, 3]
100.0
[0, 2, 0, 0, 3]
97.3333333333
[0, 3, 0, 2, 0]
96.0
[3, 0, 0, 3, 3]
98.6666666667
[0, 3, 2, 0, 3]
98.6666666667
[2, 0, 0, 2, 0]
97.3333333333
[0, 3, 1, 0, 0]
98.6666666667
[0, 3, 0, 3, 0]
100.0
[0, 3, 2, 3, 1]
98.6666666667
[0, 3, 2, 0, 2]
98.6666666667
[0, 0, 0, 2, 3]
100.0
[0, 3, 0, 0, 0]
98.6666666667
[0, 3, 0, 3, 0]
98.6666666667
[0, 0, 0, 3, 2]
96.0
[3, 0, 0, 0, 0]
97.3333333333
[3, 2, 0, 0, 0]
96.0
[0, 2, 3, 2, 3]
100.0
[3, 0, 2, 3, 3]
98.6666666667
[3, 0, 0, 0, 2]
100.0
[3, 0, 0, 0, 3]
97.3333333333
[0, 0, 3, 0, 0]
100.0
[0, 2, 3, 0, 0]
100.0
[0, 3, 0, 1, 3]
98.6666666667
[3, 0, 2, 0, 3]
98.6666666667
[0, 0, 0, 0, 0]
100.0
[3, 0, 3, 2, 0]
98.6666666667
[3, 0, 3, 3, 0]
98.6666666667
[0, 3, 0, 0, 3]
97.3333333333
[0, 3, 0, 2, 0]
100.0
[0, 3, 0, 0, 3]
98.6666666667
[3, 0, 0, 3, 2]
100.0
[0, 3, 0, 2, 2]
98.6666666667
[0, 3, 2, 3, 0]
98.6666666667
[0, 2, 3, 0, 0]
100.0
[0, 0, 3, 3, 1]
97.3333333333
[0, 3, 0, 3, 2]
100.0
[0, 3, 2, 0, 0]
100.0
[0, 3, 2, 0, 0]
98.6666666667
[3, 0, 0, 3, 1]
100.0
[0, 2, 3, 0, 3]
100.0
[0, 0, 2, 0, 3]
100.0
[0, 2, 3, 2, 0]
93.3333333333
[0, 3, 3, 0, 2]
98.6666666667
[0, 3, 2, 0, 0]
100.0
[0, 3, 3, 2, 0]
97.3333333333
[0, 3, 3, 0, 0]
100.0
[3, 0, 0, 3, 1]
97.3333333333
[2, 3, 0, 1, 2]
97.3333333333
[0, 2, 3, 0, 1]
97.3333333333
[0, 0, 2, 0, 0]
98.6666666667
[2, 3, 0, 2, 3]
97.3333333333
[0, 2, 0, 3, 0]
100.0
[3, 0, 1, 3, 0]
97.3333333333
[2, 0, 3, 2, 2]
97.3333333333
[2, 3, 2, 1, 4]
97.3333333333
[0, 3, 2, 0, 1]
100.0
[0, 3, 0, 3, 0]
100.0
[0, 3, 0, 0, 2]
100.0
[0, 3, 2, 1, 2]
98.6666666667
[0, 2, 3, 0, 0]
98.6666666667
[3, 0, 1, 3, 2]
98.6666666667
[0, 0, 0, 3, 1]
98.6666666667
[0, 3, 0, 0, 2]
98.6666666667
[0, 3, 0, 1, 0]
98.6666666667
[2, 0, 3, 0, 2]
97.3333333333
[3, 0, 3, 0, 0]
100.0
[0, 3, 2, 0, 2]
97.3333333333
[0, 3, 3, 0, 1]
100.0
[0, 3, 0, 0, 1]
97.3333333333
[0, 2, 3, 0, 1]
98.6666666667
[0, 3, 0, 3, 0]
98.6666666667
[0, 2, 0, 0, 0]
96.0
600 Test Acc = 98.41% +- 0.15%
