/usr/local/lib/python2.7/dist-packages/torchvision/transforms/transforms.py:188: UserWarning: The use of the transforms.Scale transform is deprecated, please use transforms.Resize instead.
  "please use transforms.Resize instead.")
ISIC
[0, 3, 4]
33.3333333333
[4]
17.3333333333
[1]
53.3333333333
[2, 1, 0]
42.6666666667
[2, 3]
50.6666666667
[0, 2, 4]
56.0
[2, 1]
44.0
[1]
40.0
[1, 2]
40.0
[2, 3]
38.6666666667
[1]
46.6666666667
[0, 2, 3]
49.3333333333
[2, 0]
52.0
[0, 2, 3]
36.0
[1, 4]
44.0
[2, 0]
41.3333333333
[1, 2]
49.3333333333
[3, 2, 4]
45.3333333333
[2, 3, 4]
42.6666666667
[2, 1, 0]
42.6666666667
[2]
49.3333333333
[3, 1]
34.6666666667
[1]
52.0
[0, 1]
48.0
[0]
37.3333333333
[0, 1]
37.3333333333
[2, 3, 1]
28.0
[2]
40.0
[2]
45.3333333333
[1, 3, 2]
40.0
[0, 2]
42.6666666667
[1, 2]
48.0
[1]
46.6666666667
[1]
36.0
[0, 2, 3]
36.0
[1, 2]
52.0
[1, 2]
49.3333333333
[3, 4, 1]
33.3333333333
[0]
33.3333333333
[0, 4, 1]
28.0
[2, 3, 1]
56.0
[2, 1]
49.3333333333
[1, 4]
44.0
[2, 3, 1]
44.0
[2, 1, 4]
42.6666666667
[4, 1, 3]
49.3333333333
[2, 4]
53.3333333333
[2]
44.0
[0, 3, 1]
45.3333333333
[0, 1, 3]
36.0
[0, 1]
28.0
[3, 1]
26.6666666667
[0, 3, 4]
30.6666666667
[2, 1]
44.0
[2, 1]
44.0
[1, 2]
40.0
[2, 3, 1]
45.3333333333
[0]
52.0
[0, 3]
38.6666666667
[1, 3, 4]
45.3333333333
[2]
49.3333333333
[2, 0]
48.0
[2, 1, 3]
33.3333333333
[2, 1]
41.3333333333
[0, 2, 3]
54.6666666667
[2, 1]
38.6666666667
[1]
44.0
[2, 0]
50.6666666667
[0]
46.6666666667
[1]
44.0
[2, 1]
48.0
[2]
42.6666666667
[3, 1, 4]
34.6666666667
[0, 1, 3]
37.3333333333
[2, 3, 1]
50.6666666667
[2, 1]
48.0
[3, 2]
33.3333333333
[2]
40.0
[4, 3]
26.6666666667
[0]
33.3333333333
[2, 4]
48.0
[0, 3, 2]
44.0
[0, 2, 3]
34.6666666667
[2]
52.0
[1]
53.3333333333
[0, 2, 1, 3]
56.0
[1, 2]
34.6666666667
[1]
61.3333333333
[2]
45.3333333333
[2]
41.3333333333
[2, 0]
53.3333333333
[2, 1]
62.6666666667
[2]
44.0
[2, 1, 0]
41.3333333333
[0, 3]
41.3333333333
[2, 4]
46.6666666667
[2]
49.3333333333
[2, 3, 4]
46.6666666667
[2, 1, 4, 3]
54.6666666667
[0]
44.0
[2]
32.0
[2]
41.3333333333
[2]
36.0
[2, 0, 4]
40.0
[2]
33.3333333333
[3, 0]
36.0
[3, 2, 4]
42.6666666667
[2, 3, 1]
46.6666666667
[2, 3]
44.0
[2]
56.0
[0, 3, 1]
44.0
[1, 2]
58.6666666667
[4, 2]
46.6666666667
[4, 1, 3]
37.3333333333
[2, 1]
54.6666666667
[2, 3]
45.3333333333
[4, 0, 3, 1]
29.3333333333
[1]
24.0
[0, 4, 1]
38.6666666667
[1, 3]
26.6666666667
[1, 3, 0]
46.6666666667
[2]
54.6666666667
[0, 2, 4]
33.3333333333
[2]
53.3333333333
[1]
40.0
[2, 1, 4, 3]
49.3333333333
[4, 1]
33.3333333333
[2, 4, 0]
38.6666666667
[1, 4, 0]
48.0
[0, 2, 1]
49.3333333333
[0, 4]
48.0
[0, 4]
45.3333333333
[0, 1, 2]
41.3333333333
[1, 2, 0]
34.6666666667
[0]
54.6666666667
[0, 1]
45.3333333333
[0, 3, 1, 2]
38.6666666667
[0, 1]
33.3333333333
[2, 4, 1]
41.3333333333
[2, 0, 1]
54.6666666667
[2]
48.0
[1, 3, 2]
41.3333333333
[2, 3]
48.0
[2, 1]
38.6666666667
[3]
34.6666666667
[0, 2]
48.0
[2, 0, 4]
46.6666666667
[2, 1, 3]
48.0
[2, 1, 3, 4]
40.0
[2, 3]
44.0
[0, 1, 3, 2]
40.0
[2]
56.0
[2]
37.3333333333
[2, 0]
40.0
[2]
30.6666666667
[0, 1, 2]
42.6666666667
[2]
45.3333333333
[2]
52.0
[0, 1, 2]
45.3333333333
[1, 0]
46.6666666667
[1]
42.6666666667
[1, 4]
52.0
[3, 0, 2, 4]
44.0
[0, 2]
42.6666666667
[0, 3, 2, 1]
54.6666666667
[2]
36.0
[0]
36.0
[3, 1, 2]
52.0
[2, 4]
42.6666666667
[1, 3]
48.0
[0, 2, 3]
44.0
[2]
44.0
[1, 2, 0]
38.6666666667
[2, 0, 4, 3]
49.3333333333
[1]
48.0
[2, 1]
45.3333333333
[2, 1]
46.6666666667
[2]
58.6666666667
[2, 3, 1]
48.0
[2]
42.6666666667
[2, 4]
41.3333333333
[0, 2, 1, 3]
42.6666666667
[2, 3, 1, 0]
58.6666666667
[0]
24.0
[2, 1]
37.3333333333
[1, 2, 0, 3]
30.6666666667
[2]
46.6666666667
[3, 0]
29.3333333333
[1]
56.0
[2, 3]
44.0
[2]
53.3333333333
[0, 1, 3]
45.3333333333
[2, 1, 4]
32.0
[0, 1, 2, 3]
38.6666666667
[4, 1, 2]
42.6666666667
[2]
41.3333333333
[2, 0, 3]
44.0
[1, 2, 4]
42.6666666667
[2, 3, 1, 4]
44.0
[2]
48.0
[2]
58.6666666667
[1, 2, 3]
41.3333333333
[0]
36.0
[3, 1, 4]
42.6666666667
[2, 1]
46.6666666667
[2, 0, 3]
40.0
[1, 4]
33.3333333333
[1]
56.0
[1]
52.0
[0, 1]
44.0
[0, 2]
37.3333333333
[0, 1, 4]
62.6666666667
[0]
37.3333333333
[3, 4]
32.0
[2, 0]
34.6666666667
[2, 1]
44.0
[1]
42.6666666667
[1, 4, 3]
54.6666666667
[2, 1]
44.0
[0, 1]
41.3333333333
[2]
52.0
[2, 1]
50.6666666667
[4, 1]
45.3333333333
[2, 1, 0]
65.3333333333
[2, 4]
46.6666666667
[0, 4, 1]
33.3333333333
[2, 4]
49.3333333333
[2, 4]
41.3333333333
[2, 3]
48.0
[2, 4]
46.6666666667
[2, 1, 0, 3]
45.3333333333
[1]
38.6666666667
[2, 3]
46.6666666667
[4]
49.3333333333
[2, 0]
49.3333333333
[0, 1, 4]
44.0
[4, 3, 1, 0]
42.6666666667
[3, 0]
42.6666666667
[2, 1, 0]
37.3333333333
[2, 3]
44.0
[0]
42.6666666667
[2, 3, 1]
44.0
[0, 3, 1]
40.0
[3, 2]
45.3333333333
[2]
44.0
[2]
37.3333333333
[1]
48.0
[2, 0]
44.0
[4]
53.3333333333
[3, 4]
41.3333333333
[2, 1]
50.6666666667
[1, 0]
36.0
[2]
48.0
[1, 4]
48.0
[3, 1, 4]
48.0
[2, 0]
40.0
[2, 3, 4]
38.6666666667
[4]
30.6666666667
[1, 4]
38.6666666667
[2, 1, 3]
52.0
[2, 1]
49.3333333333
[3, 0]
42.6666666667
[4, 2, 3]
48.0
[0, 2, 4]
40.0
[1, 0]
49.3333333333
[1]
46.6666666667
[0, 2, 3, 4]
45.3333333333
[2, 4]
40.0
[2, 3, 0, 4]
49.3333333333
[2]
34.6666666667
[2]
40.0
[2]
44.0
[0, 4]
46.6666666667
[2, 4, 1]
48.0
[2, 1, 4]
48.0
[0, 2, 3]
60.0
[2]
50.6666666667
[0, 2, 3, 1]
45.3333333333
[0, 3, 2]
41.3333333333
[2, 4, 1]
34.6666666667
[0, 2, 4]
45.3333333333
[2, 0, 1]
46.6666666667
[3]
29.3333333333
[2]
41.3333333333
[0, 1, 2]
40.0
[1, 4, 3]
44.0
[2, 0, 3]
44.0
[0]
56.0
[2]
25.3333333333
[3, 4]
53.3333333333
[0, 2, 3]
45.3333333333
[2, 0]
42.6666666667
[1, 3]
42.6666666667
[2]
41.3333333333
[3]
42.6666666667
[2, 0, 1, 3]
41.3333333333
[1]
28.0
[2, 1]
46.6666666667
[0, 1, 2]
44.0
[2]
32.0
[1, 2]
33.3333333333
[2, 0, 3]
53.3333333333
[2, 4]
48.0
[2, 3]
44.0
[0, 2]
45.3333333333
[2, 0]
45.3333333333
[1]
40.0
[2, 4]
36.0
[2, 0]
46.6666666667
[2, 3, 1]
36.0
[2, 4, 1, 3]
52.0
[1, 0, 2, 3]
54.6666666667
[2, 1]
42.6666666667
[2, 3]
44.0
[0, 1, 3]
38.6666666667
[0]
38.6666666667
[3, 2]
32.0
[2, 3]
45.3333333333
[0, 1]
42.6666666667
[2]
40.0
[0, 4, 1]
38.6666666667
[2, 1]
48.0
[1]
34.6666666667
[0, 3, 1]
36.0
[0, 2, 1]
49.3333333333
[1, 2]
45.3333333333
[2, 1]
52.0
[2]
28.0
[1, 2]
49.3333333333
[2, 1]
42.6666666667
[0, 1, 2]
50.6666666667
[2, 3, 1, 4]
34.6666666667
[1, 3]
34.6666666667
[2, 4]
30.6666666667
[2, 1]
52.0
[0, 3]
45.3333333333
[2]
52.0
[2, 1]
65.3333333333
[1, 4]
40.0
[2, 1, 4]
34.6666666667
[1]
50.6666666667
[0, 1]
46.6666666667
[4]
26.6666666667
[0, 2, 1]
46.6666666667
[2, 4]
40.0
[2]
49.3333333333
[0, 1]
42.6666666667
[1, 4]
48.0
[3, 1]
49.3333333333
[2]
50.6666666667
[1, 0]
53.3333333333
[1, 3]
34.6666666667
[4, 3, 1]
37.3333333333
[1]
50.6666666667
[2, 1]
50.6666666667
[2, 3]
48.0
[1]
50.6666666667
[1]
48.0
[2]
49.3333333333
[2, 4]
57.3333333333
[1]
46.6666666667
[0, 1]
44.0
[0, 2]
48.0
[1]
34.6666666667
[2]
46.6666666667
[2]
56.0
[2, 0]
38.6666666667
[2, 3, 0]
38.6666666667
[2]
49.3333333333
[4, 3, 2]
38.6666666667
[1, 2]
52.0
[2, 3, 1]
50.6666666667
[1, 0]
42.6666666667
[2]
57.3333333333
[2, 3, 1]
38.6666666667
[2]
42.6666666667
[2]
45.3333333333
[4, 0]
41.3333333333
[0, 1]
46.6666666667
[0, 2]
57.3333333333
[2, 1]
53.3333333333
[0]
42.6666666667
[2, 3, 4]
36.0
[2, 1]
38.6666666667
[4, 3]
33.3333333333
[1]
42.6666666667
[1]
58.6666666667
[1]
42.6666666667
[1, 2, 3]
56.0
[2, 1, 4]
48.0
[4, 2, 3]
33.3333333333
[0, 1, 4]
53.3333333333
[0, 3]
48.0
[0, 1, 3]
33.3333333333
[1]
42.6666666667
[2, 1]
58.6666666667
[2, 0, 1]
50.6666666667
[1]
41.3333333333
[3, 1, 4]
46.6666666667
[3, 4, 2]
34.6666666667
[0, 2, 1]
57.3333333333
[0, 2, 3]
52.0
[3, 1, 4, 2]
36.0
[2, 1]
34.6666666667
[2, 4, 1]
45.3333333333
[3, 1, 2]
38.6666666667
[1, 3]
42.6666666667
[2, 1, 3]
49.3333333333
[2]
41.3333333333
[2, 0]
42.6666666667
[2]
45.3333333333
[3, 0, 4]
38.6666666667
[3, 1]
24.0
[0, 2]
38.6666666667
[1]
41.3333333333
[3, 4, 2]
29.3333333333
[2, 1]
40.0
[2]
38.6666666667
[0, 3, 4]
54.6666666667
[3, 0, 4]
36.0
[3, 1, 4]
38.6666666667
[3, 1]
34.6666666667
[2, 0]
48.0
[0, 2, 1]
45.3333333333
[0, 4, 2, 3]
38.6666666667
[4, 1]
42.6666666667
[0, 1]
52.0
[2, 3, 1]
46.6666666667
[2]
33.3333333333
[2, 4]
45.3333333333
[0, 2, 1, 3]
49.3333333333
[1, 0, 2]
54.6666666667
[2, 0]
48.0
[3]
44.0
[0, 1, 4, 3]
48.0
[0, 1, 2]
57.3333333333
[2, 4]
42.6666666667
[0]
34.6666666667
[0, 3, 1, 2]
50.6666666667
[2, 3]
52.0
[2, 1]
37.3333333333
[3, 1, 4]
38.6666666667
[1, 4, 3]
46.6666666667
[2, 3, 1]
30.6666666667
[1, 2, 3]
54.6666666667
[2]
42.6666666667
[1, 0]
41.3333333333
[0, 2]
41.3333333333
[0, 3, 1]
44.0
[0]
34.6666666667
[0, 2, 3]
37.3333333333
[0, 3, 4, 2]
36.0
[2]
60.0
[1]
48.0
[2, 0]
41.3333333333
[2]
54.6666666667
[2, 4]
56.0
[3, 4]
34.6666666667
[0]
41.3333333333
[2, 3, 1]
48.0
[1]
52.0
[2]
36.0
[2, 3, 4, 0]
44.0
[0, 2, 1, 4]
44.0
[0]
36.0
[0, 3, 2]
37.3333333333
[2, 3]
37.3333333333
[0, 2, 1]
46.6666666667
[2]
49.3333333333
[1]
44.0
[2, 3, 4]
46.6666666667
[2, 3, 4]
46.6666666667
[0, 2, 1]
54.6666666667
[2, 3, 1]
52.0
[4, 3, 1]
25.3333333333
[2, 0]
52.0
[2]
45.3333333333
[4, 1]
48.0
[2, 1]
44.0
[1]
44.0
[0, 1]
46.6666666667
[0, 3]
29.3333333333
[2, 4, 0]
38.6666666667
[2]
38.6666666667
[0, 3, 1]
41.3333333333
[1]
53.3333333333
[2]
40.0
[2, 0, 1]
42.6666666667
[0, 4, 1]
40.0
[1, 4]
48.0
[2, 0, 4]
49.3333333333
[0, 3, 4]
32.0
[0]
41.3333333333
[1]
50.6666666667
[2]
41.3333333333
[2]
49.3333333333
[2, 1]
49.3333333333
[2, 0, 1]
44.0
[2, 1]
52.0
[1, 2]
41.3333333333
[2, 0, 1, 3]
30.6666666667
[2, 0]
41.3333333333
[4, 1]
45.3333333333
[2, 0, 1]
52.0
[2, 3, 1, 0]
45.3333333333
[0, 1, 2]
32.0
[0, 2, 1, 3]
41.3333333333
[2, 1, 0]
40.0
[3, 1]
22.6666666667
[2]
53.3333333333
[2]
21.3333333333
[1]
38.6666666667
[3, 1, 4]
30.6666666667
[2]
45.3333333333
[2, 4]
37.3333333333
[2, 0, 1]
57.3333333333
[0]
40.0
[0]
41.3333333333
[1, 3]
46.6666666667
[2]
60.0
[0, 4, 1]
38.6666666667
[2, 1, 4]
62.6666666667
[3, 1]
40.0
[1]
49.3333333333
[3, 2, 4]
41.3333333333
[2, 1]
53.3333333333
[2]
48.0
[1]
57.3333333333
[0, 2, 1]
41.3333333333
[2, 1]
38.6666666667
[2, 0]
44.0
[1, 4]
28.0
[1, 0, 3]
37.3333333333
[0, 2]
50.6666666667
[2, 1]
45.3333333333
[2, 4]
38.6666666667
[2, 3]
50.6666666667
[2, 4, 1]
53.3333333333
[2, 4]
44.0
[1, 2]
40.0
[2, 0, 1]
50.6666666667
[2]
45.3333333333
[3]
28.0
[2]
40.0
[2, 3]
53.3333333333
[1, 0]
37.3333333333
[2]
33.3333333333
[1, 2]
53.3333333333
[0, 3]
37.3333333333
[2]
37.3333333333
[0, 1]
66.6666666667
[3, 1]
38.6666666667
[1, 4]
57.3333333333
[4, 3, 0]
34.6666666667
[1, 2, 4, 0]
44.0
[2]
33.3333333333
[1, 4]
37.3333333333
[2]
49.3333333333
[2, 1]
37.3333333333
[2]
42.6666666667
[2]
50.6666666667
[1]
48.0
[1]
48.0
[1, 2]
49.3333333333
[2, 3]
46.6666666667
[2, 1]
48.0
[0, 1]
45.3333333333
[3, 1]
38.6666666667
[2, 3]
53.3333333333
[2, 1, 3]
44.0
[0, 2]
56.0
[3, 2, 0]
44.0
[2, 1, 3]
37.3333333333
[2]
45.3333333333
[1, 2, 0, 3]
38.6666666667
[2]
41.3333333333
[1, 2]
48.0
[0, 1, 3]
49.3333333333
[0, 3]
34.6666666667
[1]
49.3333333333
[2, 4]
41.3333333333
[1]
41.3333333333
[0, 1]
46.6666666667
[4]
29.3333333333
[2, 3, 4]
38.6666666667
[3, 0]
46.6666666667
[2]
40.0
[0, 3]
38.6666666667
[4, 2, 0]
42.6666666667
[2, 3, 1]
48.0
[3, 2, 1]
42.6666666667
[2, 3, 1]
44.0
[2, 0, 4]
45.3333333333
[2, 1]
46.6666666667
[1]
42.6666666667
[2, 3, 1]
46.6666666667
[2, 4, 0]
36.0
[0, 1, 3]
24.0
[3, 4]
41.3333333333
[2]
45.3333333333
600 Test Acc = 43.71% +- 0.61%
EuroSAT
[0, 4, 1, 2]
72.0
[0, 2]
77.3333333333
[0, 1]
58.6666666667
[0]
74.6666666667
[0]
66.6666666667
[0, 2, 4]
82.6666666667
[0]
90.6666666667
[0]
81.3333333333
[0]
88.0
[0]
80.0
[0]
86.6666666667
[0, 2]
89.3333333333
[0]
89.3333333333
[0]
88.0
[0]
88.0
[0, 3]
82.6666666667
[0, 2, 3]
76.0
[0, 1]
89.3333333333
[0, 2, 4]
80.0
[0, 3]
77.3333333333
[0]
81.3333333333
[0, 2]
78.6666666667
[0, 2]
89.3333333333
[0, 2]
84.0
[0]
86.6666666667
[0, 3]
77.3333333333
[0]
88.0
[0]
84.0
[0]
65.3333333333
[0, 1]
78.6666666667
[0, 2]
85.3333333333
[0, 2]
86.6666666667
[0, 1]
88.0
[0]
72.0
[0]
78.6666666667
[0]
73.3333333333
[0]
96.0
[0]
76.0
[0]
84.0
[0]
80.0
[0]
72.0
[0, 1, 2]
82.6666666667
[0]
74.6666666667
[0, 1, 3]
64.0
[0, 2, 3, 4]
65.3333333333
[0, 2]
85.3333333333
[0]
81.3333333333
[0]
80.0
[0]
88.0
[0]
82.6666666667
[0]
85.3333333333
[0]
70.6666666667
[0]
77.3333333333
[0]
94.6666666667
[0]
81.3333333333
[0]
81.3333333333
[0]
64.0
[0]
96.0
[0, 4, 2, 3]
76.0
[0, 4]
72.0
[0]
64.0
[0]
85.3333333333
[0]
82.6666666667
[0]
89.3333333333
[0]
86.6666666667
[0, 3]
78.6666666667
[0, 2]
74.6666666667
[0]
89.3333333333
[0, 1, 3]
72.0
[0]
86.6666666667
[0, 3]
81.3333333333
[0]
88.0
[0, 1]
88.0
[0]
94.6666666667
[0]
85.3333333333
[0, 3]
64.0
[0, 3]
88.0
[0]
82.6666666667
[0]
68.0
[0, 2]
89.3333333333
[0, 3, 1]
73.3333333333
[0]
92.0
[0]
69.3333333333
[0]
86.6666666667
[0]
86.6666666667
[0]
85.3333333333
[0, 2]
82.6666666667
[0]
77.3333333333
[0]
81.3333333333
[0]
68.0
[0, 3]
80.0
[0]
84.0
[0]
89.3333333333
[0]
82.6666666667
[0, 2]
82.6666666667
[0]
80.0
[0]
81.3333333333
[0, 2, 1, 4]
86.6666666667
[0]
89.3333333333
[0, 2]
84.0
[0]
68.0
[0, 1, 2]
85.3333333333
[0, 3]
90.6666666667
[0, 2]
80.0
[0, 2]
78.6666666667
[0]
86.6666666667
[0]
69.3333333333
[0]
69.3333333333
[0]
84.0
[0, 2]
86.6666666667
[0]
84.0
[0]
92.0
[0, 2]
86.6666666667
[0, 1, 2, 3]
78.6666666667
[0, 2]
82.6666666667
[0]
77.3333333333
[0]
84.0
[0, 2]
92.0
[0]
84.0
[0]
84.0
[0, 1]
70.6666666667
[0, 2]
89.3333333333
[0]
77.3333333333
[0]
88.0
[0]
86.6666666667
[0]
89.3333333333
[3, 0, 1]
78.6666666667
[0, 2]
89.3333333333
[0]
94.6666666667
[0]
90.6666666667
[0]
88.0
[0]
81.3333333333
[0]
70.6666666667
[0]
80.0
[0]
88.0
[0, 2, 4]
80.0
[0]
85.3333333333
[0, 2]
86.6666666667
[0]
66.6666666667
[0, 3, 2]
80.0
[0]
76.0
[0]
90.6666666667
[0]
85.3333333333
[0]
77.3333333333
[0]
92.0
[0, 1]
81.3333333333
[0]
93.3333333333
[0]
94.6666666667
[0]
81.3333333333
[0, 1]
78.6666666667
[0, 2]
81.3333333333
[0]
84.0
[0]
90.6666666667
[0, 1]
61.3333333333
[0]
80.0
[0]
93.3333333333
[0, 2]
77.3333333333
[0]
74.6666666667
[0]
89.3333333333
[0]
65.3333333333
[0]
86.6666666667
[0]
89.3333333333
[0]
86.6666666667
[0]
85.3333333333
[0, 2]
80.0
[0, 3, 1]
66.6666666667
[0]
82.6666666667
[0]
78.6666666667
[0]
73.3333333333
[0]
90.6666666667
[0]
84.0
[0]
90.6666666667
[0]
81.3333333333
[0]
84.0
[0]
78.6666666667
[0, 1]
68.0
[0]
93.3333333333
[0]
88.0
[0]
80.0
[0, 2]
82.6666666667
[0]
90.6666666667
[0, 1]
78.6666666667
[0, 1]
73.3333333333
[0]
80.0
[0, 3]
72.0
[0]
82.6666666667
[0]
82.6666666667
[0, 3]
90.6666666667
[0]
74.6666666667
[0]
81.3333333333
[0]
85.3333333333
[0]
80.0
[0]
80.0
[0]
70.6666666667
[0]
82.6666666667
[0, 2]
68.0
[0, 3, 1]
77.3333333333
[0]
86.6666666667
[0]
81.3333333333
[0]
92.0
[0]
85.3333333333
[0]
89.3333333333
[0]
85.3333333333
[0]
88.0
[0]
85.3333333333
[0, 1]
78.6666666667
[0]
89.3333333333
[0, 1]
65.3333333333
[0, 2, 4]
66.6666666667
[0]
90.6666666667
[0, 2, 1]
76.0
[0, 2, 3]
84.0
[0, 2, 4]
86.6666666667
[0]
76.0
[0]
78.6666666667
[0]
82.6666666667
[0]
85.3333333333
[0, 1]
80.0
[0]
77.3333333333
[0]
76.0
[0]
80.0
[0, 3, 1, 2, 4]
76.0
[0]
85.3333333333
[0]
77.3333333333
[0, 1, 3]
78.6666666667
[0]
93.3333333333
[0]
84.0
[0]
82.6666666667
[0, 2]
76.0
[0]
82.6666666667
[0, 2]
78.6666666667
[0, 2]
78.6666666667
[0]
81.3333333333
[0, 3, 1]
61.3333333333
[0]
86.6666666667
[0]
78.6666666667
[0]
73.3333333333
[0]
88.0
[0]
92.0
[0]
93.3333333333
[0]
78.6666666667
[0]
78.6666666667
[0]
88.0
[0, 1]
80.0
[0]
76.0
[0]
72.0
[0, 2]
84.0
[0]
86.6666666667
[0, 1]
80.0
[0]
81.3333333333
[0, 1, 4]
66.6666666667
[0]
94.6666666667
[0]
80.0
[0]
68.0
[0]
85.3333333333
[0]
85.3333333333
[0]
78.6666666667
[0, 1]
80.0
[0]
88.0
[0]
85.3333333333
[0]
74.6666666667
[0]
78.6666666667
[0]
74.6666666667
[0, 3]
73.3333333333
[0]
89.3333333333
[0]
73.3333333333
[0]
82.6666666667
[0, 1]
68.0
[0]
74.6666666667
[0, 2]
76.0
[0]
82.6666666667
[0]
84.0
[0, 3, 2]
70.6666666667
[0, 3]
80.0
[0]
86.6666666667
[0, 2]
93.3333333333
[0, 4]
78.6666666667
[0, 2, 4, 3]
86.6666666667
[0]
81.3333333333
[0]
82.6666666667
[0]
81.3333333333
[0, 3]
93.3333333333
[0, 3]
78.6666666667
[0]
77.3333333333
[0, 1]
82.6666666667
[0]
93.3333333333
[0]
90.6666666667
[0, 2]
80.0
[0, 2]
65.3333333333
[0, 2]
78.6666666667
[0, 2]
74.6666666667
[0]
84.0
[0]
90.6666666667
[0, 1]
84.0
[0, 3, 2]
62.6666666667
[0, 1, 2]
66.6666666667
[0, 2]
82.6666666667
[0, 2]
69.3333333333
[0]
96.0
[0, 1]
84.0
[0]
89.3333333333
[0]
85.3333333333
[0]
85.3333333333
[0, 3]
70.6666666667
[0]
80.0
[0]
77.3333333333
[0]
74.6666666667
[0]
89.3333333333
[0]
84.0
[0]
60.0
[0]
66.6666666667
[0]
89.3333333333
[0]
74.6666666667
[0]
80.0
[0, 2, 3]
78.6666666667
[0]
72.0
[0, 2]
84.0
[0]
94.6666666667
[0, 1]
85.3333333333
[0]
81.3333333333
[0]
80.0
[0]
86.6666666667
[0]
85.3333333333
[0]
88.0
[0, 1]
81.3333333333
[0, 2]
84.0
[0]
80.0
[0]
70.6666666667
[0]
84.0
[0]
73.3333333333
[0]
77.3333333333
[0]
86.6666666667
[0]
93.3333333333
[0]
84.0
[0]
80.0
[3, 2, 0]
64.0
[0]
82.6666666667
[0, 1, 2]
77.3333333333
[0]
77.3333333333
[0]
70.6666666667
[0]
92.0
[0]
70.6666666667
[0, 3]
89.3333333333
[0]
68.0
[0]
82.6666666667
[0, 2, 3]
70.6666666667
[0]
82.6666666667
[0, 2, 1]
82.6666666667
[0, 3]
86.6666666667
[0]
86.6666666667
[0]
80.0
[0]
94.6666666667
[0]
97.3333333333
[0]
88.0
[0, 2]
89.3333333333
[0]
78.6666666667
[0]
86.6666666667
[0, 2]
80.0
[0]
64.0
[0]
81.3333333333
[0, 2]
74.6666666667
[0]
93.3333333333
[0]
84.0
[0, 3]
81.3333333333
[0]
81.3333333333
[0]
92.0
[0]
82.6666666667
[0]
88.0
[0]
74.6666666667
[0]
81.3333333333
[0]
77.3333333333
[0]
78.6666666667
[0]
85.3333333333
[0, 2]
86.6666666667
[0]
94.6666666667
[0]
88.0
[0, 2]
73.3333333333
[0, 3]
72.0
[0, 2, 4]
85.3333333333
[0]
81.3333333333
[0, 1]
78.6666666667
[0]
81.3333333333
[0]
81.3333333333
[0]
72.0
[0]
86.6666666667
[0]
85.3333333333
[0, 1]
74.6666666667
[0]
69.3333333333
[0]
88.0
[0, 1, 4, 2]
78.6666666667
[0, 1, 2]
74.6666666667
[0]
94.6666666667
[0, 2]
81.3333333333
[0, 3, 1]
73.3333333333
[0]
82.6666666667
[0, 1]
89.3333333333
[0]
84.0
[0]
84.0
[0]
78.6666666667
[0]
72.0
[0]
80.0
[0]
78.6666666667
[0, 1]
60.0
[0, 2, 1]
82.6666666667
[0]
89.3333333333
[0, 3, 2, 1, 4]
76.0
[0]
85.3333333333
[0]
84.0
[0]
86.6666666667
[0]
81.3333333333
[0]
76.0
[0, 3, 4]
64.0
[0, 3, 2]
78.6666666667
[0]
86.6666666667
[0]
65.3333333333
[0]
93.3333333333
[0]
80.0
[0]
88.0
[0]
81.3333333333
[0, 2, 3]
70.6666666667
[0, 2]
84.0
[0]
86.6666666667
[0]
88.0
[0]
92.0
[0]
94.6666666667
[0, 2]
85.3333333333
[0, 3, 2]
58.6666666667
[0]
90.6666666667
[0, 4]
80.0
[0, 1, 2]
76.0
[0, 1]
89.3333333333
[0]
92.0
[0]
81.3333333333
[0, 3]
76.0
[0]
74.6666666667
[0]
84.0
[0]
89.3333333333
[0]
74.6666666667
[0, 3, 2]
89.3333333333
[0]
80.0
[0]
82.6666666667
[0]
85.3333333333
[0]
88.0
[0]
81.3333333333
[0]
85.3333333333
[0]
96.0
[0]
88.0
[0, 4, 2]
89.3333333333
[0, 3]
78.6666666667
[0]
76.0
[0, 1]
78.6666666667
[0]
82.6666666667
[0, 2]
70.6666666667
[0]
76.0
[0]
85.3333333333
[0, 4]
89.3333333333
[0]
84.0
[0]
62.6666666667
[0]
93.3333333333
[0]
80.0
[0, 3]
80.0
[0]
93.3333333333
[0, 1]
93.3333333333
[0]
81.3333333333
[0, 2]
81.3333333333
[0]
76.0
[0]
90.6666666667
[0]
85.3333333333
[0]
86.6666666667
[0]
88.0
[0]
88.0
[0, 2, 1]
78.6666666667
[0]
84.0
[0, 3, 1]
86.6666666667
[0]
94.6666666667
[0, 3, 4]
86.6666666667
[0, 2]
89.3333333333
[0]
84.0
[0]
78.6666666667
[0]
84.0
[0]
92.0
[0]
92.0
[0]
77.3333333333
[0]
80.0
[0]
84.0
[0]
74.6666666667
[0]
84.0
[0]
73.3333333333
[0]
82.6666666667
[0, 3]
66.6666666667
[0]
82.6666666667
[0]
70.6666666667
[0]
84.0
[0, 3]
85.3333333333
[0]
69.3333333333
[0]
62.6666666667
[0, 2, 1]
81.3333333333
[0]
90.6666666667
[0]
78.6666666667
[0]
85.3333333333
[0, 2, 1, 3]
76.0
[0]
88.0
[0, 3, 2]
82.6666666667
[0]
90.6666666667
[0]
86.6666666667
[0]
88.0
[0]
74.6666666667
[0, 3]
68.0
[0, 3]
85.3333333333
[0]
76.0
[0]
94.6666666667
[0, 2]
72.0
[0]
68.0
[0, 2]
76.0
[0]
96.0
[0]
89.3333333333
[0]
70.6666666667
[0, 2]
65.3333333333
[0]
85.3333333333
[0, 3]
80.0
[0, 3, 2]
77.3333333333
[0, 3]
68.0
[0, 1, 3, 2]
92.0
[0, 2]
89.3333333333
[0, 2, 3]
86.6666666667
[0]
86.6666666667
[0]
85.3333333333
[0]
82.6666666667
[0, 2, 1, 3]
84.0
[0]
81.3333333333
[0]
78.6666666667
[0, 3]
90.6666666667
[0]
90.6666666667
[0]
64.0
[0]
85.3333333333
[0]
88.0
[0]
89.3333333333
[0]
90.6666666667
[0]
90.6666666667
[0]
86.6666666667
[0]
80.0
[0]
93.3333333333
[0, 2, 1]
86.6666666667
[0, 2]
78.6666666667
[0, 2]
72.0
[0, 1]
86.6666666667
[0]
86.6666666667
[0]
84.0
[0]
73.3333333333
[0, 1, 3, 2]
81.3333333333
[0]
80.0
[0, 3, 1]
74.6666666667
[0]
93.3333333333
[0]
82.6666666667
[0]
90.6666666667
[0]
90.6666666667
[0, 2]
72.0
[0]
94.6666666667
[0]
88.0
[0]
90.6666666667
[3]
73.3333333333
[0, 2]
96.0
[0]
74.6666666667
[0]
88.0
[0]
84.0
[0]
68.0
[0, 3]
80.0
[0]
76.0
[0]
78.6666666667
[0]
94.6666666667
[0, 2]
62.6666666667
[0]
94.6666666667
[0]
84.0
[0, 2]
89.3333333333
[0]
84.0
[0, 2, 4]
64.0
[0]
89.3333333333
[0]
84.0
[0, 4, 1, 2]
70.6666666667
[0]
86.6666666667
[0, 3, 2]
82.6666666667
[0]
85.3333333333
[0]
77.3333333333
[0]
92.0
[0, 1]
74.6666666667
[0, 2, 3, 1]
77.3333333333
[0, 1, 3, 2]
62.6666666667
[0, 2]
80.0
[0, 3, 2, 1]
89.3333333333
[0]
89.3333333333
[0, 2]
74.6666666667
[0]
86.6666666667
[0]
74.6666666667
[0, 1]
80.0
[0]
97.3333333333
[0]
89.3333333333
[0]
76.0
[0, 3, 1]
80.0
[0, 3, 1]
85.3333333333
[0, 3]
68.0
600 Test Acc = 81.62% +- 0.62%
CropDisease
[2]
81.3333333333
[0, 3]
86.6666666667
[0, 2]
98.6666666667
[0]
90.6666666667
[0, 3]
94.6666666667
[2, 0, 3]
97.3333333333
[0, 3]
98.6666666667
[0, 2, 4]
92.0
[3, 0]
94.6666666667
[0]
84.0
[2]
85.3333333333
[2, 3]
77.3333333333
[0]
86.6666666667
[0, 2, 3]
92.0
[3, 2, 0]
92.0
[2, 0]
90.6666666667
[0, 2]
85.3333333333
[0]
93.3333333333
[2, 0]
92.0
[3, 0]
96.0
[3, 0]
100.0
[3, 0]
78.6666666667
[0]
86.6666666667
[2, 0]
81.3333333333
[3, 2, 0]
94.6666666667
[3, 0, 2]
97.3333333333
[3, 2, 4, 0]
100.0
[2, 0]
89.3333333333
[0, 3, 2, 1]
94.6666666667
[0]
86.6666666667
[3]
94.6666666667
[0, 4]
93.3333333333
[0, 3]
82.6666666667
[3]
84.0
[2, 3, 1]
88.0
[0, 3, 2]
84.0
[3, 0]
89.3333333333
[0, 3, 2]
89.3333333333
[3, 0]
89.3333333333
[3, 2]
88.0
[0, 3, 2]
86.6666666667
[3, 0, 2]
100.0
[2, 3, 0]
97.3333333333
[2, 4, 0]
85.3333333333
[2, 3]
88.0
[0, 2]
86.6666666667
[3, 0]
97.3333333333
[0, 3]
94.6666666667
[3, 2, 0, 1]
92.0
[3, 0]
77.3333333333
[0]
97.3333333333
[3]
94.6666666667
[0, 3, 2]
86.6666666667
[0, 2, 3]
88.0
[0, 3]
98.6666666667
[0]
94.6666666667
[2, 0, 3]
92.0
[3]
85.3333333333
[0, 3]
92.0
[3, 2, 4, 0]
78.6666666667
[0]
98.6666666667
[0, 2]
78.6666666667
[0, 4, 3]
92.0
[3, 0, 2]
88.0
[2, 0, 3, 4]
92.0
[0, 3]
89.3333333333
[3, 2, 0]
96.0
[3, 0]
97.3333333333
[3, 2]
89.3333333333
[3, 2]
90.6666666667
[3, 4, 0]
92.0
[0, 4]
80.0
[0]
90.6666666667
[3]
96.0
[0, 2, 3]
97.3333333333
[3, 0]
96.0
[0]
94.6666666667
[0]
96.0
[0, 3, 2]
94.6666666667
[0, 2]
96.0
[3, 2, 0]
94.6666666667
[0]
89.3333333333
[3, 2, 0]
84.0
[3, 2, 4]
84.0
[0, 3]
94.6666666667
[3, 0]
88.0
[0, 3]
88.0
[0, 3]
93.3333333333
[0, 4]
85.3333333333
[0]
77.3333333333
[0]
98.6666666667
[0, 3, 4]
89.3333333333
[3, 0]
93.3333333333
[0, 3]
88.0
[0]
89.3333333333
[0, 3, 2]
97.3333333333
[2, 0]
76.0
[2, 0, 4, 3]
94.6666666667
[0, 3, 2]
88.0
[0]
90.6666666667
[0, 2, 3]
93.3333333333
[2, 0, 1]
89.3333333333
[2, 3]
96.0
[2, 3]
86.6666666667
[0, 3]
90.6666666667
[3]
82.6666666667
[0]
97.3333333333
[0, 2, 3]
93.3333333333
[3, 0]
92.0
[0]
100.0
[3, 0, 1]
82.6666666667
[3, 0, 2, 4, 1]
98.6666666667
[3, 0, 4]
88.0
[0, 2]
98.6666666667
[0, 3]
96.0
[2, 0]
85.3333333333
[0, 3]
85.3333333333
[3, 0, 2]
88.0
[0]
90.6666666667
[0, 3]
94.6666666667
[0, 2, 4]
93.3333333333
[0, 2]
86.6666666667
[2, 0]
89.3333333333
[3, 0, 2]
97.3333333333
[0, 2]
82.6666666667
[0]
90.6666666667
[3, 0]
94.6666666667
[0, 2, 3]
92.0
[3, 0]
94.6666666667
[0, 2]
92.0
[3, 2, 0]
97.3333333333
[0, 2]
77.3333333333
[3, 2, 0]
97.3333333333
[2, 3, 0]
96.0
[2, 0, 4]
82.6666666667
[3, 0, 2, 1]
96.0
[0, 3]
97.3333333333
[0, 2]
88.0
[2, 0, 4]
94.6666666667
[0, 2]
96.0
[0, 2]
94.6666666667
[3, 0]
93.3333333333
[0, 2]
84.0
[3, 0, 2]
94.6666666667
[0]
89.3333333333
[3, 0]
84.0
[0]
84.0
[3, 2]
80.0
[2, 0]
88.0
[0, 2]
97.3333333333
[2, 3, 0]
98.6666666667
[3, 0]
89.3333333333
[3, 0]
90.6666666667
[3, 0]
100.0
[0, 2]
81.3333333333
[3, 0, 2]
96.0
[3, 2]
88.0
[0, 3, 2]
96.0
[3, 0]
100.0
[3, 2]
89.3333333333
[2]
90.6666666667
[3]
98.6666666667
[0, 2]
97.3333333333
[3, 0, 2]
96.0
[0, 3]
97.3333333333
[0]
89.3333333333
[0, 4, 2]
90.6666666667
[0, 3, 2]
89.3333333333
[0, 3, 2, 4]
97.3333333333
[0, 2, 3]
98.6666666667
[2, 3, 0]
84.0
[2, 0, 3]
74.6666666667
[0]
78.6666666667
[2, 0]
93.3333333333
[0, 2, 3]
82.6666666667
[0, 2]
84.0
[2, 0]
92.0
[0, 3]
96.0
[0]
89.3333333333
[0]
96.0
[0]
78.6666666667
[3, 0]
92.0
[0]
96.0
[2, 0, 3]
93.3333333333
[0, 3]
96.0
[3, 0]
100.0
[3, 0]
86.6666666667
[2, 0, 4]
86.6666666667
[0, 2]
90.6666666667
[3, 0]
93.3333333333
[0]
92.0
[0, 3]
96.0
[0]
94.6666666667
[3, 0]
93.3333333333
[3, 0, 2]
93.3333333333
[2]
78.6666666667
[3, 2, 0]
100.0
[3, 2, 0]
85.3333333333
[0]
84.0
[0]
97.3333333333
[0, 3]
94.6666666667
[0]
93.3333333333
[3, 2, 0]
74.6666666667
[3, 0]
89.3333333333
[0, 3, 2]
89.3333333333
[0]
90.6666666667
[3, 0]
98.6666666667
[2, 0, 3]
93.3333333333
[3, 0]
96.0
[0]
94.6666666667
[2, 4]
81.3333333333
[0, 3, 2]
78.6666666667
[0]
97.3333333333
[0, 3]
93.3333333333
[3, 0]
96.0
[2, 0]
81.3333333333
[0, 2]
96.0
[0]
97.3333333333
[0]
90.6666666667
[3, 0]
97.3333333333
[3]
84.0
[2, 3, 0]
96.0
[0, 2]
82.6666666667
[0, 3]
84.0
[3, 0]
93.3333333333
[0]
92.0
[3, 0]
86.6666666667
[0, 3, 2]
90.6666666667
[0, 2]
94.6666666667
[3, 0]
94.6666666667
[0]
93.3333333333
[0, 3, 1]
92.0
[2, 0, 3]
92.0
[3, 0]
97.3333333333
[0]
90.6666666667
[0, 3]
92.0
[3]
94.6666666667
[3, 2]
92.0
[0]
90.6666666667
[0, 3]
98.6666666667
[0, 2]
93.3333333333
[0, 2, 3]
97.3333333333
[0, 2]
88.0
[0, 3]
90.6666666667
[3]
89.3333333333
[2, 3, 0]
96.0
[2, 0, 3]
85.3333333333
[0, 3, 4]
84.0
[0, 3, 4]
89.3333333333
[0]
86.6666666667
[2, 0, 3]
89.3333333333
[0]
97.3333333333
[0]
84.0
[0, 3, 2]
98.6666666667
[0, 3, 2]
92.0
[0, 3]
88.0
[3]
84.0
[0, 3]
94.6666666667
[0]
96.0
[2, 0, 4]
98.6666666667
[0]
90.6666666667
[3, 0]
96.0
[2, 0, 3]
98.6666666667
[0, 3]
97.3333333333
[0]
92.0
[3, 0]
98.6666666667
[3, 0]
96.0
[0, 3]
97.3333333333
[0]
88.0
[0, 2]
97.3333333333
[3, 0, 2]
96.0
[0]
98.6666666667
[3, 0]
92.0
[2, 0, 3]
80.0
[2, 0]
90.6666666667
[2, 3]
90.6666666667
[0]
90.6666666667
[3]
82.6666666667
[0]
90.6666666667
[0]
93.3333333333
[0]
98.6666666667
[3, 0]
90.6666666667
[3, 2, 0]
96.0
[2, 0, 1, 3]
92.0
[2, 3]
88.0
[2, 0]
93.3333333333
[0, 3]
98.6666666667
[3, 0]
85.3333333333
[0]
84.0
[3, 0]
90.6666666667
[0]
92.0
[0]
94.6666666667
[3, 0]
98.6666666667
[0, 2]
88.0
[2, 0, 4]
98.6666666667
[2, 0, 3]
85.3333333333
[3, 0, 1]
78.6666666667
[0, 3, 4]
84.0
[3, 0]
98.6666666667
[0, 3, 2]
96.0
[0]
85.3333333333
[0]
78.6666666667
[0, 3]
94.6666666667
[2, 0, 1]
97.3333333333
[0, 2, 3]
100.0
[2, 4, 0]
93.3333333333
[3]
82.6666666667
[0, 2, 3]
100.0
[0, 3]
93.3333333333
[0, 3]
98.6666666667
[0, 2]
84.0
[3]
85.3333333333
[2, 3, 0]
97.3333333333
[3, 0]
85.3333333333
[2, 0, 3]
93.3333333333
[3, 2, 0]
92.0
[0, 2, 3]
86.6666666667
[0, 3]
97.3333333333
[0, 3, 2]
84.0
[0, 3]
89.3333333333
[2, 0]
90.6666666667
[2, 3, 0]
92.0
[3, 2, 0]
90.6666666667
[3, 2]
81.3333333333
[0, 3]
94.6666666667
[0]
94.6666666667
[3, 0, 2]
97.3333333333
[0, 3]
92.0
[2, 0, 3]
97.3333333333
[0]
84.0
[0]
78.6666666667
[0]
89.3333333333
[3, 0]
85.3333333333
[0]
86.6666666667
[0, 3]
92.0
[3, 2]
100.0
[3, 2]
96.0
[3, 2, 0]
90.6666666667
[3]
97.3333333333
[3, 0, 2]
88.0
[0, 2]
73.3333333333
[0, 3, 2, 1]
98.6666666667
[0]
62.6666666667
[0, 3]
92.0
[0, 2, 4]
94.6666666667
[3, 0]
89.3333333333
[3, 2]
90.6666666667
[0]
90.6666666667
[3, 0]
89.3333333333
[3, 0]
90.6666666667
[3]
89.3333333333
[2, 0, 1]
69.3333333333
[3, 0, 2]
78.6666666667
[3, 0, 2]
78.6666666667
[3]
84.0
[0]
88.0
[0]
93.3333333333
[4]
86.6666666667
[3]
82.6666666667
[2, 0]
98.6666666667
[0, 2]
94.6666666667
[0, 3]
94.6666666667
[2, 3, 0, 4]
92.0
[2, 0]
94.6666666667
[3]
89.3333333333
[0, 2, 4]
96.0
[0, 3]
78.6666666667
[0, 2, 3]
94.6666666667
[3, 2, 4, 0]
82.6666666667
[0]
89.3333333333
[3, 0, 4]
98.6666666667
[3, 2, 4, 0]
93.3333333333
[2, 0]
80.0
[0, 2]
86.6666666667
[3, 0]
97.3333333333
[2, 3]
82.6666666667
[3, 2, 0]
94.6666666667
[2, 0, 3]
97.3333333333
[2, 0]
90.6666666667
[3, 0, 4]
81.3333333333
[3, 0]
76.0
[2, 0, 4]
77.3333333333
[0]
85.3333333333
[3]
88.0
[2, 3, 0]
86.6666666667
[0, 3]
86.6666666667
[3]
86.6666666667
[0, 3]
94.6666666667
[3, 0, 4, 2]
90.6666666667
[0, 2, 1]
93.3333333333
[0]
89.3333333333
[0]
98.6666666667
[0, 3]
97.3333333333
[0, 3]
100.0
[3, 0]
81.3333333333
[0, 3, 4]
85.3333333333
[0, 2]
90.6666666667
[3, 0]
85.3333333333
[0, 4]
96.0
[0]
96.0
[3, 0]
97.3333333333
[3, 0, 2]
88.0
[3, 2, 4]
89.3333333333
[3, 0]
96.0
[3]
77.3333333333
[2, 3, 0]
94.6666666667
[3, 0, 2]
93.3333333333
[0, 2]
96.0
[0, 3]
85.3333333333
[3]
84.0
[0]
96.0
[3, 0, 4]
98.6666666667
[3]
73.3333333333
[0, 3]
96.0
[0, 3]
89.3333333333
[0, 3]
96.0
[3, 2]
82.6666666667
[3, 2, 4, 0]
96.0
[0]
93.3333333333
[3, 2, 0]
98.6666666667
[2, 0]
77.3333333333
[0, 3]
97.3333333333
[3, 0]
92.0
[0, 3]
89.3333333333
[3, 2, 0]
97.3333333333
[3]
80.0
[2, 3, 4]
90.6666666667
[0, 3, 4]
84.0
[0, 3]
94.6666666667
[2, 0, 3]
98.6666666667
[0]
92.0
[0]
94.6666666667
[2, 0]
88.0
[0, 3, 2]
97.3333333333
[0, 3]
96.0
[0]
90.6666666667
[3, 2]
90.6666666667
[0]
89.3333333333
[0]
88.0
[0, 3]
86.6666666667
[0, 3]
97.3333333333
[3, 0]
98.6666666667
[0, 3]
93.3333333333
[3, 0]
86.6666666667
[3, 0]
92.0
[0, 3]
80.0
[3, 2, 0]
89.3333333333
[3, 0]
89.3333333333
[0, 2, 3, 4]
96.0
[0]
89.3333333333
[3, 0, 1]
76.0
[0]
100.0
[2, 0, 3]
86.6666666667
[0]
96.0
[0, 2, 3, 1]
88.0
[3, 0]
92.0
[0, 3]
100.0
[3, 2, 0]
82.6666666667
[3]
81.3333333333
[3, 0]
94.6666666667
[2, 0, 3]
93.3333333333
[3, 2]
80.0
[3, 2, 0]
93.3333333333
[3, 0, 2]
93.3333333333
[0]
94.6666666667
[0]
88.0
[2, 0, 3]
97.3333333333
[2, 0]
88.0
[3]
88.0
[0, 3, 2]
97.3333333333
[0]
93.3333333333
[0, 3]
97.3333333333
[0, 3]
93.3333333333
[2, 3]
88.0
[0]
90.6666666667
[0]
76.0
[0]
78.6666666667
[0]
94.6666666667
[0]
93.3333333333
[0, 2]
97.3333333333
[3, 0, 1]
89.3333333333
[0, 4, 3]
96.0
[2, 0]
84.0
[3, 0]
92.0
[0, 3]
97.3333333333
[0]
97.3333333333
[0, 3]
96.0
[0, 3]
82.6666666667
[3, 0]
100.0
[0]
89.3333333333
[0]
92.0
[0, 3]
98.6666666667
[2, 0, 3]
85.3333333333
[0]
100.0
[3, 0]
94.6666666667
[3, 4, 0, 2]
88.0
[0, 4, 3]
84.0
[3]
62.6666666667
[2, 0]
89.3333333333
[3, 2]
98.6666666667
[0]
88.0
[3, 0]
93.3333333333
[3, 0, 2, 4]
76.0
[0]
85.3333333333
[0]
96.0
[0, 3]
94.6666666667
[0, 3]
80.0
[0]
92.0
[2, 3]
70.6666666667
[0, 4, 2]
90.6666666667
[0, 2]
80.0
[2, 3, 4]
89.3333333333
[3, 0]
88.0
[2, 0, 3]
90.6666666667
[0, 3, 2]
97.3333333333
[2, 0, 3]
96.0
[0, 3]
97.3333333333
[3, 2]
88.0
[0, 2]
88.0
[3, 0]
93.3333333333
[3, 0]
94.6666666667
[3, 0]
84.0
[0, 2]
92.0
[3, 0, 2]
89.3333333333
[3]
82.6666666667
[0, 2, 3]
92.0
[2]
89.3333333333
[0, 3]
94.6666666667
[0, 2]
85.3333333333
[2, 4, 1, 0]
93.3333333333
[0, 3]
88.0
[3]
96.0
[0, 3]
98.6666666667
[0]
96.0
[0]
81.3333333333
[3, 0, 4]
92.0
[0, 3]
80.0
[2, 0]
85.3333333333
[2, 3]
90.6666666667
[0, 3]
89.3333333333
[0, 3]
97.3333333333
[2, 0]
86.6666666667
[0]
94.6666666667
[0, 3, 1]
90.6666666667
[3, 0]
93.3333333333
[3, 0]
92.0
[0]
92.0
[0]
96.0
[3, 0]
74.6666666667
[0]
97.3333333333
[3, 2, 0]
89.3333333333
[0, 3]
93.3333333333
[0]
89.3333333333
[3, 2, 0, 4]
94.6666666667
[2, 0]
89.3333333333
[3, 0, 2, 4]
98.6666666667
[0, 3]
93.3333333333
[0]
86.6666666667
[0, 2, 3]
93.3333333333
[0, 2]
93.3333333333
[3, 2, 0]
89.3333333333
[3]
89.3333333333
[0, 2]
93.3333333333
[2, 0]
88.0
[0, 3, 2]
80.0
[3, 2, 4]
90.6666666667
[0, 4]
84.0
[0, 3]
96.0
[3, 2, 0]
92.0
[0]
89.3333333333
[0, 3, 4]
92.0
[2]
82.6666666667
[2, 0]
70.6666666667
[2, 3, 0]
92.0
[0]
84.0
[3, 2, 4]
86.6666666667
[0, 3]
90.6666666667
[0]
98.6666666667
[0]
84.0
[0, 3]
92.0
[0]
80.0
[3, 0]
93.3333333333
[0]
93.3333333333
[2, 0]
90.6666666667
[0]
90.6666666667
[0]
90.6666666667
[3, 0]
84.0
[2, 0]
89.3333333333
[0, 3, 2]
88.0
[0, 2]
93.3333333333
[0, 3]
96.0
[0, 2]
89.3333333333
[0]
73.3333333333
[0, 3]
100.0
[0, 3]
86.6666666667
[0, 3]
96.0
[0, 3]
93.3333333333
[2, 0]
97.3333333333
[2, 0, 3]
89.3333333333
[0]
80.0
600 Test Acc = 90.56% +- 0.51%
