/usr/local/lib/python2.7/dist-packages/torchvision/transforms/transforms.py:188: UserWarning: The use of the transforms.Scale transform is deprecated, please use transforms.Resize instead.
  "please use transforms.Resize instead.")
ISIC
74.6666666667
69.3333333333
66.6666666667
74.6666666667
65.3333333333
65.3333333333
76.0
60.0
74.6666666667
66.6666666667
68.0
76.0
66.6666666667
73.3333333333
60.0
72.0
76.0
76.0
60.0
64.0
70.6666666667
65.3333333333
69.3333333333
64.0
77.3333333333
77.3333333333
74.6666666667
69.3333333333
68.0
65.3333333333
78.6666666667
68.0
73.3333333333
66.6666666667
73.3333333333
74.6666666667
58.6666666667
72.0
61.3333333333
69.3333333333
70.6666666667
73.3333333333
57.3333333333
69.3333333333
77.3333333333
74.6666666667
62.6666666667
70.6666666667
82.6666666667
70.6666666667
76.0
69.3333333333
70.6666666667
66.6666666667
65.3333333333
76.0
60.0
69.3333333333
70.6666666667
68.0
54.6666666667
68.0
69.3333333333
76.0
65.3333333333
74.6666666667
52.0
64.0
64.0
68.0
61.3333333333
74.6666666667
69.3333333333
66.6666666667
64.0
72.0
72.0
68.0
72.0
65.3333333333
74.6666666667
81.3333333333
69.3333333333
76.0
74.6666666667
73.3333333333
65.3333333333
64.0
62.6666666667
70.6666666667
62.6666666667
69.3333333333
62.6666666667
68.0
61.3333333333
62.6666666667
69.3333333333
57.3333333333
65.3333333333
77.3333333333
74.6666666667
77.3333333333
64.0
68.0
77.3333333333
74.6666666667
69.3333333333
74.6666666667
65.3333333333
70.6666666667
82.6666666667
62.6666666667
65.3333333333
72.0
60.0
78.6666666667
54.6666666667
61.3333333333
66.6666666667
58.6666666667
73.3333333333
72.0
68.0
57.3333333333
60.0
69.3333333333
58.6666666667
62.6666666667
72.0
52.0
76.0
65.3333333333
61.3333333333
77.3333333333
62.6666666667
72.0
68.0
73.3333333333
73.3333333333
73.3333333333
50.6666666667
69.3333333333
62.6666666667
66.6666666667
76.0
74.6666666667
64.0
77.3333333333
76.0
72.0
72.0
70.6666666667
Traceback (most recent call last):
  File "triplet_net.py", line 685, in <module>
    test_loop(novel_loader, return_std = False,  n_query = 15, **few_shot_params)
  File "triplet_net.py", line 626, in test_loop
    loss.backward()
  File "/usr/local/lib/python2.7/dist-packages/torch/tensor.py", line 93, in backward
    torch.autograd.backward(self, gradient, retain_graph, create_graph)
  File "/usr/local/lib/python2.7/dist-packages/torch/autograd/__init__.py", line 89, in backward
    allow_unreachable=True)  # allow_unreachable flag
  File "/usr/local/lib/python2.7/dist-packages/torch/utils/data/dataloader.py", line 178, in handler
    _error_if_any_worker_fails()
RuntimeError: DataLoader worker (pid 120313) is killed by signal: Killed.
