/usr/local/lib/python2.7/dist-packages/torchvision/transforms/transforms.py:188: UserWarning: The use of the transforms.Scale transform is deprecated, please use transforms.Resize instead.
  "please use transforms.Resize instead.")
ISIC
[2, 2, 0]
56.0
[2, 1, 1, 2]
42.6666666667
[2, 2, 4, 4]
49.3333333333
[2, 2, 2, 1]
44.0
[0, 1, 0, 1]
44.0
[0, 0, 2, 1, 1]
42.6666666667
[4, 4, 2, 3]
42.6666666667
[0, 4, 4, 1]
52.0
[4, 0, 3]
45.3333333333
[0, 2, 1, 2, 4]
54.6666666667
[2, 3, 4, 1, 4]
52.0
[0, 1, 3, 1, 1]
41.3333333333
[4, 1, 4, 1]
42.6666666667
[1, 2, 3, 1, 1]
40.0
[2, 3, 3, 3]
41.3333333333
[0]
44.0
[2, 1, 3, 1]
40.0
[2, 2, 1, 1, 1]
56.0
[0, 3, 3, 3]
42.6666666667
[0, 4, 4, 4]
41.3333333333
[1, 3, 4, 4, 3]
33.3333333333
[2, 4, 2, 4]
45.3333333333
[2, 2, 2]
40.0
[0, 0, 4, 1, 0]
46.6666666667
[0, 1, 0]
54.6666666667
[2, 4, 0, 0]
50.6666666667
[2, 3, 2, 1]
50.6666666667
[2, 1, 3, 2]
44.0
[3, 1, 1, 1, 1]
52.0
[1, 1, 3, 2]
49.3333333333
[1, 0, 1, 1]
44.0
[2, 2, 2, 2, 1]
40.0
[0, 2, 4, 3]
32.0
[0, 1, 4, 0, 4]
29.3333333333
[2, 2, 2, 2]
37.3333333333
[2, 1, 1]
29.3333333333
[0, 2, 2, 0]
45.3333333333
[2, 2]
45.3333333333
[0, 1, 0]
50.6666666667
[1, 4, 4]
40.0
[1, 1, 1, 1, 1]
53.3333333333
[1, 0, 1, 0]
48.0
[0, 2, 1, 1, 4]
45.3333333333
[0, 2, 1, 3, 3]
45.3333333333
[2, 4, 4, 4]
38.6666666667
[2, 1, 0, 1]
46.6666666667
[2, 3, 0, 2]
50.6666666667
[2, 1, 4, 1]
48.0
[0]
41.3333333333
[0, 3, 1]
49.3333333333
[0, 2, 3, 0]
42.6666666667
[2, 1, 1, 1]
38.6666666667
[0, 1]
48.0
[1, 4, 4, 1]
44.0
[1, 0]
38.6666666667
[2, 0, 0, 2]
49.3333333333
[0, 0, 1, 1]
38.6666666667
[2, 2, 4, 1, 2]
44.0
[2, 1, 0, 2]
46.6666666667
[1, 4, 1, 4]
49.3333333333
[1, 1, 1, 1]
41.3333333333
[0, 2, 0, 1]
34.6666666667
[0, 2, 1, 1]
52.0
[4, 1, 1, 0]
54.6666666667
[2, 2, 1]
44.0
[1, 1, 0, 1]
42.6666666667
[4, 3, 4, 3, 4]
44.0
[4, 1]
45.3333333333
[0, 3, 3]
41.3333333333
[2, 1, 1]
50.6666666667
[2, 2, 1, 4, 4]
36.0
[2, 2, 3]
65.3333333333
[0, 3, 0, 0, 1]
42.6666666667
[0, 3, 1]
49.3333333333
[3, 0, 3, 1, 1]
41.3333333333
[4, 4, 4, 3]
38.6666666667
[0, 4, 1, 4, 4]
36.0
[4, 1]
37.3333333333
[2, 4, 3, 0, 3]
40.0
[2, 2, 1]
33.3333333333
[2, 1, 4]
40.0
[0, 2, 1, 2, 2]
44.0
[2, 1, 2, 1]
46.6666666667
[0, 1, 2, 4, 3]
45.3333333333
[0, 1, 3, 3, 3]
45.3333333333
[2, 1, 0, 0]
45.3333333333
[1, 1, 1]
62.6666666667
[3, 4, 2]
41.3333333333
[2, 2, 0, 1, 2]
40.0
[2, 2, 0, 3]
34.6666666667
[2]
52.0
[2, 3, 1, 0]
44.0
[2, 4, 0]
45.3333333333
[0, 4, 0, 0, 3]
42.6666666667
[0, 1, 0]
45.3333333333
[2, 1, 2, 2, 2]
41.3333333333
[0, 1, 1, 2]
53.3333333333
[2, 0, 3, 3, 3]
48.0
[2, 1]
44.0
[0, 0, 0, 2]
52.0
[1, 1, 1, 1, 1]
53.3333333333
[0, 0, 4, 1, 4]
24.0
[0, 1, 3, 1]
42.6666666667
[4, 4, 1, 1]
38.6666666667
[2, 1, 1, 1, 3]
57.3333333333
[0, 2, 3, 1, 1]
49.3333333333
[0, 3, 4, 4, 0]
30.6666666667
[2, 2, 2, 2]
37.3333333333
[1, 0, 1]
37.3333333333
[4, 1]
38.6666666667
[2, 1, 1, 3, 1]
45.3333333333
[0, 1, 0, 3, 2]
41.3333333333
[2, 0, 1]
45.3333333333
[2, 1, 1]
33.3333333333
[2, 2, 1, 1, 1]
48.0
[0, 2, 4, 4]
30.6666666667
[1, 3, 1, 1]
37.3333333333
[2, 1, 1]
53.3333333333
[0, 3, 4]
26.6666666667
[4, 0, 3]
28.0
[2, 3, 1, 2, 1]
48.0
[3, 4, 4]
32.0
[2, 0, 1, 2, 2]
46.6666666667
[2, 4, 4]
42.6666666667
[2, 1, 2]
30.6666666667
[1, 1, 1, 1]
42.6666666667
[3, 1, 3, 3, 1]
56.0
[2, 1, 2, 4, 4]
45.3333333333
[2, 4, 3, 4]
40.0
[2, 2, 4, 2, 0]
48.0
[2, 2, 4, 2]
50.6666666667
[0, 1, 1]
36.0
[2, 2, 0, 4]
48.0
[2, 2, 2, 4, 2]
46.6666666667
[1, 2, 3, 2, 1]
48.0
[0, 1, 1, 0, 4]
44.0
[2, 2, 4, 4, 1]
44.0
[0, 1, 0, 1]
42.6666666667
[3, 4, 4, 3]
34.6666666667
[2, 1, 1]
45.3333333333
[3, 1]
38.6666666667
[0, 0]
37.3333333333
[2, 3]
45.3333333333
[1, 1, 1, 1, 1]
32.0
[1, 2, 3]
56.0
[1, 1, 1]
50.6666666667
[2, 1, 0, 4, 1]
40.0
[2, 1, 1, 1]
52.0
[0, 3, 3]
46.6666666667
[1, 3, 1, 4]
38.6666666667
[0, 2, 3, 4, 0]
46.6666666667
[2, 1]
56.0
[2, 3, 1, 1]
38.6666666667
[2, 3, 1, 4]
36.0
[4, 3, 1]
54.6666666667
[1, 3, 4, 1]
48.0
[2, 2, 2, 1]
53.3333333333
[2]
40.0
[1, 1, 3]
42.6666666667
[0, 0]
36.0
[2, 1, 2]
36.0
[0, 4, 0, 4]
37.3333333333
[0, 2]
37.3333333333
[1, 1, 1]
36.0
[2, 1, 1, 1, 1]
48.0
[2, 2, 2, 4]
41.3333333333
[0]
34.6666666667
[4, 1, 2]
48.0
[1, 0, 3, 4, 2]
48.0
[2, 1, 1, 1]
29.3333333333
[0, 3, 1, 3]
41.3333333333
[0, 4, 3]
38.6666666667
[2, 0, 3, 0, 2]
44.0
[2, 1, 1, 3]
44.0
[2, 3, 3]
48.0
[2, 0, 2]
56.0
[3, 3, 3]
40.0
[0, 3, 1, 1, 3]
42.6666666667
[0, 0, 2]
34.6666666667
[0, 0, 2, 1, 1]
41.3333333333
[1, 1, 0, 1, 0]
48.0
[3, 4, 3, 0]
36.0
[0, 0, 1]
45.3333333333
[0, 0]
34.6666666667
[4, 4, 4, 1]
22.6666666667
[3, 0, 4, 0]
18.6666666667
[4, 4, 4, 4, 4]
37.3333333333
[3]
30.6666666667
[1, 4, 1, 4, 1]
60.0
[2, 2, 1]
54.6666666667
[2, 2, 2, 2]
38.6666666667
[1, 3, 3]
32.0
[1, 0, 0, 1]
41.3333333333
[2, 0, 1, 1, 1]
53.3333333333
[2, 1, 2, 1, 1]
48.0
[1, 4, 4, 4, 1]
46.6666666667
[2, 0, 1, 1, 4]
46.6666666667
[0, 1]
53.3333333333
[2, 2, 3, 3, 4]
37.3333333333
[0, 0, 3]
38.6666666667
[0, 1, 1]
37.3333333333
[0, 1, 4, 4]
44.0
[0, 2, 4]
50.6666666667
[1, 1, 1, 1]
37.3333333333
[2, 0, 2]
42.6666666667
[1, 3, 2, 1]
45.3333333333
[0, 1, 0, 1]
38.6666666667
[0, 0, 3, 1, 1]
44.0
[4]
25.3333333333
[0, 3, 2, 2, 2]
53.3333333333
[2, 2, 2, 1, 1]
46.6666666667
[2, 0, 1, 1, 1]
45.3333333333
[1, 1, 1, 1, 0]
44.0
[1, 1, 4]
46.6666666667
[2, 2, 2, 4]
40.0
[4, 1, 1]
42.6666666667
[2, 1, 3, 4]
48.0
[1, 1, 1, 2]
46.6666666667
[2, 3, 2, 4, 2]
52.0
[1, 1, 4]
52.0
[1, 1, 1, 4, 3]
44.0
[2, 3, 1, 4, 0]
38.6666666667
[0, 1, 1]
52.0
[2, 1, 1, 1, 1]
46.6666666667
[0, 2, 1, 4, 1]
38.6666666667
[0, 1, 1, 1]
56.0
[2, 4, 2, 1]
42.6666666667
[0, 3, 0, 0]
41.3333333333
[3, 1, 3, 0]
49.3333333333
[0, 2, 2, 1, 2]
33.3333333333
[2, 1, 2, 0]
49.3333333333
[0, 2, 2, 1]
52.0
[3, 0, 3, 3]
45.3333333333
[0, 1, 0]
44.0
[2, 2, 2, 4]
46.6666666667
[2, 4, 4, 4, 3]
37.3333333333
[1, 2, 0]
50.6666666667
[1, 3, 3, 1]
29.3333333333
[3, 0, 2, 3, 4]
44.0
[2, 4, 4, 1, 1]
46.6666666667
[1, 1, 4, 1, 1]
40.0
[2, 2, 2]
42.6666666667
[2, 1, 1, 2]
37.3333333333
[2, 2, 2, 2, 3]
53.3333333333
[2, 2, 1]
42.6666666667
[1, 1, 1, 0, 1]
54.6666666667
[1, 1, 1, 0]
45.3333333333
[2, 2, 1]
42.6666666667
[2, 1, 3, 2, 3]
45.3333333333
[1, 4, 1, 4, 1]
54.6666666667
[2, 2, 2]
44.0
[2, 1, 4, 1, 1]
56.0
[2, 1, 1, 2, 1]
46.6666666667
[2, 0, 1, 1, 1]
45.3333333333
[2, 4, 3, 2, 4]
50.6666666667
[1, 1, 1, 1, 1]
40.0
[0, 2, 2, 1, 1]
41.3333333333
[1, 1]
58.6666666667
[2, 1, 1]
53.3333333333
[1, 1, 1, 4]
36.0
[2, 3, 3, 3]
40.0
[4, 4, 1]
48.0
[1, 2, 1, 1, 1]
50.6666666667
[2, 2, 3, 1, 2]
48.0
[2, 4, 1]
53.3333333333
[0, 1, 1, 4, 1]
53.3333333333
[0, 1, 1, 1]
34.6666666667
[2, 3, 2, 1]
57.3333333333
[3, 0, 2, 4, 3]
36.0
[0, 0, 1, 4, 1]
56.0
[2, 2, 4]
42.6666666667
[1, 1, 1, 1, 3]
57.3333333333
[0, 0, 3]
26.6666666667
[0, 2, 3, 2]
46.6666666667
[1, 4, 4]
46.6666666667
[2, 2, 0, 1]
52.0
[2, 3, 4, 3, 3]
41.3333333333
[0, 3, 2, 0, 3]
46.6666666667
[2, 2, 1, 2]
48.0
[1, 2, 1, 1, 1]
54.6666666667
[2]
37.3333333333
[0, 1]
44.0
[2, 3, 0, 3]
49.3333333333
[2, 2, 1, 2]
50.6666666667
[1, 2, 1]
42.6666666667
[1, 1, 4, 0]
61.3333333333
[3]
33.3333333333
[0, 3, 4, 4]
33.3333333333
[2, 1, 2, 4, 4]
42.6666666667
[1, 1, 4, 0, 0]
38.6666666667
[0, 0, 0, 0, 3]
37.3333333333
[1, 0, 1, 2, 1]
41.3333333333
[2, 1, 1, 1, 1]
50.6666666667
[2, 1, 1, 1]
57.3333333333
[2, 2, 2, 2]
52.0
[0, 2, 1, 0]
53.3333333333
[2, 4, 2]
42.6666666667
[2, 3, 2, 2]
56.0
[2, 1, 3, 0]
53.3333333333
[1, 0, 0, 4, 0]
36.0
[2, 2, 4, 3, 2]
26.6666666667
[2, 1, 4]
45.3333333333
[2, 2, 2]
37.3333333333
[2, 4, 1]
52.0
[3, 4]
28.0
[2]
36.0
[2, 1, 3]
60.0
[1, 1, 4, 3]
41.3333333333
[2, 3, 2]
44.0
[4, 1]
24.0
[2, 1, 1, 3]
41.3333333333
[2, 3, 1, 0]
45.3333333333
[1, 1]
40.0
[0, 1, 3, 1, 1]
46.6666666667
[2, 1, 3, 2, 3]
37.3333333333
[0, 1, 1]
40.0
[2, 2, 4, 1]
58.6666666667
[2, 1]
37.3333333333
[0, 3, 3]
33.3333333333
[1, 0]
49.3333333333
[2, 4, 2]
48.0
[0, 1, 4, 3]
30.6666666667
[2, 4]
56.0
[0, 4, 3]
49.3333333333
[1, 0, 1, 0, 1]
45.3333333333
[1, 1, 1]
52.0
[1, 4, 1, 0]
44.0
[2, 2, 4]
45.3333333333
[0, 1, 1, 4, 3]
41.3333333333
[2, 1, 4, 3]
33.3333333333
[0, 4, 3]
52.0
[1, 2, 3]
40.0
[2, 0, 1, 2, 2]
32.0
[2, 3]
49.3333333333
[1, 1, 1, 1]
42.6666666667
[2, 3]
49.3333333333
[3, 4, 4]
42.6666666667
[2, 3, 1, 2]
41.3333333333
[0, 3, 1]
33.3333333333
[2, 4, 1]
40.0
[2, 2, 3, 3, 1]
34.6666666667
[2, 3, 3, 1]
36.0
[0, 0]
33.3333333333
[0, 4, 4, 3]
40.0
[2, 1, 3, 1]
37.3333333333
[2, 2, 2, 3, 4]
57.3333333333
[2, 0, 0, 1]
45.3333333333
[2, 3, 2, 3, 3]
58.6666666667
[2, 4, 4, 1]
53.3333333333
[2, 1, 1, 4]
36.0
[0, 0, 3, 2, 0]
52.0
[2, 1, 1]
42.6666666667
[1, 0, 0, 4]
36.0
[0, 3, 0]
34.6666666667
[0, 0, 1, 0]
37.3333333333
[2, 2, 2, 2, 4]
28.0
[2, 1, 1, 1, 3]
34.6666666667
[2, 2, 4, 4]
38.6666666667
[0, 3, 3, 4]
42.6666666667
[2, 0, 4, 4]
33.3333333333
[0, 3, 1, 4]
48.0
[0, 2, 1, 1, 1]
37.3333333333
[2, 2, 1, 1, 1]
44.0
[3, 4, 1, 3, 3]
46.6666666667
[0, 1]
37.3333333333
[2, 3, 2, 4]
36.0
[0, 3, 0]
38.6666666667
[2, 0, 0, 4, 1]
41.3333333333
[2, 2, 2, 4, 4]
46.6666666667
[2, 2, 2]
45.3333333333
[0, 2, 3, 0, 2]
53.3333333333
[4, 2, 3, 1]
46.6666666667
[3, 1, 2, 2]
46.6666666667
[2, 2, 3, 3, 3]
52.0
[4, 4, 1, 4]
45.3333333333
[0, 4, 1, 1]
42.6666666667
[2, 3, 1, 1, 1]
54.6666666667
[2, 0, 2, 3, 2]
44.0
[2, 1, 2, 1, 0]
45.3333333333
[2, 0, 2]
45.3333333333
[2, 0, 2]
56.0
[2, 2, 4]
34.6666666667
[0]
34.6666666667
[4, 2, 3, 4]
48.0
[2, 4, 0, 2, 4]
40.0
[2, 2, 2, 3, 2]
46.6666666667
[1, 3, 1]
49.3333333333
[2, 3, 2, 0, 1]
33.3333333333
[4, 3, 4, 4, 3]
36.0
[0, 4, 0]
46.6666666667
[0, 2, 0, 1]
53.3333333333
[1, 1, 1, 1]
36.0
[2, 4, 2]
41.3333333333
[0, 0, 2]
44.0
[2, 1, 1]
44.0
[2, 0]
50.6666666667
[2, 2, 0]
33.3333333333
[1, 3, 1, 3, 0]
38.6666666667
[1, 2, 2, 2, 2]
38.6666666667
[4, 4, 4]
30.6666666667
[1, 1, 1, 3]
46.6666666667
[0, 3, 2, 2, 0]
41.3333333333
[2, 2]
45.3333333333
[2, 1, 2]
52.0
[2, 2, 2, 3, 2]
44.0
[2, 0, 1, 3]
40.0
[3, 4, 3, 1, 0]
38.6666666667
[2, 0, 1, 1, 1]
50.6666666667
[0, 4, 4, 3]
45.3333333333
[2, 0, 1, 1, 2]
48.0
[0, 3]
41.3333333333
[1, 1, 0, 1]
45.3333333333
[3, 3, 3, 3]
29.3333333333
[2, 2, 2]
40.0
[1, 1, 2, 4, 1]
50.6666666667
[1, 1, 1, 4, 4]
34.6666666667
[2, 2, 4]
53.3333333333
[2, 3, 2, 3]
48.0
[2, 3, 3, 1]
41.3333333333
[2, 3, 2, 0]
34.6666666667
[1, 1, 2]
54.6666666667
[1, 0, 2, 4, 2]
54.6666666667
[2, 4, 3]
46.6666666667
[0, 0, 1, 1, 2]
49.3333333333
[2, 2, 4, 2]
32.0
[2, 2, 3, 2, 2]
44.0
[2, 2]
54.6666666667
[0, 1, 4, 2, 3]
41.3333333333
[2, 2, 0, 2, 2]
34.6666666667
[1, 1, 1, 4, 4]
53.3333333333
[1, 1, 1]
48.0
[2, 0]
53.3333333333
[2, 2, 0, 1, 3]
42.6666666667
[0, 1, 2, 1, 1]
45.3333333333
[2, 1]
50.6666666667
[0, 2, 1, 4]
44.0
[3, 1, 4, 4]
45.3333333333
[1, 1, 3]
36.0
[2, 0]
53.3333333333
[1, 1]
38.6666666667
[2, 1, 4, 4, 4]
34.6666666667
[2, 1, 1]
54.6666666667
[2, 4, 3, 1]
37.3333333333
[1, 1, 4]
40.0
[0, 0, 0, 2]
54.6666666667
[1, 1, 1, 1, 4]
46.6666666667
[2, 3, 4, 1]
46.6666666667
[2, 0, 4, 4]
41.3333333333
[1, 1, 3]
37.3333333333
[2, 3, 1, 1, 1]
60.0
[3, 2, 3, 3]
41.3333333333
[2]
46.6666666667
[0, 2, 0]
28.0
[1, 1, 1, 4, 1]
45.3333333333
[2, 1, 1]
46.6666666667
[2, 0, 0]
30.6666666667
[0, 1, 3, 2]
52.0
[0, 1]
45.3333333333
[2, 2, 2, 2]
40.0
[2, 3, 2]
38.6666666667
[2, 3, 2]
37.3333333333
[2, 3, 3, 4]
49.3333333333
[2, 3, 2]
37.3333333333
[2, 2, 4, 4, 3]
52.0
[1, 1, 1, 1]
53.3333333333
[0, 3, 1, 3]
44.0
[2, 1, 4]
32.0
[3, 1, 1, 1, 3]
49.3333333333
[1, 2, 3, 2, 1]
60.0
[0, 2, 1, 2]
60.0
[2, 0, 0]
40.0
[2, 0, 2, 1, 4]
49.3333333333
[2, 3, 3, 4]
40.0
[0, 4, 3, 4, 1]
37.3333333333
[1, 0]
58.6666666667
[2, 3, 3, 2, 2]
45.3333333333
[2, 2, 0, 3]
54.6666666667
[2, 1, 1, 1]
49.3333333333
[2, 1, 2, 3]
49.3333333333
[2, 3, 2, 0]
36.0
[2, 3, 2, 4]
38.6666666667
[2, 1, 2]
41.3333333333
[2, 2, 2, 1]
42.6666666667
[3, 1, 3]
48.0
[2, 2, 4]
49.3333333333
[2, 1, 1, 2, 3]
48.0
[2, 0, 3]
41.3333333333
[0, 0, 1, 3, 1]
36.0
[0, 1]
37.3333333333
[1, 1, 1, 2, 1]
52.0
[4, 4, 1, 4]
40.0
[1, 1, 1, 1, 1]
45.3333333333
[2, 2, 1, 1, 4]
52.0
[1, 1, 1, 4, 1]
40.0
[0, 4, 4]
40.0
[0, 1, 4, 1]
30.6666666667
[0, 2, 3, 1]
52.0
[0, 2, 1]
42.6666666667
[3, 4, 2]
41.3333333333
[0, 2, 1, 2, 1]
50.6666666667
[1, 1, 1, 4, 3]
36.0
[2, 2, 2, 2, 0]
54.6666666667
[1, 1, 1, 3, 1]
46.6666666667
[0, 1, 1, 2, 0]
54.6666666667
[0, 0, 2, 1, 0]
44.0
[2, 1, 1, 2]
44.0
[2, 1, 2, 4]
44.0
[2, 0, 0, 1, 2]
37.3333333333
[0, 1, 1, 1, 1]
42.6666666667
[3, 4, 4, 4]
42.6666666667
[2, 1, 0, 0]
44.0
[0, 1, 2, 1, 0]
48.0
[1, 4, 3, 0]
41.3333333333
[4, 4, 3, 4]
36.0
[2, 2, 3]
49.3333333333
[3, 2, 2, 4]
41.3333333333
[0, 1, 1, 1]
41.3333333333
[0, 4, 4, 3]
36.0
[0, 3, 1]
38.6666666667
[2, 3, 1, 0]
36.0
[2, 4, 3, 2]
50.6666666667
[2, 1, 1]
50.6666666667
[0, 1, 2, 4, 1]
44.0
[2, 2, 3, 2]
64.0
[3, 1, 2, 2, 3]
44.0
[0, 1, 4]
42.6666666667
[1, 2, 1]
50.6666666667
[2, 1, 4, 4]
37.3333333333
[1, 1, 0, 1, 1]
37.3333333333
[0, 3, 3, 3, 4]
54.6666666667
[2, 1, 1, 2]
42.6666666667
[2, 1, 2, 2, 2]
34.6666666667
[2, 3, 2, 2]
48.0
[4, 3, 1]
42.6666666667
[1, 2, 1, 1, 3]
53.3333333333
[2, 3, 2]
49.3333333333
[0, 1, 1, 1, 1]
53.3333333333
[2, 1, 0, 2]
48.0
[2, 0, 3, 1]
40.0
[0, 1, 1, 4, 1]
45.3333333333
[2, 3, 4, 0]
42.6666666667
[2, 2, 3, 4]
45.3333333333
[2, 3, 2]
37.3333333333
[2, 4, 4, 4]
42.6666666667
[2, 1, 0]
46.6666666667
[2, 3, 2, 1]
42.6666666667
[1, 1]
50.6666666667
[2, 4, 2]
29.3333333333
[2, 3, 3, 2]
44.0
[2, 0, 0, 2, 0]
41.3333333333
[0, 1, 0]
54.6666666667
[0, 4, 4]
48.0
[2]
44.0
[3, 4, 0]
46.6666666667
[2, 2, 2, 3, 2]
40.0
[2, 4, 1, 2]
34.6666666667
[3, 4, 3]
45.3333333333
[1, 4, 1, 3, 1]
41.3333333333
[2, 2, 2, 1]
52.0
[2, 4]
38.6666666667
[1, 4, 2, 4, 1]
48.0
[2, 2, 2]
17.3333333333
[2, 2, 2, 1]
42.6666666667
[2, 2, 2, 1]
54.6666666667
[0, 0, 2, 1, 2]
41.3333333333
[0, 3, 3, 3, 4]
38.6666666667
[0, 1, 1, 2]
52.0
[1, 0, 3, 1, 1]
50.6666666667
[2, 2, 2, 0]
45.3333333333
[1, 1, 3]
42.6666666667
[2, 2, 3, 4]
46.6666666667
[0, 1, 1, 4, 4]
46.6666666667
[3, 4, 4]
28.0
[2, 2]
44.0
[1, 3, 1, 1]
50.6666666667
[0, 1]
48.0
[2, 2, 0, 0, 2]
44.0
[2, 2, 1, 2]
37.3333333333
[2, 0]
38.6666666667
[2, 0, 3]
58.6666666667
[2, 0, 2]
38.6666666667
[2, 3, 4, 3]
56.0
[0, 2, 1]
57.3333333333
[1, 1, 0, 4, 2]
50.6666666667
[2, 2, 2, 2, 2]
44.0
[2, 2, 1]
50.6666666667
[2, 0, 2, 0, 2]
44.0
[0, 2, 0, 4, 1]
41.3333333333
[2, 1]
38.6666666667
[1, 1, 3]
48.0
[2, 1, 1]
49.3333333333
[0, 1, 3, 1, 4]
46.6666666667
[2, 2, 2, 2, 2]
42.6666666667
[0, 3, 0]
37.3333333333
[1, 2, 1, 1]
41.3333333333
[1, 0, 3, 1]
48.0
[2, 1, 1, 1, 1]
52.0
[3, 4, 1, 1]
41.3333333333
[2, 0, 2]
37.3333333333
[1, 4, 4, 4, 4]
48.0
600 Test Acc = 43.97% +- 0.59%
EuroSAT
[0, 0, 2, 1, 2]
78.6666666667
[0, 0, 0, 0, 1]
88.0
[0, 0, 3, 0, 0]
93.3333333333
[0, 0, 0]
72.0
[0, 3, 3, 0, 2]
66.6666666667
[0, 0, 0, 3, 4]
94.6666666667
[0, 0, 1, 0, 3]
82.6666666667
[0, 0, 3, 3, 3]
92.0
[0, 0, 0, 0, 1]
80.0
[0, 0, 0, 2]
94.6666666667
[0, 3, 4, 0, 2]
72.0
[0, 2, 1, 1, 2]
68.0
[0, 1, 2, 1, 2]
80.0
[0, 0, 4, 4, 0]
78.6666666667
[0, 0, 0, 4, 0]
80.0
[0, 0, 3, 0]
85.3333333333
[0, 0, 0, 0, 2]
92.0
[0, 4, 4]
61.3333333333
[0, 0, 2, 0, 4]
81.3333333333
[0, 1, 0, 1, 1]
72.0
[0, 0, 0, 2, 1]
88.0
[0, 3, 0, 0, 3]
84.0
[0, 4, 4, 1, 1]
93.3333333333
[0, 0, 2, 3, 0]
96.0
[0, 0, 3, 2, 4]
86.6666666667
[0, 4, 2, 4, 0]
81.3333333333
[0, 2, 2, 2, 4]
92.0
[0, 0, 0, 1, 0]
90.6666666667
[0, 2, 2, 1, 3]
68.0
[0, 0, 3, 0, 3]
84.0
[0, 2, 1, 2, 1]
89.3333333333
[0, 0, 2, 0, 2]
86.6666666667
[0, 0, 2, 1, 2]
89.3333333333
[0, 2, 2, 2, 2]
76.0
[0, 0, 0, 3, 0]
84.0
[0, 0, 1, 4]
72.0
[0, 0, 3, 0, 0]
93.3333333333
[0, 0, 4, 0, 0]
85.3333333333
[0, 0, 1, 3, 1]
69.3333333333
[0, 1, 2, 0, 1]
76.0
[0, 0, 0, 3, 3]
80.0
[0, 3, 2, 2, 2]
86.6666666667
[0, 0, 2, 1, 1]
85.3333333333
[0, 0, 1, 1, 1]
84.0
[0, 0, 0, 0, 0]
90.6666666667
[0, 0, 2, 2, 2]
77.3333333333
[0, 0, 0, 2, 3]
66.6666666667
[0, 0, 3, 0, 4]
86.6666666667
[0, 0, 0, 0, 4]
76.0
[0, 0, 2, 4, 0]
77.3333333333
[0, 2, 0, 2, 2]
90.6666666667
[0, 0, 0, 2, 3]
76.0
[0, 0, 0, 0]
90.6666666667
[0, 0, 0, 0, 2]
90.6666666667
[0, 0, 0, 1, 0]
90.6666666667
[0, 4, 0, 4, 0]
86.6666666667
[0, 0, 0, 4, 2]
86.6666666667
[0, 0, 0, 0, 0]
73.3333333333
[0, 3, 0, 0, 2]
81.3333333333
[0, 1, 3, 0, 3]
73.3333333333
[0, 3, 0, 1, 2]
85.3333333333
[0, 0, 1, 3, 1]
82.6666666667
[0, 0, 0, 4, 0]
93.3333333333
[0, 0, 2, 2, 0]
85.3333333333
[0, 0, 0, 2, 1]
84.0
[0, 0, 0, 0, 2]
74.6666666667
[0, 0, 3, 0, 3]
70.6666666667
[0, 0, 4, 0, 0]
78.6666666667
[0, 0, 0, 2, 2]
84.0
[0, 0, 0, 0, 3]
82.6666666667
[0, 3, 2, 2, 3]
78.6666666667
[0, 1, 0, 1, 1]
69.3333333333
[0, 0, 0, 1]
74.6666666667
[0, 0, 2, 0, 0]
88.0
[0, 0, 0, 2, 1]
92.0
[0, 1, 0, 1, 2]
86.6666666667
[0, 0, 0, 0, 3]
77.3333333333
[0, 2, 0, 0]
73.3333333333
[0, 0, 1, 4, 0]
78.6666666667
[0, 0, 0, 0, 0]
82.6666666667
[0, 0, 3, 3, 0]
89.3333333333
[0, 0, 0, 0, 2]
70.6666666667
[0, 0, 2, 1, 1]
93.3333333333
[0, 3, 1, 3, 0]
70.6666666667
[0, 0, 0, 1, 0]
84.0
[0, 0, 1]
85.3333333333
[0, 2, 0, 2, 2]
80.0
[0, 2, 0, 2]
80.0
[0, 0, 0, 3, 2]
74.6666666667
[0, 0, 2, 1, 0]
72.0
[0, 0, 0, 3, 0]
73.3333333333
[0, 0, 1, 1, 1]
84.0
[0, 0, 4, 0, 3]
82.6666666667
[0, 0, 2, 1, 0]
93.3333333333
[0, 0, 0, 2, 2]
81.3333333333
[0, 0, 2, 2, 0]
88.0
[0, 1, 1, 1, 1]
84.0
[0, 2, 0, 2, 1]
60.0
[0, 0, 1, 4, 0]
74.6666666667
[0, 0, 0, 1, 0]
88.0
[0, 2, 0, 0, 2]
89.3333333333
[0, 2, 0, 1, 0]
92.0
[0, 0, 0, 0, 2]
90.6666666667
[0, 2, 0, 4, 2]
81.3333333333
[0, 0, 0, 4, 2]
89.3333333333
[0, 0, 0, 3, 2]
90.6666666667
[0, 0, 2, 0, 4]
86.6666666667
[0, 0, 3]
74.6666666667
[0, 0, 0, 2, 0]
88.0
[0, 0, 2, 0, 2]
81.3333333333
[0, 0, 1, 0, 2]
85.3333333333
[0, 0, 0, 4, 2]
84.0
[0, 0, 0, 0, 2]
76.0
[0, 0, 0, 0, 2]
72.0
[0, 0, 1, 3, 2]
68.0
[0, 0, 2, 2, 2]
69.3333333333
[0, 0, 2, 2, 0]
82.6666666667
[0, 0, 0]
77.3333333333
[0, 1, 0, 1, 4]
72.0
[0, 3, 2, 0, 4]
76.0
[0, 2, 3, 2, 0]
88.0
[0, 0, 0, 1, 2]
85.3333333333
[0, 3, 2, 3, 2]
74.6666666667
[0, 0, 0, 0, 1]
86.6666666667
[0, 0, 0, 1, 1]
68.0
[0, 0, 0, 0, 4]
76.0
[0, 2, 3, 0]
72.0
[0, 0, 1, 1, 1]
84.0
[0, 2, 2, 0, 1]
85.3333333333
[0, 0, 0, 1]
89.3333333333
[0, 0, 0, 4, 2]
82.6666666667
[0, 1, 0, 0, 1]
84.0
[0, 2, 2, 4, 2]
88.0
[0, 2, 0, 1, 2]
80.0
[0, 2, 0, 2, 3]
68.0
[0, 1, 4, 0, 4]
78.6666666667
[0, 0, 0, 0, 0]
84.0
[0, 0, 2, 0, 2]
77.3333333333
[0, 0, 0, 0, 0]
72.0
[0, 2, 0, 0, 2]
85.3333333333
[0, 4, 0, 0]
69.3333333333
[0, 0, 0, 0, 0]
82.6666666667
[0, 0, 0, 0, 4]
96.0
[0, 0, 2, 0]
58.6666666667
[0, 3, 0, 1]
78.6666666667
[0, 0, 0, 0]
80.0
[0, 0, 3, 2, 2]
85.3333333333
[0, 0, 0, 4]
78.6666666667
[0, 3, 3, 3, 1]
81.3333333333
[2, 0, 2, 1, 1]
82.6666666667
[0, 1, 2, 0, 4]
82.6666666667
[0, 0, 3, 0, 3]
94.6666666667
[0, 0, 1, 1, 0]
73.3333333333
[0, 0, 2, 2, 2]
97.3333333333
[0, 0, 1, 2, 1]
73.3333333333
[0, 0, 0, 3, 3]
74.6666666667
[0, 3, 0, 4]
80.0
[0, 0, 4, 0]
90.6666666667
[0, 0, 1, 3, 0]
72.0
[0, 0, 0, 0]
81.3333333333
[0, 0, 0, 0, 0]
89.3333333333
[0, 3, 0, 1, 0]
86.6666666667
[0, 0, 2, 3, 1]
92.0
[0, 0, 0, 2, 3]
80.0
[0, 0, 0, 0, 1]
93.3333333333
[0, 2, 0, 3, 2]
86.6666666667
[0, 2, 0, 2]
84.0
[0, 0, 0, 2, 2]
84.0
[0, 0, 0, 3, 0]
88.0
[0, 0, 1, 4, 4]
88.0
[0, 1, 0, 3, 2]
76.0
[0, 0, 2, 2, 0]
90.6666666667
[0, 3, 1, 3, 0]
82.6666666667
[0, 0, 0, 1, 0]
84.0
[0, 0, 0, 2, 4]
96.0
[0, 2, 0, 3, 1]
58.6666666667
[0, 0, 3, 0, 1]
74.6666666667
[0, 1, 3, 0, 3]
65.3333333333
[0, 0, 3, 1]
57.3333333333
[0, 0, 0, 0, 3]
86.6666666667
[0, 0, 0, 2, 2]
76.0
[0, 3, 0, 1, 3]
84.0
[0, 0, 0, 0, 0]
90.6666666667
[0, 3, 2, 2, 1]
92.0
[0, 4, 3, 0, 1]
80.0
[0, 0, 3, 0]
93.3333333333
[0, 0, 4, 0]
82.6666666667
[0, 0, 0, 2, 2]
92.0
[0, 0, 1, 2, 0]
88.0
[0, 0, 4, 2, 0]
88.0
[0, 0, 0, 0, 2]
88.0
[0, 0, 3, 0]
84.0
[0, 0, 0, 1, 4]
84.0
[0, 2, 1, 2]
69.3333333333
[0, 2, 0, 1, 2]
62.6666666667
[0, 0, 0, 3, 0]
68.0
[0, 0, 1, 2]
78.6666666667
[0, 0, 0, 3, 1]
88.0
[0, 2, 1, 2]
89.3333333333
[0, 2, 4, 4, 1]
80.0
[0, 0, 0, 0, 0]
85.3333333333
[0, 0, 2, 1, 1]
92.0
[0, 2, 0, 0, 2]
81.3333333333
[0, 2, 2, 0, 3]
60.0
[0, 0, 1, 1]
68.0
[0, 0, 3, 3, 1]
77.3333333333
[0, 0, 1, 2, 0]
88.0
[0, 2, 0, 2, 1]
86.6666666667
[0, 0, 2, 1, 0]
78.6666666667
[0, 0, 0, 0, 3]
85.3333333333
[0, 0, 0, 4]
89.3333333333
[0, 0, 2, 2, 0]
90.6666666667
[0, 0, 2, 3, 2]
89.3333333333
[0, 0, 0, 1, 2]
90.6666666667
[0, 1, 4]
77.3333333333
[0, 0, 0, 0, 0]
86.6666666667
[0, 0, 0, 0, 0]
76.0
[0, 0, 1, 1, 1]
74.6666666667
[0, 1, 4, 4, 4]
78.6666666667
[0, 1, 0, 1, 0]
70.6666666667
[0, 0, 0, 4, 1]
78.6666666667
[0, 3, 1, 2, 3]
80.0
[0, 0, 3, 3, 2]
76.0
[0, 1, 2, 0, 1]
69.3333333333
[0, 0, 1, 1, 2]
90.6666666667
[0, 0, 1, 1, 1]
97.3333333333
[0, 0, 0, 0, 0]
92.0
[0, 1, 0, 4]
84.0
[0, 1, 1, 1, 1]
80.0
[0, 0, 2, 2, 3]
78.6666666667
[0, 0, 0, 0, 0]
93.3333333333
[0, 0, 0, 1, 1]
81.3333333333
[0, 0, 2, 0, 1]
86.6666666667
[0, 3, 2, 2, 0]
78.6666666667
[0, 0, 3, 0, 0]
88.0
[0, 0, 0, 4]
85.3333333333
[0, 0, 0, 1, 4]
90.6666666667
[0, 0, 1, 1, 4]
78.6666666667
[0, 1, 2, 4, 2]
78.6666666667
[0, 0, 0, 0, 1]
92.0
[0, 0, 0, 2, 3]
76.0
[0, 0, 4, 1, 4]
89.3333333333
[0, 0, 0, 0, 0]
81.3333333333
[0, 4, 0, 0, 0]
74.6666666667
[0, 0, 1, 0, 0]
81.3333333333
[0, 1, 1, 2, 1]
86.6666666667
[0, 0, 3, 0, 2]
97.3333333333
[0, 0, 0, 0, 3]
90.6666666667
[0, 0, 0, 2]
78.6666666667
[0, 0, 4, 2, 0]
90.6666666667
[0, 0, 1, 0, 1]
65.3333333333
[0, 0, 0, 0, 0]
85.3333333333
[0, 2, 2, 0, 1]
74.6666666667
[0, 1, 1, 1, 0]
74.6666666667
[0, 1, 1, 1, 1]
81.3333333333
[0, 0, 1, 1, 0]
82.6666666667
[0, 0, 0, 2, 4]
84.0
[0, 0, 0, 0, 0]
97.3333333333
[0, 3, 2, 1, 0]
88.0
[0, 1, 3, 1, 1]
72.0
[0, 0, 2, 1, 3]
76.0
[0, 0, 2, 4]
89.3333333333
[0, 0, 3, 0, 1]
78.6666666667
[0, 1, 0, 0, 1]
88.0
[0, 0, 0, 4, 2]
90.6666666667
[0, 0, 2, 1, 2]
73.3333333333
[0, 0, 3, 0, 3]
82.6666666667
[0, 0, 2, 2]
69.3333333333
[0, 0, 1, 3]
72.0
[0, 2, 2, 1, 1]
73.3333333333
[0, 0, 0, 2, 2]
85.3333333333
[0, 0, 0, 4]
80.0
[0, 0, 0, 4, 0]
84.0
[0, 0, 2, 0, 0]
82.6666666667
[0, 1, 2, 2, 3]
81.3333333333
[0, 0, 0, 0, 0]
84.0
[0, 1, 2, 0, 1]
74.6666666667
[0, 0, 2, 1, 4]
89.3333333333
[0, 3, 2, 2, 2]
89.3333333333
[0, 3, 2, 3, 2]
72.0
[0, 0, 4, 2, 0]
85.3333333333
[0, 1, 0, 0, 1]
90.6666666667
[0, 0, 0, 2, 0]
81.3333333333
[0, 0, 0, 0, 0]
80.0
[0, 0, 1, 0, 1]
78.6666666667
[0, 0, 0, 0, 4]
80.0
[0, 0, 3, 1, 2]
96.0
[0, 0, 2, 0, 2]
77.3333333333
[0, 0, 0, 2, 2]
98.6666666667
[0, 0, 0, 4, 0]
85.3333333333
[0, 0, 0, 1, 2]
85.3333333333
[0, 0, 0, 0, 2]
85.3333333333
[0, 0, 2, 1, 0]
76.0
[0, 0, 2, 2]
72.0
[0, 2, 0, 1, 0]
82.6666666667
[0, 2, 0, 2, 4]
72.0
[0, 2, 3, 4, 1]
80.0
[0, 2, 2, 0, 3]
77.3333333333
[0, 0, 2, 2, 0]
82.6666666667
[0, 3, 2, 2, 3]
53.3333333333
[0, 1, 4, 1, 4]
85.3333333333
[0, 1, 1, 1, 1]
69.3333333333
[0, 0, 0, 1, 4]
84.0
[0, 0, 2, 1, 2]
81.3333333333
[0, 4, 2]
84.0
[0, 0, 1, 0]
94.6666666667
[0, 0, 1, 2, 1]
86.6666666667
[0, 3, 0, 2]
78.6666666667
[0, 0, 0, 0, 0]
90.6666666667
[0, 2, 2, 0, 3]
88.0
[0, 0, 3, 3]
81.3333333333
[0, 0, 0, 2]
80.0
[0, 0, 0, 4]
76.0
[0, 0, 3, 0, 1]
84.0
[0, 0, 0, 4, 1]
84.0
[0, 0, 2, 2, 0]
73.3333333333
[0, 0, 0, 0, 0]
89.3333333333
[0, 2, 2, 1, 0]
86.6666666667
[0, 0, 1, 2, 4]
92.0
[0, 0, 0, 0, 4]
81.3333333333
[0, 0, 0, 2, 0]
73.3333333333
[0, 3, 2, 2]
80.0
[0, 0, 3, 0, 1]
78.6666666667
[0, 0, 0, 1, 4]
84.0
[0, 0, 0, 4]
80.0
[0, 0, 3, 3]
81.3333333333
[0, 1, 1, 0, 1]
72.0
[0, 0, 0, 0, 0]
82.6666666667
[0, 3, 0, 1]
89.3333333333
[0, 0, 0, 0, 3]
88.0
[0, 0, 0, 0, 0]
84.0
[0, 0, 0, 3, 1]
89.3333333333
[0, 0, 1, 2]
70.6666666667
[0, 0, 1, 4, 2]
73.3333333333
[0, 3, 0, 4, 1]
73.3333333333
[0, 0, 4, 0]
78.6666666667
[0, 2, 4, 0, 4]
86.6666666667
[0, 0, 2, 2, 0]
92.0
[0, 0, 1, 1, 1]
86.6666666667
[0, 0, 0, 0, 0]
78.6666666667
[0, 0, 0, 0, 1]
70.6666666667
[0, 0, 2, 2, 2]
74.6666666667
[0, 1, 2, 3, 2]
78.6666666667
[0, 0, 3, 0, 1]
84.0
[0, 2, 2, 1, 2]
56.0
[0, 0, 2, 4]
96.0
[0, 0, 0, 0, 3]
76.0
[0, 0, 2, 0, 0]
88.0
[0, 0, 0, 2, 0]
85.3333333333
[0, 0, 0, 1, 2]
90.6666666667
[0, 0, 0, 0, 1]
76.0
[0, 2, 3, 2, 1]
84.0
[0, 0, 1, 1, 4]
85.3333333333
[0, 2, 0, 2, 2]
89.3333333333
[0, 0, 0, 2, 0]
80.0
[0, 2, 0, 0, 3]
84.0
[0, 0, 0, 0, 0]
88.0
[0, 0, 2]
86.6666666667
[0, 0, 3, 0, 0]
77.3333333333
[0, 0, 4, 2, 2]
73.3333333333
[0, 3, 3, 2, 0]
78.6666666667
[0, 0, 1, 2]
78.6666666667
[0, 0, 0, 0, 2]
82.6666666667
[0, 2, 1, 0, 0]
86.6666666667
[0, 1, 2, 0, 1]
69.3333333333
[0, 0, 0, 0, 0]
82.6666666667
[0, 0, 0, 0, 1]
76.0
[0, 0, 2, 0, 0]
77.3333333333
[0, 3, 2, 0]
77.3333333333
[0, 0, 0, 1, 4]
89.3333333333
[0, 0, 4, 0, 0]
84.0
[0, 0, 3, 0, 0]
89.3333333333
[0, 2, 4, 0, 2]
81.3333333333
[0, 2, 0, 2]
73.3333333333
[0, 0, 0, 0, 2]
89.3333333333
[0, 0, 0, 1, 0]
92.0
[0, 1, 0, 1, 3]
77.3333333333
[0, 0, 0, 1, 0]
93.3333333333
[0, 0, 2, 4, 2]
92.0
[0, 0, 2, 1, 2]
84.0
[0, 0, 0, 0, 2]
88.0
[0, 3, 0, 0, 2]
88.0
[0, 0, 0, 1]
93.3333333333
[0, 0, 3, 1, 0]
89.3333333333
[0, 0, 3, 4, 0]
76.0
[0, 0, 0, 0, 0]
89.3333333333
[0, 0, 0, 2]
86.6666666667
[0, 3, 2, 0, 1]
80.0
[0, 0, 0, 3, 1]
92.0
[0, 0, 1, 0, 3]
77.3333333333
[0, 1, 1, 4, 1]
84.0
[0, 2, 2, 2, 2]
81.3333333333
[0, 0, 0, 0, 4]
90.6666666667
[0, 1, 2, 1, 2]
68.0
[0, 2, 0, 1, 4]
76.0
[0, 0, 2, 0]
73.3333333333
[0, 0, 0, 0, 4]
94.6666666667
[0, 0, 0, 2, 2]
68.0
[0, 0, 0, 0, 1]
78.6666666667
[0, 0, 1, 0, 1]
66.6666666667
[0, 2, 2, 2]
77.3333333333
[0, 0, 1, 0, 1]
88.0
[0, 2, 2, 2, 2]
65.3333333333
[0, 2, 0, 0, 1]
89.3333333333
[0, 0, 3, 3, 4]
70.6666666667
[0, 0, 0, 0, 1]
82.6666666667
[0, 0, 4, 4, 1]
74.6666666667
[0, 0, 0, 0, 0]
84.0
[0, 0, 0, 0, 0]
84.0
[0, 0, 0, 4, 1]
64.0
[0, 3, 3, 0, 1]
80.0
[0, 1, 1, 3, 0]
70.6666666667
[0, 3, 1, 0]
70.6666666667
[0, 2, 0, 2, 0]
72.0
[0, 0, 0, 0, 3]
82.6666666667
[0, 0, 0, 0, 1]
76.0
[0, 1, 1, 3, 4]
65.3333333333
[0, 3, 1, 0, 3]
86.6666666667
[0, 2, 0, 4, 4]
76.0
[0, 1, 0, 2, 1]
81.3333333333
[0, 0, 2]
73.3333333333
[0, 0, 0, 3]
72.0
[0, 0, 0, 0, 2]
86.6666666667
[0, 0, 1, 0, 0]
94.6666666667
[0, 2, 2, 1, 4]
76.0
[0, 2, 0, 0, 3]
86.6666666667
[0, 0, 0, 0, 0]
78.6666666667
[0, 0, 0, 3, 0]
73.3333333333
[0, 2, 0, 0]
76.0
[0, 3, 0, 2, 1]
86.6666666667
[0, 0, 0, 4, 2]
85.3333333333
[0, 0, 0, 4, 0]
81.3333333333
[0, 1, 2, 1, 2]
74.6666666667
[0, 0, 0, 2]
84.0
[0, 2, 3, 0, 2]
88.0
[0, 0, 1, 0, 1]
82.6666666667
[0, 0, 1, 0, 4]
90.6666666667
[0, 0, 0, 2, 2]
82.6666666667
[0, 0, 2, 3, 2]
89.3333333333
[0, 0, 0, 0, 2]
88.0
[0, 0, 2, 4, 1]
70.6666666667
[0, 1, 0, 2, 1]
70.6666666667
[0, 0, 0, 0]
88.0
[0, 0, 3, 0, 2]
96.0
[0, 0, 0, 0, 3]
80.0
[0, 0, 0, 3, 0]
85.3333333333
[0, 0, 2, 0, 2]
82.6666666667
[0, 0, 0, 0, 3]
92.0
[0, 0, 0, 2, 0]
80.0
[0, 0, 2, 2, 0]
86.6666666667
[0, 0, 0, 4, 1]
89.3333333333
[0, 1, 3, 2, 0]
74.6666666667
[0, 0, 2, 3, 0]
90.6666666667
[0, 0, 0, 1, 4]
72.0
[0, 2, 2, 4, 0]
84.0
[0, 0, 0, 2, 0]
92.0
[0, 0, 0, 2, 4]
85.3333333333
[0, 0, 0, 0, 4]
85.3333333333
[0, 0, 0, 1, 4]
65.3333333333
[0, 0, 0, 3, 0]
89.3333333333
[0, 0, 2, 0, 0]
80.0
[0, 2, 0, 2, 0]
92.0
[0, 2, 1, 2, 0]
77.3333333333
[0, 0, 0, 0, 3]
94.6666666667
[0, 0, 2, 2, 0]
64.0
[0, 0, 0, 0, 0]
80.0
[0, 0, 0, 4, 1]
90.6666666667
[0, 0, 0, 2, 2]
89.3333333333
[0, 2, 2, 1]
72.0
[0, 0, 0, 3, 1]
70.6666666667
[0, 3, 0, 1, 3]
88.0
[0, 0, 1, 3]
85.3333333333
[0, 0, 2, 0]
86.6666666667
[0, 2, 0, 4]
81.3333333333
[0, 0, 2, 3, 3]
80.0
[0, 0, 0, 3, 1]
94.6666666667
[0, 0, 0, 3, 1]
84.0
[0, 3, 2, 2, 2]
84.0
[0, 2, 2, 3]
85.3333333333
[0, 0, 0, 0, 1]
88.0
[0, 2, 0, 0, 2]
80.0
[0, 0, 2, 4, 0]
77.3333333333
[0, 0, 0, 0]
89.3333333333
[0, 0, 0, 4, 4]
80.0
[0, 0, 4, 4, 2]
88.0
[0, 0, 2, 2, 3]
86.6666666667
[0, 0, 3, 0]
81.3333333333
[0, 0, 1, 3, 0]
86.6666666667
[0, 1, 1, 0, 1]
81.3333333333
[0, 2, 0, 3, 2]
69.3333333333
[0, 0, 0, 3, 1]
69.3333333333
[0, 0, 0, 0, 3]
88.0
[0, 1, 2, 1, 0]
82.6666666667
[0, 3, 4, 1, 0]
77.3333333333
[0, 0, 4, 0, 0]
76.0
[0, 0, 0, 0, 0]
90.6666666667
[0, 0, 0, 0, 0]
76.0
[0, 0, 0, 0, 1]
77.3333333333
[0, 2, 0, 1, 2]
85.3333333333
[0, 0, 1, 1, 1]
86.6666666667
[0, 0, 0, 0]
84.0
[0, 0, 0, 2, 1]
85.3333333333
[0, 0, 4, 4, 4]
80.0
[0, 3, 1, 0, 3]
81.3333333333
[0, 0, 0, 4]
89.3333333333
[0, 2, 0, 0, 0]
81.3333333333
[0, 1, 0]
90.6666666667
[0, 0, 1, 0, 1]
82.6666666667
[0, 2, 0, 2, 2]
93.3333333333
[0, 4, 2, 0]
73.3333333333
[0, 2, 0, 2, 0]
81.3333333333
[0, 0, 0, 3]
68.0
[0, 1, 0, 0, 4]
89.3333333333
[0, 3, 0, 3, 0]
84.0
[0, 0, 0, 0]
90.6666666667
[0, 0, 3, 3, 2]
88.0
[0, 0, 2, 0, 0]
88.0
[0, 0, 0, 0, 4]
78.6666666667
[0, 0, 3, 1, 4]
81.3333333333
[0, 1, 0, 1, 4]
80.0
[0, 0, 3, 3]
77.3333333333
[0, 0, 2, 2, 0]
76.0
[0, 0, 0, 2, 4]
58.6666666667
[0, 0, 1, 1, 0]
70.6666666667
[0, 0, 0, 2, 2]
93.3333333333
[0, 0, 3]
80.0
[0, 0, 0, 0]
77.3333333333
[0, 0, 1, 2, 1]
88.0
[0, 0, 2, 2, 1]
88.0
[0, 0, 0, 1, 0]
81.3333333333
[0, 0, 0, 3, 2]
84.0
[0, 0, 0, 2, 0]
96.0
[0, 0, 0, 2, 2]
85.3333333333
[0, 0, 0, 1, 1]
86.6666666667
[0, 0, 0, 0, 1]
92.0
[0, 0, 0, 0, 4]
92.0
[0, 3, 0, 3, 3]
84.0
[0, 0, 0, 0, 2]
78.6666666667
[0, 0, 0, 0]
81.3333333333
[0, 0, 0, 0, 0]
73.3333333333
[0, 0, 1, 2, 3]
89.3333333333
[0, 0, 2, 0]
82.6666666667
[0, 0, 0]
77.3333333333
[0, 0, 3, 1, 0]
89.3333333333
[0, 0, 2, 0, 2]
86.6666666667
[0, 3, 0, 0, 2]
97.3333333333
[0, 2, 3, 4]
88.0
[0, 0, 0, 0, 0]
84.0
[0, 0, 3, 2, 2]
72.0
[0, 0, 2, 2, 2]
76.0
[0, 0, 0, 4, 2]
92.0
[0, 0, 2, 0, 0]
85.3333333333
[0, 0, 3, 3, 0]
77.3333333333
[0, 0, 2, 4, 4]
77.3333333333
[0, 0, 0, 2, 0]
89.3333333333
[0, 0, 0, 0, 3]
70.6666666667
[0, 0, 0, 0, 2]
100.0
[0, 0, 3, 4, 2]
80.0
[0, 0, 0, 2, 0]
86.6666666667
[0, 0, 2, 0, 4]
81.3333333333
[0, 0, 0, 0]
85.3333333333
[0, 0, 0, 2, 4]
93.3333333333
[0, 0, 3, 2, 3]
93.3333333333
[0, 3, 0, 1, 0]
80.0
[0, 0, 0, 0, 0]
97.3333333333
[0, 0, 4, 0]
80.0
[0, 0, 0, 0, 3]
77.3333333333
[0, 0, 0, 0, 4]
84.0
[0, 0, 2, 2]
80.0
[0, 0, 0, 0, 0]
88.0
[0, 2, 2, 2, 2]
68.0
[0, 2, 2, 0, 2]
73.3333333333
[0, 0, 2, 0, 2]
76.0
[0, 0, 1, 0, 1]
73.3333333333
[0, 3, 0, 0, 0]
77.3333333333
[0, 1, 2, 2, 4]
84.0
[0, 0, 3, 3, 4]
86.6666666667
[0, 0, 0, 4, 0]
89.3333333333
[0, 0, 0, 2, 4]
86.6666666667
[0, 0, 3, 0, 0]
82.6666666667
[0, 0, 0, 0, 1]
82.6666666667
[0, 2, 2, 1, 1]
72.0
[0, 0, 3, 0, 0]
89.3333333333
[0, 2, 2, 3, 2]
86.6666666667
[0, 0, 0, 4, 0]
90.6666666667
[0, 0, 3, 3, 1]
86.6666666667
[0, 0, 0, 4, 4]
81.3333333333
[0, 0, 2, 2, 2]
93.3333333333
[0, 0, 2, 2, 4]
76.0
[0, 0, 0, 0, 0]
69.3333333333
[0, 0, 2, 2, 0]
82.6666666667
[0, 3, 2, 2, 2]
80.0
[0, 0, 0, 3, 2]
85.3333333333
[0, 0, 2, 0, 0]
93.3333333333
[0, 0, 2, 2, 0]
81.3333333333
[0, 0, 0, 3, 0]
76.0
[0, 0, 0, 1, 1]
81.3333333333
[0, 3, 4, 0, 2]
90.6666666667
[0, 0, 3, 0]
70.6666666667
[0, 0, 0, 4, 1]
96.0
600 Test Acc = 82.02% +- 0.63%
CropDisease
[0, 3, 0, 3, 0]
98.6666666667
[2, 0, 0, 0, 0]
94.6666666667
[0, 0, 3, 0, 2]
96.0
[3, 0, 2, 0, 3]
97.3333333333
[2, 0, 2, 2, 0]
93.3333333333
[0, 0, 2, 2, 4]
93.3333333333
[3, 3, 0, 3, 3]
94.6666666667
[0, 0, 0, 0, 4]
97.3333333333
[0, 0, 3, 0, 3]
81.3333333333
[2, 2, 0, 3, 0]
90.6666666667
[0, 0, 4, 1, 4]
90.6666666667
[0, 0, 0, 2, 4]
89.3333333333
[2, 0, 2, 3, 2]
86.6666666667
[0, 3, 2, 0, 0]
93.3333333333
[3, 0, 2, 2, 0]
86.6666666667
[0, 3, 0, 0, 4]
96.0
[2, 3, 3, 3, 2]
94.6666666667
[3, 2, 2, 3, 1]
86.6666666667
[0, 2, 0, 2, 0]
90.6666666667
[3, 0, 3, 4]
89.3333333333
[2, 3, 4, 2, 0]
89.3333333333
[3, 0, 3, 3, 4]
96.0
[3, 2, 0, 2, 2]
94.6666666667
[2, 3, 2, 2, 0]
86.6666666667
[3, 2, 2, 3, 0]
89.3333333333
[3, 2, 0, 3, 3]
97.3333333333
[3, 3, 3, 3, 4]
82.6666666667
[3, 0, 3, 2, 0]
90.6666666667
[0, 0, 4, 0, 4]
93.3333333333
[0, 0, 2, 4, 0]
100.0
[3, 0, 0, 0, 0]
94.6666666667
[3, 0, 0, 0, 0]
93.3333333333
[0, 0, 0, 2, 4]
97.3333333333
[3, 3, 4, 3, 4]
96.0
[3, 2, 0, 3, 0]
94.6666666667
[3, 2, 0, 2, 3]
80.0
[0, 0, 0, 1, 3]
92.0
[3, 2, 0, 0, 3]
84.0
[2, 4, 4, 0, 1]
94.6666666667
[2, 0, 0, 0, 0]
97.3333333333
[2, 4, 4, 2, 0]
82.6666666667
[0, 0, 3, 0, 0]
96.0
[3, 0, 0, 4, 0]
93.3333333333
[0, 4, 0, 2, 0]
72.0
[3, 2, 0, 3, 0]
93.3333333333
[0, 3, 2, 0, 3]
100.0
[0, 2, 2, 0, 2]
92.0
[0, 2, 0, 0, 2]
94.6666666667
[3, 0, 3, 2, 3]
96.0
[0, 0, 3, 3, 0]
70.6666666667
[3, 0, 0, 1, 1]
88.0
[0, 3, 2, 0, 1]
90.6666666667
[0, 2, 0, 0, 1]
92.0
[3, 3, 2, 2, 0]
86.6666666667
[3, 0, 3, 2, 0]
84.0
[3, 0, 2, 0, 3]
94.6666666667
[0, 3, 3, 2, 0]
97.3333333333
[3, 2, 0, 2, 3]
90.6666666667
[3, 3, 3, 2, 3]
97.3333333333
[0, 3, 3, 3, 0]
89.3333333333
[2, 0, 3, 2, 4]
80.0
[3, 0, 3, 0, 2]
92.0
[3, 2, 3, 0, 4]
85.3333333333
[0, 0, 4, 4, 0]
77.3333333333
[2, 0, 0, 4, 0]
84.0
[0, 3, 0, 1, 3]
100.0
[3, 3, 3, 0, 0]
90.6666666667
[0, 0, 0, 2, 1]
77.3333333333
[3, 0, 0, 3, 3]
94.6666666667
[0, 0, 0, 2, 3]
90.6666666667
[2, 0, 2, 2, 2]
88.0
[3, 0, 0, 0, 2]
94.6666666667
[0, 3, 2, 2, 2]
89.3333333333
[0, 0, 2, 4, 3]
89.3333333333
[0, 2, 0, 3, 4]
100.0
[3, 3, 2, 0, 0]
90.6666666667
[3, 0, 2, 0, 3]
90.6666666667
[2, 0, 3, 0, 3]
98.6666666667
[3, 2, 2, 0, 0]
96.0
[2, 0, 0, 0, 0]
97.3333333333
[3, 0, 4, 0, 3]
92.0
[0, 0, 0, 0, 0]
92.0
[3, 2, 0, 0, 4]
100.0
[2, 2, 2, 0, 0]
93.3333333333
[2, 0, 0, 3, 2]
92.0
[0, 3, 0, 0, 3]
96.0
[3, 0, 0, 0, 0]
97.3333333333
[3, 2, 0, 3, 3]
96.0
[0, 3, 0, 2, 3]
92.0
[0, 3, 0, 3, 0]
94.6666666667
[3, 3, 3, 3, 3]
89.3333333333
[0, 0, 0, 3, 0]
90.6666666667
[0, 3, 3, 0, 3]
85.3333333333
[0, 0, 0, 2, 2]
86.6666666667
[2, 0, 0, 0, 0]
100.0
[3, 0, 3, 0, 0]
98.6666666667
[2, 0, 3, 2, 0]
97.3333333333
[2, 0, 0, 3, 0]
84.0
[3, 2, 3, 0, 3]
89.3333333333
[3, 0, 2, 0, 2]
88.0
[0, 0, 0, 0, 0]
92.0
[3, 3, 3, 2, 3]
100.0
[3, 0, 0, 3, 2]
96.0
[2, 0, 0, 3, 0]
94.6666666667
[0, 3, 2, 0, 2]
94.6666666667
[2, 4, 2, 2, 4]
90.6666666667
[2, 4, 2, 2, 4]
96.0
[3, 2, 3, 3, 3]
92.0
[2, 3, 0, 3, 0]
86.6666666667
[3, 2, 0, 3, 0]
94.6666666667
[3, 0, 2, 0, 1]
94.6666666667
[0, 3, 0, 0, 2]
93.3333333333
[3, 2, 0, 2, 3]
85.3333333333
[0, 3, 2, 3, 3]
86.6666666667
[3, 0, 2, 3, 3]
98.6666666667
[3, 0, 3, 3, 4]
90.6666666667
[2, 0, 0, 2, 4]
92.0
[3, 0, 2, 3, 3]
94.6666666667
[3, 0, 0, 0, 3]
80.0
[0, 2, 3, 2, 2]
94.6666666667
[3, 2, 0, 3, 3]
80.0
[0, 2, 0, 2, 3]
97.3333333333
[3, 0, 0, 0, 2]
77.3333333333
[0, 0, 4, 0, 4]
86.6666666667
[3, 3, 2, 3, 2]
88.0
[0, 2, 3, 2, 2]
97.3333333333
[3, 0, 0, 0, 0]
90.6666666667
[3, 0, 3, 0, 2]
92.0
[0, 3, 2, 0, 2]
88.0
[2, 0, 0, 0, 3]
93.3333333333
[0, 2, 2, 0, 0]
88.0
[3, 3, 0, 0, 3]
89.3333333333
[3, 2, 0, 2, 2]
93.3333333333
[3, 0, 0, 2, 2]
90.6666666667
[0, 3, 0, 0, 1]
85.3333333333
[0, 2, 2, 0, 3]
94.6666666667
[2, 3, 2, 2, 3]
97.3333333333
[0, 3, 0, 3, 0]
93.3333333333
[0, 0, 0, 3, 0]
97.3333333333
[0, 2, 0, 0, 1]
92.0
[2, 0, 3, 0, 0]
89.3333333333
[3, 0, 0, 3, 0]
94.6666666667
[3, 0, 3, 3, 2]
90.6666666667
[0, 4, 0, 4, 3]
94.6666666667
[0, 0, 0, 3, 0]
93.3333333333
[2, 3, 0, 2, 2]
77.3333333333
[0, 2, 2, 0, 3]
94.6666666667
[2, 3, 0, 1, 3]
89.3333333333
[2, 0, 0, 2, 4]
82.6666666667
[3, 0, 3, 0, 3]
86.6666666667
[0, 0, 0, 2, 3]
93.3333333333
[2, 0, 0, 4, 2]
93.3333333333
[0, 0, 2, 0, 1]
90.6666666667
[3, 0, 4, 0, 3]
89.3333333333
[2, 0, 3, 2, 4]
98.6666666667
[0, 0, 0, 0, 0]
93.3333333333
[3, 3, 3, 4, 0]
93.3333333333
[3, 0, 0, 0, 0]
85.3333333333
[0, 3, 0, 3, 3]
97.3333333333
[0, 0, 2, 3, 0]
89.3333333333
[3, 0, 0, 0]
89.3333333333
[0, 3, 2, 2, 2]
89.3333333333
[3, 0, 2, 0, 0]
94.6666666667
[2, 2, 0, 0, 2]
88.0
[0, 0, 0, 0, 2]
88.0
[0, 3, 0, 1, 3]
98.6666666667
[0, 3, 3, 0, 0]
92.0
[3, 2, 0, 2, 3]
92.0
[2, 0, 2, 1, 3]
97.3333333333
[3, 2, 0, 2, 3]
93.3333333333
[0, 3, 3, 3]
78.6666666667
[0, 0, 0, 3, 2]
88.0
[0, 0, 0, 1]
97.3333333333
[0, 0, 3, 2, 1]
98.6666666667
[3, 2, 0, 3, 0]
92.0
[3, 0, 0, 0, 0]
77.3333333333
[3, 3, 3, 3, 0]
96.0
[0, 0, 0, 2, 0]
98.6666666667
[3, 0, 3, 0, 4]
89.3333333333
[2, 3, 3, 2, 2]
93.3333333333
[3, 0, 2, 0, 3]
96.0
[3, 3, 0, 0, 0]
94.6666666667
[0, 3, 0, 3, 4]
90.6666666667
[0, 0, 3, 0, 4]
93.3333333333
[2, 0, 2, 2, 4]
96.0
[3, 0, 4, 3, 1]
82.6666666667
[3, 0, 0, 0, 0]
94.6666666667
[3, 2, 0, 3, 0]
93.3333333333
[3, 0, 3, 3, 0]
92.0
[0, 3, 2, 0, 2]
100.0
[0, 2, 0, 3, 3]
81.3333333333
[3, 0, 0, 2, 3]
85.3333333333
[0, 3, 0, 0, 0]
89.3333333333
[0, 0, 0, 0, 0]
100.0
[0, 2, 0, 0, 3]
92.0
[3, 2, 3, 0, 0]
89.3333333333
[2, 0, 0, 2, 4]
96.0
[3, 0, 0, 3, 0]
92.0
[0, 3, 0, 0, 2]
86.6666666667
[0, 3, 0, 0, 2]
94.6666666667
[3, 3, 4, 2, 3]
82.6666666667
[3, 2, 0, 0, 2]
97.3333333333
[0, 3, 0, 3, 3]
81.3333333333
[3, 2, 0, 0, 1]
88.0
[0, 0, 0, 0, 2]
96.0
[3, 3, 2, 3, 0]
86.6666666667
[3, 2, 2, 3, 3]
93.3333333333
[2, 4, 2, 2, 4]
97.3333333333
[0, 0, 3, 2, 3]
100.0
[0, 2, 0, 0, 0]
94.6666666667
[3, 2, 3, 1, 3]
89.3333333333
[3, 0, 3, 2, 0]
86.6666666667
[0, 0, 0, 0, 0]
77.3333333333
[0, 3, 0, 0, 0]
94.6666666667
[0, 2, 3, 0, 2]
98.6666666667
[3, 3, 3, 3, 4]
77.3333333333
[3, 2, 3, 0, 2]
88.0
[3, 3, 0, 0, 0]
100.0
[0, 3, 3, 3, 0]
93.3333333333
[0, 0, 0, 0, 0]
78.6666666667
[0, 2, 2, 4, 0]
92.0
[0, 2, 0, 0, 2]
96.0
[3, 0, 0, 0, 0]
93.3333333333
[0, 0, 2, 3, 4]
82.6666666667
[0, 2, 0, 2, 0]
90.6666666667
[3, 3, 0, 2, 0]
92.0
[2, 2, 4, 0, 4]
98.6666666667
[3, 3, 0, 1, 0]
93.3333333333
[3, 0, 0, 3, 3]
100.0
[0, 0, 3, 0, 4]
90.6666666667
[0, 4, 4, 0, 0]
92.0
[0, 0, 2, 1, 3]
97.3333333333
[2, 2, 4, 1, 2]
88.0
[3, 3, 1, 3, 2]
94.6666666667
[3, 2, 2, 0, 0]
96.0
[2, 0, 0, 1, 1]
80.0
[3, 0, 0, 0, 0]
100.0
[0, 0, 3, 0, 0]
89.3333333333
[0, 4, 4, 0, 2]
89.3333333333
[3, 3, 2, 0, 0]
90.6666666667
[4, 3, 0, 0, 3]
90.6666666667
[0, 0, 0, 2, 4]
88.0
[0, 0, 0, 2, 0]
93.3333333333
[3, 0, 3, 3, 0]
88.0
[3, 0, 3, 0, 0]
81.3333333333
[0, 0, 0, 0, 3]
89.3333333333
[0, 0, 3, 2, 2]
84.0
[0, 0, 4, 2, 4]
78.6666666667
[2, 3, 2, 3, 0]
93.3333333333
[0, 0, 2, 0, 4]
90.6666666667
[2, 0, 4, 0, 0]
94.6666666667
[0, 2, 0, 1, 4]
92.0
[2, 3, 2, 0, 0]
96.0
[0, 3, 0, 0, 4]
86.6666666667
[0, 2, 3, 0, 4]
100.0
[3, 0, 3, 2, 0]
97.3333333333
[0, 3, 3, 1, 4]
89.3333333333
[0, 2, 0, 0, 0]
89.3333333333
[0, 3, 3, 0, 3]
97.3333333333
[3, 4, 2, 3, 3]
86.6666666667
[0, 4, 3, 0, 4]
90.6666666667
[0, 3, 0, 0, 3]
89.3333333333
[3, 0, 3, 2, 4]
86.6666666667
[3, 3, 3, 3, 0]
92.0
[0, 3, 3, 0, 2]
86.6666666667
[3, 0, 3, 0, 0]
90.6666666667
[0, 3, 3, 0, 0]
97.3333333333
[2, 2, 0, 0, 0]
93.3333333333
[2, 2, 0, 0, 4]
88.0
[0, 0, 3, 1, 0]
81.3333333333
[2, 0, 4, 3, 1]
89.3333333333
[0, 2, 2, 0, 1]
86.6666666667
[0, 0, 0, 0, 0]
94.6666666667
[3, 0, 2, 3, 0]
93.3333333333
[0, 0, 0, 3, 4]
96.0
[0, 0, 2, 2, 0]
96.0
[0, 0, 0, 0, 2]
88.0
[0, 2, 2, 0, 0]
97.3333333333
[2, 0, 0, 0, 0]
96.0
[2, 2, 3, 1, 2]
90.6666666667
[2, 0, 3, 2, 2]
93.3333333333
[0, 2, 2, 0, 0]
90.6666666667
[2, 0, 0, 0, 3]
98.6666666667
[3, 0, 0, 2, 0]
76.0
[0, 0, 0, 0, 2]
100.0
[0, 3, 3, 0, 2]
94.6666666667
[0, 4, 2, 2, 4]
97.3333333333
[0, 4, 0, 3, 0]
88.0
[0, 0, 3, 3, 3]
98.6666666667
[0, 0, 0, 4, 0]
93.3333333333
[3, 2, 3, 0, 2]
97.3333333333
[2, 0, 4, 0, 0]
94.6666666667
[0, 0, 2, 0, 2]
88.0
[3, 4, 0, 0, 2]
90.6666666667
[0, 2, 3, 0, 0]
93.3333333333
[3, 2, 0, 3, 0]
97.3333333333
[0, 0, 0, 0, 3]
97.3333333333
[0, 2, 3, 3, 0]
96.0
[2, 0, 3, 2, 0]
85.3333333333
[2, 0, 0, 3, 2]
96.0
[2, 0, 3, 3, 2]
90.6666666667
[0, 0, 0, 2, 0]
86.6666666667
[2, 3, 4, 1, 2]
92.0
[2, 0, 4, 4, 0]
73.3333333333
[0, 0, 0, 2, 0]
86.6666666667
[0, 0, 0, 0, 4]
85.3333333333
[0, 2, 3, 0, 3]
84.0
[0, 3, 0, 0, 3]
94.6666666667
[3, 0, 0, 0, 4]
86.6666666667
[3, 0, 3, 4, 0]
96.0
[2, 2, 0, 2, 0]
76.0
[0, 3, 0, 2, 0]
93.3333333333
[3, 0, 0, 0, 4]
98.6666666667
[2, 3, 0, 3, 3]
92.0
[2, 0, 0, 2, 3]
94.6666666667
[0, 0, 0, 0, 3]
92.0
[3, 0, 0, 0, 0]
97.3333333333
[0, 0, 0, 3, 0]
93.3333333333
[0, 2, 3, 0, 3]
92.0
[3, 0, 2, 2, 4]
84.0
[3, 2, 0, 3, 0]
98.6666666667
[0, 2, 0, 0, 4]
97.3333333333
[3, 0, 0, 0, 0]
98.6666666667
[0, 3, 3, 0, 3]
98.6666666667
[3, 3, 3, 2, 4]
97.3333333333
[3, 3, 3, 0, 4]
88.0
[0, 2, 0, 0, 2]
97.3333333333
[3, 0, 0, 2, 0]
98.6666666667
[3, 0, 3, 0, 0]
80.0
[0, 3, 2, 0, 2]
98.6666666667
[0, 0, 0, 0, 3]
92.0
[3, 0, 3, 3]
96.0
[2, 2, 2, 3, 4]
93.3333333333
[2, 0, 4, 0, 4]
100.0
[2, 2, 0, 3, 4]
97.3333333333
[3, 0, 3, 2, 0]
80.0
[0, 2, 0, 4, 4]
97.3333333333
[0, 3, 3, 3, 0]
96.0
[2, 0, 0, 0, 3]
94.6666666667
[0, 0, 3, 0, 3]
98.6666666667
[0, 3, 3, 4, 3]
88.0
[0, 0, 0, 2, 4]
98.6666666667
[3, 0, 3, 2, 3]
86.6666666667
[0, 3, 0, 2, 0]
90.6666666667
[0, 3, 0, 2, 4]
90.6666666667
[2, 0, 3, 0, 0]
76.0
[2, 3, 3, 3, 3]
88.0
[2, 0, 2, 0, 2]
92.0
[0, 3, 0, 0, 3]
93.3333333333
[0, 0, 0, 0, 0]
94.6666666667
[0, 0, 0, 0, 0]
93.3333333333
[2, 0, 3, 0, 0]
88.0
[0, 3, 3, 4, 0]
90.6666666667
[3, 2, 3, 0, 1]
98.6666666667
[0, 0, 0, 2, 0]
90.6666666667
[3, 0, 0, 0, 0]
97.3333333333
[2, 3, 3, 0, 1]
86.6666666667
[2, 0, 4, 2, 0]
94.6666666667
[3, 0, 2, 2, 3]
85.3333333333
[0, 0, 0, 3, 2]
96.0
[0, 0, 3, 3, 0]
97.3333333333
[3, 0, 2, 3, 0]
81.3333333333
[3, 3, 3, 4, 0]
84.0
[0, 0, 0, 3, 0]
88.0
[0, 2, 0, 0, 2]
92.0
[0, 3, 0, 3, 0]
97.3333333333
[3, 2, 0, 0, 4]
86.6666666667
[3, 2, 2, 4, 4]
84.0
[0, 0, 0, 3, 0]
80.0
[3, 0, 0, 0, 4]
86.6666666667
[0, 3, 2, 0, 0]
96.0
[3, 2, 4, 4, 1]
81.3333333333
[0, 0, 0, 0, 0]
88.0
[3, 0, 0, 2, 2]
90.6666666667
[3, 0, 0, 2, 0]
90.6666666667
[0, 0, 3, 1, 2]
100.0
[0, 2, 1, 0, 3]
88.0
[2, 3, 3, 0, 0]
78.6666666667
[3, 0, 3, 3, 1]
92.0
[2, 0, 2, 2, 0]
80.0
[3, 0, 3, 4, 0]
84.0
[3, 0, 0, 3, 0]
92.0
[3, 2, 0, 3, 1]
85.3333333333
[3, 2, 0, 0, 2]
88.0
[0, 0, 2, 3, 2]
90.6666666667
[3, 2, 0, 0, 2]
82.6666666667
[0, 3, 3, 0, 3]
80.0
[0, 2, 2, 0, 0]
98.6666666667
[0, 2, 0, 2, 0]
97.3333333333
[2, 2, 2, 3, 2]
97.3333333333
[0, 0, 0, 2, 0]
88.0
[3, 3, 3, 0, 3]
76.0
[3, 0, 3, 3]
86.6666666667
[0, 2, 0, 0, 0]
92.0
[0, 2, 0, 0, 0]
98.6666666667
[0, 0, 0, 4, 4]
93.3333333333
[3, 0, 0, 0, 0]
81.3333333333
[3, 0, 3, 0, 0]
93.3333333333
[3, 0, 3, 0, 3]
96.0
[3, 3, 3, 2, 3]
72.0
[0, 0, 0, 2, 4]
85.3333333333
[2, 2, 2, 2, 2]
82.6666666667
[0, 0, 0, 0, 3]
96.0
[0, 0, 0, 0, 3]
100.0
[0, 4, 3, 0, 4]
90.6666666667
[2, 0, 0, 0, 2]
90.6666666667
[0, 0, 3, 4, 3]
94.6666666667
[3, 3, 2, 0, 0]
96.0
[0, 0, 0, 0, 4]
84.0
[0, 2, 3, 0, 4]
81.3333333333
[3, 2, 0, 3, 3]
85.3333333333
[2, 2, 0, 2, 2]
84.0
[0, 0, 0, 0, 2]
93.3333333333
[0, 0, 0, 0, 0]
94.6666666667
[2, 2, 1, 2, 1]
88.0
[0, 0, 0, 4, 2]
92.0
[3, 3, 0, 3, 0]
93.3333333333
[2, 2, 0, 0, 0]
98.6666666667
[0, 0, 0, 0, 2]
94.6666666667
[0, 0, 0, 4, 0]
92.0
[3, 0, 2, 2, 4]
92.0
[0, 3, 0, 0, 4]
86.6666666667
[0, 2, 2, 0, 2]
100.0
[0, 0, 3, 0, 4]
92.0
[0, 0, 3, 3, 4]
94.6666666667
[3, 0, 0, 3, 2]
97.3333333333
[3, 0, 0, 2, 0]
92.0
[0, 4, 0, 4, 3]
98.6666666667
[3, 0, 0, 0, 0]
90.6666666667
[0, 0, 4, 0, 0]
94.6666666667
[0, 0, 0, 0, 1]
96.0
[0, 3, 2, 1, 3]
92.0
[3, 0, 0, 2, 0]
90.6666666667
[3, 0, 0, 0, 1]
81.3333333333
[0, 3, 2, 0, 3]
100.0
[0, 2, 0, 2, 0]
89.3333333333
[3, 0, 0, 0, 4]
85.3333333333
[3, 3, 0, 3, 3]
94.6666666667
[2, 0, 0, 0, 0]
93.3333333333
[3, 0, 3, 0, 2]
81.3333333333
[0, 3, 4, 4, 0]
80.0
[0, 0, 0, 0, 0]
88.0
[3, 0, 3, 3, 3]
92.0
[2, 0, 0, 3, 0]
88.0
[0, 2, 3, 2, 0]
90.6666666667
[0, 3, 0, 3, 3]
94.6666666667
[3, 0, 3, 0, 0]
96.0
[3, 0, 0, 3, 3]
93.3333333333
[3, 0, 2, 1, 4]
96.0
[3, 0, 0, 1, 4]
85.3333333333
[0, 3, 2, 3, 0]
90.6666666667
[3, 0, 0, 0, 2]
89.3333333333
[2, 0, 0, 0, 0]
97.3333333333
[0, 3, 0, 1, 2]
92.0
[2, 0, 2, 0, 0]
84.0
[3, 2, 0, 4, 3]
89.3333333333
[2, 0, 4, 2, 2]
90.6666666667
[2, 0, 2, 0, 0]
70.6666666667
[3, 0, 0, 0, 3]
100.0
[0, 2, 0, 0, 0]
94.6666666667
[3, 0, 0, 0, 3]
100.0
[3, 3, 0, 0, 0]
86.6666666667
[0, 2, 3, 0, 2]
84.0
[2, 0, 0, 2, 3]
90.6666666667
[3, 0, 2, 0, 0]
94.6666666667
[0, 2, 0, 2, 0]
89.3333333333
[2, 2, 2, 0, 2]
88.0
[3, 2, 3, 0, 0]
81.3333333333
[0, 0, 3, 2, 0]
94.6666666667
[0, 0, 2, 2, 1]
90.6666666667
[0, 3, 0, 3, 3]
76.0
[0, 3, 3, 0, 0]
94.6666666667
[3, 3, 0, 3, 1]
88.0
[3, 0, 4, 3, 2]
96.0
[3, 2, 3, 2, 3]
89.3333333333
[0, 0, 3, 3, 2]
77.3333333333
[0, 3, 3, 0, 0]
97.3333333333
[3, 2, 3, 3]
89.3333333333
[3, 3, 0, 3, 0]
97.3333333333
[2, 0, 2, 1, 2]
80.0
[3, 0, 4, 0, 0]
85.3333333333
[0, 3, 0, 3, 1]
97.3333333333
[2, 0, 0, 2, 0]
92.0
[0, 3, 0, 2, 0]
100.0
[3, 0, 0, 0, 3]
90.6666666667
[3, 0, 2, 3, 0]
96.0
[0, 0, 0, 0, 0]
92.0
[0, 0, 0, 3, 2]
96.0
[3, 0, 0, 3, 2]
90.6666666667
[2, 0, 2, 2, 2]
80.0
[3, 0, 0, 0, 3]
98.6666666667
[2, 0, 0, 2, 0]
100.0
[0, 0, 2, 2, 0]
92.0
[3, 3, 0, 0, 0]
94.6666666667
[0, 3, 2, 0, 2]
94.6666666667
[3, 0, 3, 0, 0]
94.6666666667
[3, 0, 0, 0, 3]
98.6666666667
[0, 0, 0, 0, 3]
86.6666666667
[3, 0, 2, 3, 0]
81.3333333333
[3, 0, 0, 2, 1]
90.6666666667
[0, 3, 0, 3, 3]
82.6666666667
[3, 0, 0, 2, 0]
98.6666666667
[0, 0, 1, 0, 0]
81.3333333333
[3, 3, 0, 2, 2]
81.3333333333
[0, 3, 0, 3, 3]
100.0
[0, 0, 0, 2, 0]
90.6666666667
[0, 2, 3, 2, 0]
93.3333333333
[2, 0, 2, 3, 0]
84.0
[3, 0, 3, 2, 4]
82.6666666667
[0, 2, 0, 2, 0]
93.3333333333
[0, 0, 2, 0, 3]
94.6666666667
[0, 2, 3, 2, 0]
76.0
[0, 3, 2, 3, 2]
93.3333333333
[3, 2, 0, 1, 1]
97.3333333333
[3, 0, 3, 4, 4]
89.3333333333
[2, 0, 3, 3, 0]
86.6666666667
[3, 0, 4, 3, 4]
97.3333333333
[3, 0, 2, 3, 2]
89.3333333333
[2, 2, 2, 3, 0]
93.3333333333
[0, 3, 4, 2, 1]
94.6666666667
[3, 0, 3, 4, 3]
97.3333333333
[3, 3, 3, 0, 3]
86.6666666667
[0, 0, 0, 0, 4]
85.3333333333
[2, 3, 4, 2, 4]
96.0
[0, 0, 0, 3, 4]
97.3333333333
[0, 3, 0, 3, 3]
96.0
[2, 0, 3, 0, 4]
93.3333333333
[0, 2, 0, 0, 2]
89.3333333333
[3, 3, 3, 0, 0]
89.3333333333
[0, 4, 3, 0, 1]
85.3333333333
[0, 0, 0, 2, 0]
92.0
[3, 2, 3, 2, 1]
86.6666666667
[0, 3, 3, 0, 2]
96.0
[0, 2, 0, 3, 4]
96.0
[3, 0, 3, 0, 2]
96.0
[3, 0, 3, 0, 0]
80.0
[2, 0, 0, 0, 4]
97.3333333333
[3, 0, 0, 0, 3]
81.3333333333
[2, 2, 0, 0, 0]
94.6666666667
[3, 0, 4, 2, 4]
93.3333333333
[2, 3, 2, 4, 2]
86.6666666667
[0, 3, 3, 2, 4]
97.3333333333
[3, 0, 0, 3, 0]
90.6666666667
[2, 0, 2, 3, 4]
86.6666666667
[0, 0, 0, 3, 0]
97.3333333333
[0, 0, 2, 0, 0]
98.6666666667
[0, 3, 0, 3, 3]
96.0
[3, 0, 3, 0, 3]
96.0
[3, 0, 3, 0, 0]
97.3333333333
[0, 0, 0, 0, 0]
100.0
[0, 3, 3, 0, 2]
90.6666666667
[3, 0, 0, 0, 0]
92.0
[3, 0, 3, 0, 3]
89.3333333333
[3, 0, 0, 0, 3]
97.3333333333
[0, 3, 0, 0, 3]
100.0
[3, 2, 0, 3, 0]
94.6666666667
[3, 2, 2, 3, 0]
92.0
[3, 2, 2, 0, 2]
76.0
[2, 0, 1, 2, 0]
92.0
[2, 0, 0, 2, 0]
92.0
[3, 3, 2, 3, 0]
97.3333333333
[0, 0, 0, 2, 1]
86.6666666667
[0, 0, 0, 0, 0]
97.3333333333
[3, 0, 0, 0, 3]
85.3333333333
[0, 3, 0, 0, 3]
93.3333333333
[3, 0, 3, 3, 4]
94.6666666667
[0, 0, 2, 0, 3]
96.0
[2, 3, 0, 4, 0]
92.0
[2, 0, 0, 0, 4]
85.3333333333
[3, 2, 3, 3, 2]
77.3333333333
[3, 0, 2, 2, 0]
96.0
[3, 0, 3, 3, 0]
96.0
[0, 0, 0, 2, 0]
97.3333333333
[3, 0, 4, 0, 3]
97.3333333333
[0, 0, 3, 0, 2]
93.3333333333
[0, 3, 0, 0, 2]
88.0
[3, 0, 0, 0, 1]
90.6666666667
[2, 0, 0, 2, 2]
82.6666666667
[3, 3, 0, 3, 3]
88.0
[0, 0, 0, 0, 0]
81.3333333333
[0, 3, 0, 2, 0]
94.6666666667
[0, 3, 0, 3, 0]
94.6666666667
[3, 0, 0, 0, 0]
86.6666666667
[2, 0, 0, 0, 2]
96.0
[0, 0, 3, 0, 0]
93.3333333333
[3, 0, 0, 3, 0]
81.3333333333
[0, 0, 2, 0, 0]
90.6666666667
[3, 2, 0, 3, 0]
85.3333333333
[3, 3, 0, 0, 0]
100.0
[3, 2, 3, 2, 4]
93.3333333333
[3, 0, 0, 0, 0]
97.3333333333
[0, 0, 0, 0, 3]
92.0
[3, 0, 0, 0, 4]
93.3333333333
[3, 2, 3, 3, 2]
88.0
[3, 0, 3, 3, 0]
80.0
[0, 0, 3, 0, 0]
97.3333333333
[0, 0, 0, 3, 3]
97.3333333333
[3, 0, 3, 2, 0]
80.0
[0, 2, 3, 0, 0]
94.6666666667
[2, 0, 0, 3, 0]
93.3333333333
600 Test Acc = 91.21% +- 0.48%
